{"/Users/azlam/projects/flxbl-io/sfpowerscripts/packages/sfpowerscripts-cli/src/ProjectValidation.ts": {"path":"/Users/azlam/projects/flxbl-io/sfpowerscripts/packages/sfpowerscripts-cli/src/ProjectValidation.ts","statementMap":{"0":{"start":{"line":1,"column":0},"end":{"line":1,"column":null}},"1":{"start":{"line":2,"column":0},"end":{"line":2,"column":null}},"2":{"start":{"line":3,"column":0},"end":{"line":3,"column":null}},"3":{"start":{"line":4,"column":0},"end":{"line":4,"column":null}},"4":{"start":{"line":5,"column":0},"end":{"line":5,"column":null}},"5":{"start":{"line":6,"column":0},"end":{"line":6,"column":null}},"6":{"start":{"line":14,"column":8},"end":{"line":14,"column":null}},"7":{"start":{"line":15,"column":8},"end":{"line":15,"column":null}},"8":{"start":{"line":16,"column":8},"end":{"line":16,"column":null}},"9":{"start":{"line":20,"column":21},"end":{"line":20,"column":117}},"10":{"start":{"line":21,"column":24},"end":{"line":21,"column":48}},"11":{"start":{"line":22,"column":28},"end":{"line":22,"column":57}},"12":{"start":{"line":24,"column":35},"end":{"line":24,"column":104}},"13":{"start":{"line":26,"column":12},"end":{"line":32,"column":null}},"14":{"start":{"line":27,"column":16},"end":{"line":31,"column":null}},"15":{"start":{"line":35,"column":10},"end":{"line":35,"column":null}},"16":{"start":{"line":36,"column":10},"end":{"line":36,"column":null}},"17":{"start":{"line":41,"column":8},"end":{"line":58,"column":null}},"18":{"start":{"line":42,"column":23},"end":{"line":42,"column":34}},"19":{"start":{"line":44,"column":16},"end":{"line":49,"column":null}},"20":{"start":{"line":51,"column":16},"end":{"line":56,"column":null}},"21":{"start":{"line":63,"column":8},"end":{"line":85,"column":null}},"22":{"start":{"line":64,"column":30},"end":{"line":64,"column":91}},"23":{"start":{"line":66,"column":34},"end":{"line":66,"column":50}},"24":{"start":{"line":71,"column":16},"end":{"line":83,"column":null}},"25":{"start":{"line":8,"column":0},"end":{"line":8,"column":21}}},"fnMap":{"0":{"name":"(anonymous_7)","decl":{"start":{"line":13,"column":4},"end":{"line":13,"column":null}},"loc":{"start":{"line":13,"column":4},"end":{"line":17,"column":null}}},"1":{"name":"(anonymous_8)","decl":{"start":{"line":19,"column":11},"end":{"line":19,"column":34}},"loc":{"start":{"line":19,"column":34},"end":{"line":38,"column":null}}},"2":{"name":"(anonymous_9)","decl":{"start":{"line":26,"column":37},"end":{"line":26,"column":38}},"loc":{"start":{"line":26,"column":57},"end":{"line":32,"column":13}}},"3":{"name":"(anonymous_10)","decl":{"start":{"line":40,"column":11},"end":{"line":40,"column":31}},"loc":{"start":{"line":40,"column":31},"end":{"line":59,"column":null}}},"4":{"name":"(anonymous_11)","decl":{"start":{"line":41,"column":86},"end":{"line":41,"column":89}},"loc":{"start":{"line":41,"column":93},"end":{"line":58,"column":9}}},"5":{"name":"(anonymous_12)","decl":{"start":{"line":62,"column":11},"end":{"line":62,"column":38}},"loc":{"start":{"line":62,"column":38},"end":{"line":86,"column":null}}},"6":{"name":"(anonymous_13)","decl":{"start":{"line":63,"column":86},"end":{"line":63,"column":89}},"loc":{"start":{"line":63,"column":93},"end":{"line":85,"column":9}}}},"branchMap":{"0":{"loc":{"start":{"line":68,"column":16},"end":{"line":69,"column":88}},"type":"binary-expr","locations":[{"start":{"line":68,"column":16},"end":{"line":68,"column":48}},{"start":{"line":69,"column":17},"end":{"line":69,"column":51}},{"start":{"line":69,"column":55},"end":{"line":69,"column":87}}]}},"s":{"0":1,"1":1,"2":1,"3":1,"4":1,"5":1,"6":8,"7":8,"8":8,"9":4,"10":4,"11":4,"12":1,"13":1,"14":7,"15":1,"16":1,"17":2,"18":4,"19":1,"20":1,"21":2,"22":4,"23":4,"24":1,"25":1},"f":{"0":8,"1":4,"2":7,"3":2,"4":4,"5":2,"6":4},"b":{"0":[4,2,1]}}
,"/Users/azlam/projects/flxbl-io/sfpowerscripts/packages/sfpowerscripts-cli/src/core/apex/ApexClassFetcher.ts": {"path":"/Users/azlam/projects/flxbl-io/sfpowerscripts/packages/sfpowerscripts-cli/src/core/apex/ApexClassFetcher.ts","statementMap":{"0":{"start":{"line":2,"column":0},"end":{"line":2,"column":null}},"1":{"start":{"line":3,"column":0},"end":{"line":3,"column":null}},"2":{"start":{"line":6,"column":24},"end":{"line":6,"column":40}},"3":{"start":{"line":15,"column":51},"end":{"line":15,"column":53}},"4":{"start":{"line":17,"column":23},"end":{"line":17,"column":50}},"5":{"start":{"line":19,"column":35},"end":{"line":19,"column":76}},"6":{"start":{"line":19,"column":53},"end":{"line":19,"column":64}},"7":{"start":{"line":20,"column":26},"end":{"line":20,"column":92}},"8":{"start":{"line":22,"column":28},"end":{"line":22,"column":106}},"9":{"start":{"line":23,"column":12},"end":{"line":23,"column":null}},"10":{"start":{"line":26,"column":8},"end":{"line":26,"column":null}},"11":{"start":{"line":5,"column":0},"end":{"line":5,"column":21}}},"fnMap":{"0":{"name":"(anonymous_1)","decl":{"start":{"line":6,"column":4},"end":{"line":6,"column":24}},"loc":{"start":{"line":6,"column":40},"end":{"line":6,"column":null}}},"1":{"name":"(anonymous_2)","decl":{"start":{"line":14,"column":11},"end":{"line":14,"column":17}},"loc":{"start":{"line":14,"column":58},"end":{"line":27,"column":null}}},"2":{"name":"(anonymous_3)","decl":{"start":{"line":19,"column":45},"end":{"line":19,"column":49}},"loc":{"start":{"line":19,"column":53},"end":{"line":19,"column":64}}}},"branchMap":{},"s":{"0":1,"1":1,"2":1,"3":0,"4":0,"5":0,"6":0,"7":0,"8":0,"9":0,"10":0,"11":1},"f":{"0":1,"1":0,"2":0},"b":{}}
,"/Users/azlam/projects/flxbl-io/sfpowerscripts/packages/sfpowerscripts-cli/src/core/apex/ApexTriggerFetcher.ts": {"path":"/Users/azlam/projects/flxbl-io/sfpowerscripts/packages/sfpowerscripts-cli/src/core/apex/ApexTriggerFetcher.ts","statementMap":{"0":{"start":{"line":2,"column":0},"end":{"line":2,"column":null}},"1":{"start":{"line":3,"column":0},"end":{"line":3,"column":null}},"2":{"start":{"line":6,"column":24},"end":{"line":6,"column":40}},"3":{"start":{"line":15,"column":51},"end":{"line":15,"column":53}},"4":{"start":{"line":17,"column":23},"end":{"line":17,"column":52}},"5":{"start":{"line":19,"column":35},"end":{"line":19,"column":76}},"6":{"start":{"line":19,"column":53},"end":{"line":19,"column":64}},"7":{"start":{"line":20,"column":26},"end":{"line":20,"column":94}},"8":{"start":{"line":22,"column":28},"end":{"line":22,"column":106}},"9":{"start":{"line":23,"column":12},"end":{"line":23,"column":null}},"10":{"start":{"line":26,"column":8},"end":{"line":26,"column":null}},"11":{"start":{"line":5,"column":0},"end":{"line":5,"column":21}}},"fnMap":{"0":{"name":"(anonymous_1)","decl":{"start":{"line":6,"column":4},"end":{"line":6,"column":24}},"loc":{"start":{"line":6,"column":40},"end":{"line":6,"column":null}}},"1":{"name":"(anonymous_2)","decl":{"start":{"line":14,"column":11},"end":{"line":14,"column":17}},"loc":{"start":{"line":14,"column":62},"end":{"line":27,"column":null}}},"2":{"name":"(anonymous_3)","decl":{"start":{"line":19,"column":45},"end":{"line":19,"column":49}},"loc":{"start":{"line":19,"column":53},"end":{"line":19,"column":64}}}},"branchMap":{},"s":{"0":1,"1":1,"2":1,"3":0,"4":0,"5":0,"6":0,"7":0,"8":0,"9":0,"10":0,"11":1},"f":{"0":1,"1":0,"2":0},"b":{}}
,"/Users/azlam/projects/flxbl-io/sfpowerscripts/packages/sfpowerscripts-cli/src/core/apex/coverage/ApexCodeCoverageAggregateFetcher.ts": {"path":"/Users/azlam/projects/flxbl-io/sfpowerscripts/packages/sfpowerscripts-cli/src/core/apex/coverage/ApexCodeCoverageAggregateFetcher.ts","statementMap":{"0":{"start":{"line":2,"column":0},"end":{"line":2,"column":null}},"1":{"start":{"line":3,"column":0},"end":{"line":3,"column":null}},"2":{"start":{"line":6,"column":24},"end":{"line":6,"column":40}},"3":{"start":{"line":24,"column":14},"end":{"line":24,"column":16}},"4":{"start":{"line":26,"column":23},"end":{"line":26,"column":66}},"5":{"start":{"line":28,"column":35},"end":{"line":28,"column":76}},"6":{"start":{"line":28,"column":53},"end":{"line":28,"column":64}},"7":{"start":{"line":29,"column":24},"end":{"line":29,"column":180}},"8":{"start":{"line":31,"column":28},"end":{"line":36,"column":38}},"9":{"start":{"line":37,"column":12},"end":{"line":37,"column":null}},"10":{"start":{"line":40,"column":8},"end":{"line":40,"column":null}},"11":{"start":{"line":5,"column":0},"end":{"line":5,"column":21}}},"fnMap":{"0":{"name":"(anonymous_1)","decl":{"start":{"line":6,"column":4},"end":{"line":6,"column":24}},"loc":{"start":{"line":6,"column":40},"end":{"line":6,"column":null}}},"1":{"name":"(anonymous_2)","decl":{"start":{"line":13,"column":11},"end":{"line":13,"column":17}},"loc":{"start":{"line":13,"column":67},"end":{"line":41,"column":null}}},"2":{"name":"(anonymous_3)","decl":{"start":{"line":28,"column":45},"end":{"line":28,"column":49}},"loc":{"start":{"line":28,"column":53},"end":{"line":28,"column":64}}}},"branchMap":{},"s":{"0":1,"1":1,"2":1,"3":0,"4":0,"5":0,"6":0,"7":0,"8":0,"9":0,"10":0,"11":1},"f":{"0":1,"1":0,"2":0},"b":{}}
,"/Users/azlam/projects/flxbl-io/sfpowerscripts/packages/sfpowerscripts-cli/src/core/apex/coverage/IndividualClassCoverage.ts": {"path":"/Users/azlam/projects/flxbl-io/sfpowerscripts/packages/sfpowerscripts-cli/src/core/apex/coverage/IndividualClassCoverage.ts","statementMap":{"0":{"start":{"line":1,"column":0},"end":{"line":1,"column":null}},"1":{"start":{"line":4,"column":31},"end":{"line":4,"column":48}},"2":{"start":{"line":4,"column":58},"end":{"line":4,"column":72}},"3":{"start":{"line":10,"column":14},"end":{"line":10,"column":16}},"4":{"start":{"line":13,"column":8},"end":{"line":15,"column":null}},"5":{"start":{"line":14,"column":12},"end":{"line":14,"column":null}},"6":{"start":{"line":18,"column":8},"end":{"line":21,"column":null}},"7":{"start":{"line":19,"column":8},"end":{"line":21,"column":null}},"8":{"start":{"line":20,"column":13},"end":{"line":20,"column":null}},"9":{"start":{"line":24,"column":8},"end":{"line":24,"column":null}},"10":{"start":{"line":37,"column":12},"end":{"line":37,"column":null}},"11":{"start":{"line":38,"column":12},"end":{"line":38,"column":null}},"12":{"start":{"line":41,"column":8},"end":{"line":45,"column":null}},"13":{"start":{"line":46,"column":41},"end":{"line":48,"column":10}},"14":{"start":{"line":47,"column":12},"end":{"line":47,"column":null}},"15":{"start":{"line":50,"column":8},"end":{"line":62,"column":null}},"16":{"start":{"line":51,"column":12},"end":{"line":56,"column":null}},"17":{"start":{"line":58,"column":12},"end":{"line":62,"column":null}},"18":{"start":{"line":3,"column":0},"end":{"line":3,"column":21}}},"fnMap":{"0":{"name":"(anonymous_6)","decl":{"start":{"line":4,"column":4},"end":{"line":4,"column":31}},"loc":{"start":{"line":4,"column":72},"end":{"line":4,"column":null}}},"1":{"name":"(anonymous_7)","decl":{"start":{"line":6,"column":11},"end":{"line":6,"column":37}},"loc":{"start":{"line":6,"column":68},"end":{"line":25,"column":null}}},"2":{"name":"(anonymous_8)","decl":{"start":{"line":13,"column":57},"end":{"line":13,"column":60}},"loc":{"start":{"line":13,"column":64},"end":{"line":15,"column":9}}},"3":{"name":"(anonymous_9)","decl":{"start":{"line":19,"column":66},"end":{"line":19,"column":69}},"loc":{"start":{"line":19,"column":73},"end":{"line":21,"column":9}}},"4":{"name":"(anonymous_10)","decl":{"start":{"line":27,"column":11},"end":{"line":27,"column":42}},"loc":{"start":{"line":29,"column":34},"end":{"line":63,"column":null}}},"5":{"name":"(anonymous_11)","decl":{"start":{"line":46,"column":73},"end":{"line":46,"column":76}},"loc":{"start":{"line":46,"column":80},"end":{"line":48,"column":9}}}},"branchMap":{"0":{"loc":{"start":{"line":18,"column":8},"end":{"line":21,"column":null}},"type":"if","locations":[{"start":{"line":18,"column":8},"end":{"line":21,"column":null}}]},"1":{"loc":{"start":{"line":18,"column":11},"end":{"line":18,"column":66}},"type":"binary-expr","locations":[{"start":{"line":18,"column":11},"end":{"line":18,"column":31}},{"start":{"line":18,"column":35},"end":{"line":18,"column":66}}]},"2":{"loc":{"start":{"line":50,"column":8},"end":{"line":62,"column":null}},"type":"if","locations":[{"start":{"line":50,"column":8},"end":{"line":62,"column":null}},{"start":{"line":58,"column":12},"end":{"line":62,"column":null}}]}},"s":{"0":2,"1":9,"2":9,"3":2,"4":2,"5":8,"6":2,"7":0,"8":0,"9":2,"10":0,"11":0,"12":4,"13":4,"14":13,"15":4,"16":2,"17":2,"18":2},"f":{"0":9,"1":2,"2":8,"3":0,"4":4,"5":13},"b":{"0":[0],"1":[2,0],"2":[2,2]}}
,"/Users/azlam/projects/flxbl-io/sfpowerscripts/packages/sfpowerscripts-cli/src/core/apextest/ApexTestSuite.ts": {"path":"/Users/azlam/projects/flxbl-io/sfpowerscripts/packages/sfpowerscripts-cli/src/core/apextest/ApexTestSuite.ts","statementMap":{"0":{"start":{"line":2,"column":11},"end":{"line":2,"column":30}},"1":{"start":{"line":3,"column":0},"end":{"line":3,"column":null}},"2":{"start":{"line":4,"column":0},"end":{"line":4,"column":null}},"3":{"start":{"line":5,"column":0},"end":{"line":5,"column":null}},"4":{"start":{"line":8,"column":31},"end":{"line":8,"column":48}},"5":{"start":{"line":8,"column":58},"end":{"line":8,"column":75}},"6":{"start":{"line":11,"column":39},"end":{"line":14,"column":10}},"7":{"start":{"line":16,"column":8},"end":{"line":16,"column":null}},"8":{"start":{"line":18,"column":8},"end":{"line":18,"column":null}},"9":{"start":{"line":18,"column":32},"end":{"line":18,"column":null}},"10":{"start":{"line":20,"column":35},"end":{"line":20,"column":99}},"11":{"start":{"line":23,"column":12},"end":{"line":23,"column":null}},"12":{"start":{"line":25,"column":31},"end":{"line":25,"column":50}},"13":{"start":{"line":26,"column":12},"end":{"line":26,"column":null}},"14":{"start":{"line":27,"column":12},"end":{"line":27,"column":null}},"15":{"start":{"line":7,"column":0},"end":{"line":7,"column":21}}},"fnMap":{"0":{"name":"(anonymous_1)","decl":{"start":{"line":8,"column":4},"end":{"line":8,"column":31}},"loc":{"start":{"line":8,"column":75},"end":{"line":8,"column":null}}},"1":{"name":"(anonymous_2)","decl":{"start":{"line":10,"column":11},"end":{"line":10,"column":17}},"loc":{"start":{"line":10,"column":38},"end":{"line":29,"column":null}}}},"branchMap":{"0":{"loc":{"start":{"line":18,"column":8},"end":{"line":18,"column":null}},"type":"if","locations":[{"start":{"line":18,"column":8},"end":{"line":18,"column":null}}]}},"s":{"0":1,"1":1,"2":1,"3":1,"4":3,"5":3,"6":3,"7":3,"8":3,"9":1,"10":2,"11":1,"12":1,"13":1,"14":1,"15":1},"f":{"0":3,"1":3},"b":{"0":[1]}}
,"/Users/azlam/projects/flxbl-io/sfpowerscripts/packages/sfpowerscripts-cli/src/core/apextest/ImpactedApexTestClassFetcher.ts": {"path":"/Users/azlam/projects/flxbl-io/sfpowerscripts/packages/sfpowerscripts-cli/src/core/apextest/ImpactedApexTestClassFetcher.ts","statementMap":{"0":{"start":{"line":1,"column":0},"end":{"line":1,"column":null}},"1":{"start":{"line":2,"column":0},"end":{"line":2,"column":null}},"2":{"start":{"line":4,"column":0},"end":{"line":4,"column":null}},"3":{"start":{"line":5,"column":0},"end":{"line":5,"column":null}},"4":{"start":{"line":6,"column":0},"end":{"line":6,"column":null}},"5":{"start":{"line":10,"column":16},"end":{"line":10,"column":38}},"6":{"start":{"line":11,"column":16},"end":{"line":11,"column":46}},"7":{"start":{"line":12,"column":16},"end":{"line":12,"column":30}},"8":{"start":{"line":13,"column":16},"end":{"line":13,"column":38}},"9":{"start":{"line":18,"column":33},"end":{"line":18,"column":35}},"10":{"start":{"line":19,"column":37},"end":{"line":19,"column":39}},"11":{"start":{"line":23,"column":41},"end":{"line":24,"column":null}},"12":{"start":{"line":24,"column":27},"end":{"line":24,"column":75}},"13":{"start":{"line":27,"column":8},"end":{"line":27,"column":null}},"14":{"start":{"line":28,"column":8},"end":{"line":28,"column":null}},"15":{"start":{"line":32,"column":27},"end":{"line":32,"column":144}},"16":{"start":{"line":33,"column":27},"end":{"line":33,"column":70}},"17":{"start":{"line":38,"column":12},"end":{"line":38,"column":null}},"18":{"start":{"line":39,"column":12},"end":{"line":39,"column":null}},"19":{"start":{"line":40,"column":12},"end":{"line":40,"column":null}},"20":{"start":{"line":43,"column":8},"end":{"line":43,"column":null}},"21":{"start":{"line":51,"column":16},"end":{"line":55,"column":null}},"22":{"start":{"line":56,"column":16},"end":{"line":56,"column":null}},"23":{"start":{"line":57,"column":16},"end":{"line":57,"column":null}},"24":{"start":{"line":62,"column":16},"end":{"line":62,"column":null}},"25":{"start":{"line":62,"column":65},"end":{"line":62,"column":null}},"26":{"start":{"line":66,"column":20},"end":{"line":66,"column":null}},"27":{"start":{"line":66,"column":64},"end":{"line":66,"column":null}},"28":{"start":{"line":71,"column":8},"end":{"line":71,"column":null}},"29":{"start":{"line":73,"column":8},"end":{"line":73,"column":null}},"30":{"start":{"line":74,"column":8},"end":{"line":78,"column":null}},"31":{"start":{"line":81,"column":12},"end":{"line":85,"column":null}},"32":{"start":{"line":86,"column":12},"end":{"line":86,"column":null}},"33":{"start":{"line":88,"column":8},"end":{"line":88,"column":null}},"34":{"start":{"line":8,"column":0},"end":{"line":8,"column":21}}},"fnMap":{"0":{"name":"(anonymous_7)","decl":{"start":{"line":9,"column":4},"end":{"line":9,"column":null}},"loc":{"start":{"line":13,"column":38},"end":{"line":14,"column":null}}},"1":{"name":"(anonymous_8)","decl":{"start":{"line":16,"column":11},"end":{"line":16,"column":17}},"loc":{"start":{"line":16,"column":39},"end":{"line":89,"column":null}}},"2":{"name":"(anonymous_9)","decl":{"start":{"line":24,"column":13},"end":{"line":24,"column":22}},"loc":{"start":{"line":24,"column":27},"end":{"line":24,"column":75}}}},"branchMap":{"0":{"loc":{"start":{"line":50,"column":16},"end":{"line":50,"column":146}},"type":"binary-expr","locations":[{"start":{"line":50,"column":16},"end":{"line":50,"column":63}},{"start":{"line":50,"column":67},"end":{"line":50,"column":146}}]},"1":{"loc":{"start":{"line":62,"column":16},"end":{"line":62,"column":null}},"type":"if","locations":[{"start":{"line":62,"column":16},"end":{"line":62,"column":null}}]},"2":{"loc":{"start":{"line":66,"column":20},"end":{"line":66,"column":null}},"type":"if","locations":[{"start":{"line":66,"column":20},"end":{"line":66,"column":null}}]}},"s":{"0":1,"1":1,"2":1,"3":1,"4":1,"5":0,"6":0,"7":0,"8":0,"9":0,"10":0,"11":0,"12":0,"13":0,"14":0,"15":0,"16":0,"17":0,"18":0,"19":0,"20":0,"21":0,"22":0,"23":0,"24":0,"25":0,"26":0,"27":0,"28":0,"29":0,"30":0,"31":0,"32":0,"33":0,"34":1},"f":{"0":0,"1":0,"2":0},"b":{"0":[0,0],"1":[0],"2":[0]}}
,"/Users/azlam/projects/flxbl-io/sfpowerscripts/packages/sfpowerscripts-cli/src/core/artifacts/ArtifactFetcher.ts": {"path":"/Users/azlam/projects/flxbl-io/sfpowerscripts/packages/sfpowerscripts-cli/src/core/artifacts/ArtifactFetcher.ts","statementMap":{"0":{"start":{"line":1,"column":0},"end":{"line":1,"column":null}},"1":{"start":{"line":2,"column":0},"end":{"line":2,"column":null}},"2":{"start":{"line":3,"column":0},"end":{"line":3,"column":null}},"3":{"start":{"line":4,"column":0},"end":{"line":4,"column":null}},"4":{"start":{"line":5,"column":0},"end":{"line":5,"column":null}},"5":{"start":{"line":6,"column":0},"end":{"line":6,"column":null}},"6":{"start":{"line":7,"column":0},"end":{"line":7,"column":null}},"7":{"start":{"line":17,"column":33},"end":{"line":17,"column":35}},"8":{"start":{"line":20,"column":12},"end":{"line":20,"column":null}},"9":{"start":{"line":23,"column":34},"end":{"line":23,"column":85}},"10":{"start":{"line":25,"column":8},"end":{"line":25,"column":null}},"11":{"start":{"line":30,"column":16},"end":{"line":30,"column":null}},"12":{"start":{"line":32,"column":16},"end":{"line":32,"column":null}},"13":{"start":{"line":34,"column":16},"end":{"line":34,"column":null}},"14":{"start":{"line":36,"column":12},"end":{"line":36,"column":null}},"15":{"start":{"line":39,"column":8},"end":{"line":39,"column":null}},"16":{"start":{"line":47,"column":30},"end":{"line":47,"column":88}},"17":{"start":{"line":49,"column":32},"end":{"line":49,"column":98}},"18":{"start":{"line":51,"column":42},"end":{"line":55,"column":null}},"19":{"start":{"line":57,"column":8},"end":{"line":57,"column":null}},"20":{"start":{"line":59,"column":8},"end":{"line":59,"column":null}},"21":{"start":{"line":67,"column":49},"end":{"line":67,"column":97}},"22":{"start":{"line":69,"column":8},"end":{"line":69,"column":null}},"23":{"start":{"line":70,"column":18},"end":{"line":70,"column":38}},"24":{"start":{"line":73,"column":8},"end":{"line":73,"column":null}},"25":{"start":{"line":75,"column":35},"end":{"line":75,"column":87}},"26":{"start":{"line":77,"column":12},"end":{"line":77,"column":null}},"27":{"start":{"line":80,"column":38},"end":{"line":80,"column":115}},"28":{"start":{"line":82,"column":30},"end":{"line":82,"column":91}},"29":{"start":{"line":84,"column":32},"end":{"line":84,"column":101}},"30":{"start":{"line":86,"column":42},"end":{"line":90,"column":null}},"31":{"start":{"line":92,"column":8},"end":{"line":92,"column":null}},"32":{"start":{"line":94,"column":8},"end":{"line":94,"column":null}},"33":{"start":{"line":102,"column":49},"end":{"line":102,"column":97}},"34":{"start":{"line":103,"column":8},"end":{"line":103,"column":null}},"35":{"start":{"line":105,"column":8},"end":{"line":109,"column":null}},"36":{"start":{"line":111,"column":38},"end":{"line":111,"column":112}},"37":{"start":{"line":113,"column":30},"end":{"line":113,"column":88}},"38":{"start":{"line":115,"column":32},"end":{"line":115,"column":98}},"39":{"start":{"line":117,"column":42},"end":{"line":121,"column":null}},"40":{"start":{"line":123,"column":8},"end":{"line":123,"column":null}},"41":{"start":{"line":125,"column":8},"end":{"line":125,"column":null}},"42":{"start":{"line":138,"column":12},"end":{"line":138,"column":null}},"43":{"start":{"line":140,"column":12},"end":{"line":140,"column":null}},"44":{"start":{"line":143,"column":34},"end":{"line":146,"column":10}},"45":{"start":{"line":148,"column":8},"end":{"line":153,"column":null}},"46":{"start":{"line":149,"column":12},"end":{"line":149,"column":null}},"47":{"start":{"line":150,"column":41},"end":{"line":150,"column":85}},"48":{"start":{"line":151,"column":12},"end":{"line":151,"column":null}},"49":{"start":{"line":152,"column":12},"end":{"line":152,"column":null}},"50":{"start":{"line":153,"column":15},"end":{"line":153,"column":null}},"51":{"start":{"line":162,"column":8},"end":{"line":165,"column":null}},"52":{"start":{"line":163,"column":30},"end":{"line":163,"column":52}},"53":{"start":{"line":164,"column":12},"end":{"line":164,"column":null}},"54":{"start":{"line":167,"column":22},"end":{"line":167,"column":96}},"55":{"start":{"line":168,"column":33},"end":{"line":174,"column":10}},"56":{"start":{"line":169,"column":42},"end":{"line":169,"column":80}},"57":{"start":{"line":170,"column":26},"end":{"line":170,"column":47}},"58":{"start":{"line":172,"column":12},"end":{"line":173,"column":null}},"59":{"start":{"line":172,"column":25},"end":{"line":172,"column":40}},"60":{"start":{"line":173,"column":17},"end":{"line":173,"column":null}},"61":{"start":{"line":177,"column":39},"end":{"line":177,"column":60}},"62":{"start":{"line":178,"column":36},"end":{"line":178,"column":56}},"63":{"start":{"line":180,"column":8},"end":{"line":180,"column":null}},"64":{"start":{"line":180,"column":44},"end":{"line":180,"column":76}},"65":{"start":{"line":188,"column":8},"end":{"line":190,"column":null}},"66":{"start":{"line":189,"column":12},"end":{"line":189,"column":null}},"67":{"start":{"line":189,"column":42},"end":{"line":189,"column":null}},"68":{"start":{"line":200,"column":12},"end":{"line":200,"column":null}},"69":{"start":{"line":202,"column":12},"end":{"line":204,"column":null}},"70":{"start":{"line":205,"column":12},"end":{"line":205,"column":null}},"71":{"start":{"line":210,"column":21},"end":{"line":210,"column":23}},"72":{"start":{"line":211,"column":25},"end":{"line":211,"column":89}},"73":{"start":{"line":212,"column":31},"end":{"line":212,"column":48}},"74":{"start":{"line":213,"column":21},"end":{"line":213,"column":22}},"75":{"start":{"line":214,"column":12},"end":{"line":214,"column":null}},"76":{"start":{"line":216,"column":8},"end":{"line":216,"column":null}},"77":{"start":{"line":9,"column":0},"end":{"line":9,"column":21}}},"fnMap":{"0":{"name":"(anonymous_6)","decl":{"start":{"line":16,"column":11},"end":{"line":16,"column":18}},"loc":{"start":{"line":16,"column":98},"end":{"line":40,"column":null}}},"1":{"name":"(anonymous_7)","decl":{"start":{"line":46,"column":12},"end":{"line":46,"column":19}},"loc":{"start":{"line":46,"column":83},"end":{"line":60,"column":null}}},"2":{"name":"(anonymous_8)","decl":{"start":{"line":66,"column":12},"end":{"line":66,"column":19}},"loc":{"start":{"line":66,"column":69},"end":{"line":95,"column":null}}},"3":{"name":"(anonymous_9)","decl":{"start":{"line":101,"column":12},"end":{"line":101,"column":19}},"loc":{"start":{"line":101,"column":69},"end":{"line":126,"column":null}}},"4":{"name":"(anonymous_10)","decl":{"start":{"line":135,"column":11},"end":{"line":135,"column":18}},"loc":{"start":{"line":135,"column":80},"end":{"line":154,"column":null}}},"5":{"name":"(anonymous_11)","decl":{"start":{"line":160,"column":12},"end":{"line":160,"column":19}},"loc":{"start":{"line":160,"column":56},"end":{"line":181,"column":null}}},"6":{"name":"(anonymous_12)","decl":{"start":{"line":162,"column":38},"end":{"line":162,"column":46}},"loc":{"start":{"line":162,"column":50},"end":{"line":165,"column":9}}},"7":{"name":"(anonymous_13)","decl":{"start":{"line":168,"column":48},"end":{"line":168,"column":56}},"loc":{"start":{"line":168,"column":60},"end":{"line":174,"column":9}}},"8":{"name":"(anonymous_14)","decl":{"start":{"line":180,"column":31},"end":{"line":180,"column":39}},"loc":{"start":{"line":180,"column":44},"end":{"line":180,"column":76}}},"9":{"name":"(anonymous_15)","decl":{"start":{"line":187,"column":12},"end":{"line":187,"column":19}},"loc":{"start":{"line":187,"column":70},"end":{"line":191,"column":null}}},"10":{"name":"(anonymous_16)","decl":{"start":{"line":188,"column":50},"end":{"line":188,"column":58}},"loc":{"start":{"line":188,"column":62},"end":{"line":190,"column":9}}},"11":{"name":"(anonymous_17)","decl":{"start":{"line":198,"column":11},"end":{"line":198,"column":18}},"loc":{"start":{"line":198,"column":98},"end":{"line":207,"column":null}}},"12":{"name":"(anonymous_18)","decl":{"start":{"line":209,"column":12},"end":{"line":209,"column":19}},"loc":{"start":{"line":209,"column":38},"end":{"line":217,"column":null}}}},"branchMap":{"0":{"loc":{"start":{"line":148,"column":8},"end":{"line":153,"column":null}},"type":"if","locations":[{"start":{"line":148,"column":8},"end":{"line":153,"column":null}},{"start":{"line":153,"column":15},"end":{"line":153,"column":null}}]},"1":{"loc":{"start":{"line":148,"column":12},"end":{"line":148,"column":48}},"type":"binary-expr","locations":[{"start":{"line":148,"column":12},"end":{"line":148,"column":24}},{"start":{"line":148,"column":28},"end":{"line":148,"column":48}}]},"2":{"loc":{"start":{"line":164,"column":19},"end":{"line":164,"column":51}},"type":"binary-expr","locations":[{"start":{"line":164,"column":19},"end":{"line":164,"column":33}},{"start":{"line":164,"column":37},"end":{"line":164,"column":51}}]},"3":{"loc":{"start":{"line":172,"column":12},"end":{"line":173,"column":null}},"type":"if","locations":[{"start":{"line":172,"column":12},"end":{"line":173,"column":null}},{"start":{"line":173,"column":17},"end":{"line":173,"column":null}}]},"4":{"loc":{"start":{"line":189,"column":12},"end":{"line":189,"column":null}},"type":"if","locations":[{"start":{"line":189,"column":12},"end":{"line":189,"column":null}}]},"5":{"loc":{"start":{"line":199,"column":12},"end":{"line":199,"column":64}},"type":"binary-expr","locations":[{"start":{"line":199,"column":12},"end":{"line":199,"column":34}},{"start":{"line":199,"column":38},"end":{"line":199,"column":64}}]},"6":{"loc":{"start":{"line":201,"column":19},"end":{"line":201,"column":70}},"type":"binary-expr","locations":[{"start":{"line":201,"column":19},"end":{"line":201,"column":41}},{"start":{"line":201,"column":45},"end":{"line":201,"column":70}}]}},"s":{"0":1,"1":1,"2":1,"3":1,"4":1,"5":1,"6":1,"7":0,"8":0,"9":0,"10":0,"11":0,"12":0,"13":0,"14":0,"15":0,"16":0,"17":0,"18":0,"19":0,"20":0,"21":0,"22":0,"23":0,"24":0,"25":0,"26":0,"27":0,"28":0,"29":0,"30":0,"31":0,"32":0,"33":0,"34":0,"35":0,"36":0,"37":0,"38":0,"39":0,"40":0,"41":0,"42":2,"43":1,"44":3,"45":3,"46":1,"47":1,"48":1,"49":1,"50":2,"51":1,"52":4,"53":4,"54":1,"55":1,"56":4,"57":4,"58":4,"59":4,"60":0,"61":1,"62":1,"63":1,"64":4,"65":0,"66":0,"67":0,"68":0,"69":0,"70":0,"71":0,"72":0,"73":0,"74":0,"75":0,"76":0,"77":1},"f":{"0":0,"1":0,"2":0,"3":0,"4":3,"5":1,"6":4,"7":4,"8":4,"9":0,"10":0,"11":0,"12":0},"b":{"0":[1,2],"1":[3,2],"2":[4,1],"3":[4,0],"4":[0],"5":[0,0],"6":[0,0]}}
,"/Users/azlam/projects/flxbl-io/sfpowerscripts/packages/sfpowerscripts-cli/src/core/display/TableConstants.ts": {"path":"/Users/azlam/projects/flxbl-io/sfpowerscripts/packages/sfpowerscripts-cli/src/core/display/TableConstants.ts","statementMap":{"0":{"start":{"line":2,"column":13},"end":{"line":18,"column":null}},"1":{"start":{"line":22,"column":13},"end":{"line":38,"column":null}}},"fnMap":{},"branchMap":{},"s":{"0":1,"1":1},"f":{},"b":{}}
,"/Users/azlam/projects/flxbl-io/sfpowerscripts/packages/sfpowerscripts-cli/src/core/git/Git.ts": {"path":"/Users/azlam/projects/flxbl-io/sfpowerscripts/packages/sfpowerscripts-cli/src/core/git/Git.ts","statementMap":{"0":{"start":{"line":1,"column":0},"end":{"line":1,"column":null}},"1":{"start":{"line":2,"column":0},"end":{"line":2,"column":null}},"2":{"start":{"line":3,"column":0},"end":{"line":3,"column":null}},"3":{"start":{"line":4,"column":0},"end":{"line":4,"column":null}},"4":{"start":{"line":5,"column":12},"end":{"line":5,"column":26}},"5":{"start":{"line":14,"column":32},"end":{"line":14,"column":51}},"6":{"start":{"line":14,"column":61},"end":{"line":14,"column":76}},"7":{"start":{"line":12,"column":12},"end":{"line":12,"column":null}},"8":{"start":{"line":16,"column":12},"end":{"line":16,"column":null}},"9":{"start":{"line":17,"column":12},"end":{"line":17,"column":null}},"10":{"start":{"line":19,"column":12},"end":{"line":19,"column":null}},"11":{"start":{"line":20,"column":12},"end":{"line":20,"column":null}},"12":{"start":{"line":25,"column":8},"end":{"line":25,"column":null}},"13":{"start":{"line":29,"column":8},"end":{"line":29,"column":null}},"14":{"start":{"line":33,"column":8},"end":{"line":33,"column":null}},"15":{"start":{"line":37,"column":24},"end":{"line":37,"column":52}},"16":{"start":{"line":39,"column":29},"end":{"line":39,"column":50}},"17":{"start":{"line":40,"column":8},"end":{"line":40,"column":null}},"18":{"start":{"line":42,"column":8},"end":{"line":42,"column":null}},"19":{"start":{"line":46,"column":25},"end":{"line":46,"column":54}},"20":{"start":{"line":48,"column":29},"end":{"line":48,"column":51}},"21":{"start":{"line":49,"column":8},"end":{"line":49,"column":null}},"22":{"start":{"line":51,"column":8},"end":{"line":51,"column":null}},"23":{"start":{"line":55,"column":27},"end":{"line":55,"column":55}},"24":{"start":{"line":57,"column":8},"end":{"line":57,"column":null}},"25":{"start":{"line":62,"column":8},"end":{"line":68,"column":null}},"26":{"start":{"line":63,"column":12},"end":{"line":63,"column":null}},"27":{"start":{"line":65,"column":16},"end":{"line":65,"column":null}},"28":{"start":{"line":67,"column":12},"end":{"line":67,"column":null}},"29":{"start":{"line":68,"column":15},"end":{"line":68,"column":null}},"30":{"start":{"line":70,"column":8},"end":{"line":70,"column":null}},"31":{"start":{"line":70,"column":30},"end":{"line":70,"column":null}},"32":{"start":{"line":72,"column":8},"end":{"line":72,"column":null}},"33":{"start":{"line":77,"column":12},"end":{"line":77,"column":null}},"34":{"start":{"line":78,"column":12},"end":{"line":78,"column":null}},"35":{"start":{"line":79,"column":12},"end":{"line":79,"column":null}},"36":{"start":{"line":80,"column":12},"end":{"line":80,"column":null}},"37":{"start":{"line":82,"column":12},"end":{"line":85,"column":null}},"38":{"start":{"line":86,"column":12},"end":{"line":86,"column":null}},"39":{"start":{"line":91,"column":19},"end":{"line":91,"column":46}},"40":{"start":{"line":94,"column":16},"end":{"line":94,"column":null}},"41":{"start":{"line":100,"column":8},"end":{"line":100,"column":null}},"42":{"start":{"line":100,"column":18},"end":{"line":100,"column":null}},"43":{"start":{"line":105,"column":12},"end":{"line":105,"column":null}},"44":{"start":{"line":107,"column":16},"end":{"line":107,"column":null}},"45":{"start":{"line":109,"column":33},"end":{"line":109,"column":77}},"46":{"start":{"line":110,"column":16},"end":{"line":110,"column":null}},"47":{"start":{"line":113,"column":12},"end":{"line":116,"column":null}},"48":{"start":{"line":117,"column":12},"end":{"line":117,"column":null}},"49":{"start":{"line":122,"column":31},"end":{"line":122,"column":62}},"50":{"start":{"line":124,"column":8},"end":{"line":124,"column":null}},"51":{"start":{"line":124,"column":49},"end":{"line":124,"column":70}},"52":{"start":{"line":128,"column":40},"end":{"line":128,"column":76}},"53":{"start":{"line":130,"column":8},"end":{"line":130,"column":null}},"54":{"start":{"line":131,"column":22},"end":{"line":131,"column":52}},"55":{"start":{"line":134,"column":8},"end":{"line":134,"column":null}},"56":{"start":{"line":137,"column":18},"end":{"line":137,"column":42}},"57":{"start":{"line":138,"column":8},"end":{"line":138,"column":null}},"58":{"start":{"line":139,"column":8},"end":{"line":139,"column":null}},"59":{"start":{"line":141,"column":8},"end":{"line":141,"column":null}},"60":{"start":{"line":142,"column":8},"end":{"line":142,"column":null}},"61":{"start":{"line":143,"column":8},"end":{"line":143,"column":null}},"62":{"start":{"line":145,"column":12},"end":{"line":145,"column":null}},"63":{"start":{"line":148,"column":12},"end":{"line":148,"column":null}},"64":{"start":{"line":151,"column":8},"end":{"line":155,"column":null}},"65":{"start":{"line":156,"column":8},"end":{"line":156,"column":null}},"66":{"start":{"line":160,"column":18},"end":{"line":160,"column":45}},"67":{"start":{"line":161,"column":24},"end":{"line":161,"column":60}},"68":{"start":{"line":163,"column":12},"end":{"line":163,"column":null}},"69":{"start":{"line":165,"column":8},"end":{"line":165,"column":null}},"70":{"start":{"line":166,"column":8},"end":{"line":166,"column":null}},"71":{"start":{"line":170,"column":8},"end":{"line":170,"column":null}},"72":{"start":{"line":174,"column":8},"end":{"line":174,"column":null}},"73":{"start":{"line":174,"column":35},"end":{"line":174,"column":null}},"74":{"start":{"line":181,"column":8},"end":{"line":181,"column":null}},"75":{"start":{"line":185,"column":12},"end":{"line":185,"column":null}},"76":{"start":{"line":190,"column":8},"end":{"line":190,"column":null}},"77":{"start":{"line":190,"column":21},"end":{"line":190,"column":null}},"78":{"start":{"line":191,"column":8},"end":{"line":191,"column":null}},"79":{"start":{"line":193,"column":12},"end":{"line":193,"column":null}},"80":{"start":{"line":194,"column":12},"end":{"line":194,"column":null}},"81":{"start":{"line":198,"column":12},"end":{"line":198,"column":null}},"82":{"start":{"line":200,"column":12},"end":{"line":200,"column":null}},"83":{"start":{"line":205,"column":8},"end":{"line":205,"column":null}},"84":{"start":{"line":209,"column":8},"end":{"line":209,"column":null}},"85":{"start":{"line":213,"column":8},"end":{"line":215,"column":null}},"86":{"start":{"line":214,"column":12},"end":{"line":214,"column":null}},"87":{"start":{"line":215,"column":15},"end":{"line":215,"column":null}},"88":{"start":{"line":219,"column":8},"end":{"line":221,"column":null}},"89":{"start":{"line":220,"column":12},"end":{"line":220,"column":null}},"90":{"start":{"line":221,"column":15},"end":{"line":221,"column":null}},"91":{"start":{"line":226,"column":12},"end":{"line":226,"column":null}},"92":{"start":{"line":227,"column":12},"end":{"line":227,"column":null}},"93":{"start":{"line":229,"column":12},"end":{"line":229,"column":null}},"94":{"start":{"line":230,"column":12},"end":{"line":230,"column":null}},"95":{"start":{"line":235,"column":12},"end":{"line":235,"column":null}},"96":{"start":{"line":238,"column":16},"end":{"line":238,"column":null}},"97":{"start":{"line":240,"column":16},"end":{"line":240,"column":null}},"98":{"start":{"line":243,"column":12},"end":{"line":243,"column":null}},"99":{"start":{"line":8,"column":0},"end":{"line":8,"column":21}}},"fnMap":{"0":{"name":"(anonymous_7)","decl":{"start":{"line":14,"column":4},"end":{"line":14,"column":32}},"loc":{"start":{"line":14,"column":76},"end":{"line":22,"column":null}}},"1":{"name":"(anonymous_8)","decl":{"start":{"line":24,"column":4},"end":{"line":24,"column":10}},"loc":{"start":{"line":24,"column":15},"end":{"line":26,"column":null}}},"2":{"name":"(anonymous_9)","decl":{"start":{"line":28,"column":4},"end":{"line":28,"column":10}},"loc":{"start":{"line":28,"column":23},"end":{"line":30,"column":null}}},"3":{"name":"(anonymous_10)","decl":{"start":{"line":32,"column":4},"end":{"line":32,"column":10}},"loc":{"start":{"line":32,"column":32},"end":{"line":34,"column":null}}},"4":{"name":"(anonymous_11)","decl":{"start":{"line":36,"column":4},"end":{"line":36,"column":10}},"loc":{"start":{"line":36,"column":31},"end":{"line":43,"column":null}}},"5":{"name":"(anonymous_12)","decl":{"start":{"line":45,"column":4},"end":{"line":45,"column":10}},"loc":{"start":{"line":45,"column":32},"end":{"line":52,"column":null}}},"6":{"name":"(anonymous_13)","decl":{"start":{"line":54,"column":4},"end":{"line":54,"column":10}},"loc":{"start":{"line":54,"column":31},"end":{"line":58,"column":null}}},"7":{"name":"(anonymous_14)","decl":{"start":{"line":60,"column":11},"end":{"line":60,"column":17}},"loc":{"start":{"line":60,"column":62},"end":{"line":73,"column":null}}},"8":{"name":"(anonymous_15)","decl":{"start":{"line":75,"column":11},"end":{"line":75,"column":17}},"loc":{"start":{"line":75,"column":100},"end":{"line":88,"column":null}}},"9":{"name":"(anonymous_16)","decl":{"start":{"line":90,"column":4},"end":{"line":90,"column":10}},"loc":{"start":{"line":90,"column":34},"end":{"line":97,"column":null}}},"10":{"name":"(anonymous_17)","decl":{"start":{"line":99,"column":4},"end":{"line":99,"column":10}},"loc":{"start":{"line":99,"column":36},"end":{"line":101,"column":null}}},"11":{"name":"(anonymous_18)","decl":{"start":{"line":103,"column":4},"end":{"line":103,"column":10}},"loc":{"start":{"line":103,"column":80},"end":{"line":119,"column":null}}},"12":{"name":"(anonymous_19)","decl":{"start":{"line":121,"column":11},"end":{"line":121,"column":17}},"loc":{"start":{"line":121,"column":46},"end":{"line":125,"column":null}}},"13":{"name":"(anonymous_20)","decl":{"start":{"line":124,"column":40},"end":{"line":124,"column":44}},"loc":{"start":{"line":124,"column":49},"end":{"line":124,"column":70}}},"14":{"name":"(anonymous_21)","decl":{"start":{"line":127,"column":4},"end":{"line":127,"column":17}},"loc":{"start":{"line":127,"column":95},"end":{"line":157,"column":null}}},"15":{"name":"(anonymous_22)","decl":{"start":{"line":159,"column":4},"end":{"line":159,"column":17}},"loc":{"start":{"line":159,"column":66},"end":{"line":167,"column":null}}},"16":{"name":"(anonymous_23)","decl":{"start":{"line":169,"column":11},"end":{"line":169,"column":28}},"loc":{"start":{"line":169,"column":28},"end":{"line":171,"column":null}}},"17":{"name":"(anonymous_24)","decl":{"start":{"line":173,"column":4},"end":{"line":173,"column":10}},"loc":{"start":{"line":173,"column":30},"end":{"line":175,"column":null}}},"18":{"name":"(anonymous_25)","decl":{"start":{"line":177,"column":4},"end":{"line":177,"column":10}},"loc":{"start":{"line":177,"column":39},"end":{"line":187,"column":null}}},"19":{"name":"(anonymous_26)","decl":{"start":{"line":189,"column":4},"end":{"line":189,"column":10}},"loc":{"start":{"line":189,"column":55},"end":{"line":202,"column":null}}},"20":{"name":"(anonymous_27)","decl":{"start":{"line":204,"column":4},"end":{"line":204,"column":20}},"loc":{"start":{"line":204,"column":20},"end":{"line":206,"column":null}}},"21":{"name":"(anonymous_28)","decl":{"start":{"line":208,"column":4},"end":{"line":208,"column":10}},"loc":{"start":{"line":208,"column":28},"end":{"line":210,"column":null}}},"22":{"name":"(anonymous_29)","decl":{"start":{"line":212,"column":4},"end":{"line":212,"column":10}},"loc":{"start":{"line":212,"column":55},"end":{"line":216,"column":null}}},"23":{"name":"(anonymous_30)","decl":{"start":{"line":218,"column":4},"end":{"line":218,"column":10}},"loc":{"start":{"line":218,"column":73},"end":{"line":222,"column":null}}},"24":{"name":"(anonymous_31)","decl":{"start":{"line":224,"column":4},"end":{"line":224,"column":10}},"loc":{"start":{"line":224,"column":40},"end":{"line":232,"column":null}}},"25":{"name":"(anonymous_32)","decl":{"start":{"line":233,"column":4},"end":{"line":233,"column":10}},"loc":{"start":{"line":233,"column":37},"end":{"line":245,"column":null}}}},"branchMap":{"0":{"loc":{"start":{"line":62,"column":8},"end":{"line":68,"column":null}},"type":"if","locations":[{"start":{"line":62,"column":8},"end":{"line":68,"column":null}},{"start":{"line":68,"column":15},"end":{"line":68,"column":null}}]},"1":{"loc":{"start":{"line":70,"column":8},"end":{"line":70,"column":null}},"type":"if","locations":[{"start":{"line":70,"column":8},"end":{"line":70,"column":null}}]},"2":{"loc":{"start":{"line":75,"column":51},"end":{"line":75,"column":100}},"type":"default-arg","locations":[{"start":{"line":75,"column":61},"end":{"line":75,"column":100}}]},"3":{"loc":{"start":{"line":100,"column":8},"end":{"line":100,"column":null}},"type":"if","locations":[{"start":{"line":100,"column":8},"end":{"line":100,"column":null}}]},"4":{"loc":{"start":{"line":124,"column":15},"end":{"line":124,"column":86}},"type":"cond-expr","locations":[{"start":{"line":124,"column":74},"end":{"line":124,"column":78}},{"start":{"line":124,"column":81},"end":{"line":124,"column":86}}]},"5":{"loc":{"start":{"line":152,"column":83},"end":{"line":152,"column":113}},"type":"cond-expr","locations":[{"start":{"line":152,"column":95},"end":{"line":152,"column":104}},{"start":{"line":152,"column":107},"end":{"line":152,"column":113}}]},"6":{"loc":{"start":{"line":174,"column":8},"end":{"line":174,"column":null}},"type":"if","locations":[{"start":{"line":174,"column":8},"end":{"line":174,"column":null}}]},"7":{"loc":{"start":{"line":190,"column":8},"end":{"line":190,"column":null}},"type":"if","locations":[{"start":{"line":190,"column":8},"end":{"line":190,"column":null}}]},"8":{"loc":{"start":{"line":213,"column":8},"end":{"line":215,"column":null}},"type":"if","locations":[{"start":{"line":213,"column":8},"end":{"line":215,"column":null}},{"start":{"line":215,"column":15},"end":{"line":215,"column":null}}]},"9":{"loc":{"start":{"line":219,"column":8},"end":{"line":221,"column":null}},"type":"if","locations":[{"start":{"line":219,"column":8},"end":{"line":221,"column":null}},{"start":{"line":221,"column":15},"end":{"line":221,"column":null}}]}},"s":{"0":1,"1":1,"2":1,"3":1,"4":1,"5":0,"6":0,"7":0,"8":0,"9":0,"10":0,"11":0,"12":0,"13":0,"14":0,"15":0,"16":0,"17":0,"18":0,"19":0,"20":0,"21":0,"22":0,"23":0,"24":0,"25":0,"26":0,"27":0,"28":0,"29":0,"30":0,"31":0,"32":0,"33":0,"34":0,"35":0,"36":0,"37":0,"38":0,"39":0,"40":0,"41":0,"42":0,"43":0,"44":0,"45":0,"46":0,"47":0,"48":0,"49":0,"50":0,"51":0,"52":0,"53":0,"54":0,"55":0,"56":0,"57":0,"58":0,"59":0,"60":0,"61":0,"62":0,"63":0,"64":0,"65":0,"66":0,"67":0,"68":0,"69":0,"70":0,"71":0,"72":0,"73":0,"74":0,"75":0,"76":0,"77":0,"78":0,"79":0,"80":0,"81":0,"82":0,"83":0,"84":0,"85":0,"86":0,"87":0,"88":0,"89":0,"90":0,"91":0,"92":0,"93":0,"94":0,"95":0,"96":0,"97":0,"98":0,"99":1},"f":{"0":0,"1":0,"2":0,"3":0,"4":0,"5":0,"6":0,"7":0,"8":0,"9":0,"10":0,"11":0,"12":0,"13":0,"14":0,"15":0,"16":0,"17":0,"18":0,"19":0,"20":0,"21":0,"22":0,"23":0,"24":0,"25":0},"b":{"0":[0,0],"1":[0],"2":[0],"3":[0],"4":[0,0],"5":[0,0],"6":[0],"7":[0],"8":[0,0],"9":[0,0]}}
,"/Users/azlam/projects/flxbl-io/sfpowerscripts/packages/sfpowerscripts-cli/src/core/git/GitDiffUtil.ts": {"path":"/Users/azlam/projects/flxbl-io/sfpowerscripts/packages/sfpowerscripts-cli/src/core/git/GitDiffUtil.ts","statementMap":{"0":{"start":{"line":1,"column":0},"end":{"line":1,"column":null}},"1":{"start":{"line":2,"column":0},"end":{"line":2,"column":null}},"2":{"start":{"line":3,"column":0},"end":{"line":3,"column":null}},"3":{"start":{"line":5,"column":0},"end":{"line":5,"column":null}},"4":{"start":{"line":6,"column":0},"end":{"line":6,"column":null}},"5":{"start":{"line":7,"column":0},"end":{"line":7,"column":null}},"6":{"start":{"line":8,"column":12},"end":{"line":8,"column":19}},"7":{"start":{"line":22,"column":23},"end":{"line":22,"column":34}},"8":{"start":{"line":31,"column":27},"end":{"line":31,"column":75}},"9":{"start":{"line":32,"column":21},"end":{"line":32,"column":51}},"10":{"start":{"line":33,"column":8},"end":{"line":33,"column":null}},"11":{"start":{"line":37,"column":8},"end":{"line":37,"column":null}},"12":{"start":{"line":38,"column":8},"end":{"line":38,"column":null}},"13":{"start":{"line":39,"column":27},"end":{"line":39,"column":71}},"14":{"start":{"line":40,"column":25},"end":{"line":40,"column":32}},"15":{"start":{"line":41,"column":20},"end":{"line":41,"column":48}},"16":{"start":{"line":42,"column":21},"end":{"line":42,"column":22}},"17":{"start":{"line":43,"column":12},"end":{"line":43,"column":null}},"18":{"start":{"line":43,"column":33},"end":{"line":43,"column":null}},"19":{"start":{"line":44,"column":25},"end":{"line":44,"column":45}},"20":{"start":{"line":45,"column":26},"end":{"line":45,"column":35}},"21":{"start":{"line":46,"column":30},"end":{"line":46,"column":54}},"22":{"start":{"line":47,"column":31},"end":{"line":50,"column":null}},"23":{"start":{"line":51,"column":12},"end":{"line":51,"column":null}},"24":{"start":{"line":53,"column":8},"end":{"line":53,"column":null}},"25":{"start":{"line":57,"column":8},"end":{"line":57,"column":null}},"26":{"start":{"line":59,"column":12},"end":{"line":59,"column":null}},"27":{"start":{"line":60,"column":12},"end":{"line":60,"column":null}},"28":{"start":{"line":66,"column":14},"end":{"line":66,"column":16}},"29":{"start":{"line":67,"column":8},"end":{"line":71,"column":null}},"30":{"start":{"line":69,"column":16},"end":{"line":69,"column":null}},"31":{"start":{"line":73,"column":8},"end":{"line":74,"column":null}},"32":{"start":{"line":74,"column":10},"end":{"line":74,"column":null}},"33":{"start":{"line":76,"column":31},"end":{"line":76,"column":43}},"34":{"start":{"line":77,"column":21},"end":{"line":77,"column":22}},"35":{"start":{"line":78,"column":12},"end":{"line":78,"column":null}},"36":{"start":{"line":79,"column":26},"end":{"line":79,"column":37}},"37":{"start":{"line":81,"column":12},"end":{"line":85,"column":null}},"38":{"start":{"line":87,"column":29},"end":{"line":87,"column":66}},"39":{"start":{"line":89,"column":32},"end":{"line":89,"column":55}},"40":{"start":{"line":92,"column":16},"end":{"line":92,"column":null}},"41":{"start":{"line":95,"column":25},"end":{"line":95,"column":26}},"42":{"start":{"line":96,"column":29},"end":{"line":96,"column":62}},"43":{"start":{"line":97,"column":16},"end":{"line":97,"column":null}},"44":{"start":{"line":99,"column":20},"end":{"line":99,"column":null}},"45":{"start":{"line":102,"column":30},"end":{"line":102,"column":79}},"46":{"start":{"line":103,"column":12},"end":{"line":103,"column":null}},"47":{"start":{"line":108,"column":8},"end":{"line":108,"column":null}},"48":{"start":{"line":110,"column":12},"end":{"line":110,"column":null}},"49":{"start":{"line":111,"column":12},"end":{"line":111,"column":null}},"50":{"start":{"line":114,"column":8},"end":{"line":119,"column":null}},"51":{"start":{"line":115,"column":32},"end":{"line":115,"column":41}},"52":{"start":{"line":117,"column":16},"end":{"line":117,"column":null}},"53":{"start":{"line":123,"column":26},"end":{"line":126,"column":null}},"54":{"start":{"line":130,"column":12},"end":{"line":130,"column":null}},"55":{"start":{"line":133,"column":12},"end":{"line":133,"column":null}},"56":{"start":{"line":137,"column":12},"end":{"line":137,"column":null}},"57":{"start":{"line":141,"column":12},"end":{"line":141,"column":null}},"58":{"start":{"line":145,"column":12},"end":{"line":161,"column":null}},"59":{"start":{"line":146,"column":28},"end":{"line":146,"column":33}},"60":{"start":{"line":147,"column":29},"end":{"line":147,"column":30}},"61":{"start":{"line":148,"column":32},"end":{"line":148,"column":40}},"62":{"start":{"line":152,"column":28},"end":{"line":152,"column":null}},"63":{"start":{"line":154,"column":24},"end":{"line":154,"column":null}},"64":{"start":{"line":155,"column":24},"end":{"line":155,"column":null}},"65":{"start":{"line":159,"column":20},"end":{"line":159,"column":null}},"66":{"start":{"line":165,"column":31},"end":{"line":167,"column":14}},"67":{"start":{"line":166,"column":16},"end":{"line":166,"column":null}},"68":{"start":{"line":170,"column":16},"end":{"line":170,"column":null}},"69":{"start":{"line":173,"column":8},"end":{"line":173,"column":null}},"70":{"start":{"line":24,"column":0},"end":{"line":24,"column":21}}},"fnMap":{"0":{"name":"(anonymous_7)","decl":{"start":{"line":30,"column":11},"end":{"line":30,"column":17}},"loc":{"start":{"line":30,"column":80},"end":{"line":34,"column":null}}},"1":{"name":"(anonymous_8)","decl":{"start":{"line":36,"column":11},"end":{"line":36,"column":17}},"loc":{"start":{"line":36,"column":75},"end":{"line":54,"column":null}}},"2":{"name":"(anonymous_9)","decl":{"start":{"line":56,"column":11},"end":{"line":56,"column":17}},"loc":{"start":{"line":56,"column":80},"end":{"line":105,"column":null}}},"3":{"name":"(anonymous_10)","decl":{"start":{"line":67,"column":40},"end":{"line":67,"column":44}},"loc":{"start":{"line":67,"column":48},"end":{"line":71,"column":9}}},"4":{"name":"(anonymous_11)","decl":{"start":{"line":107,"column":11},"end":{"line":107,"column":17}},"loc":{"start":{"line":107,"column":84},"end":{"line":120,"column":null}}},"5":{"name":"(anonymous_12)","decl":{"start":{"line":114,"column":40},"end":{"line":114,"column":44}},"loc":{"start":{"line":114,"column":48},"end":{"line":119,"column":9}}},"6":{"name":"(anonymous_13)","decl":{"start":{"line":122,"column":11},"end":{"line":122,"column":28}},"loc":{"start":{"line":122,"column":68},"end":{"line":174,"column":null}}},"7":{"name":"(anonymous_14)","decl":{"start":{"line":145,"column":27},"end":{"line":145,"column":32}},"loc":{"start":{"line":145,"column":36},"end":{"line":161,"column":13}}},"8":{"name":"(anonymous_15)","decl":{"start":{"line":165,"column":62},"end":{"line":165,"column":72}},"loc":{"start":{"line":165,"column":100},"end":{"line":167,"column":13}}}},"branchMap":{"0":{"loc":{"start":{"line":43,"column":12},"end":{"line":43,"column":null}},"type":"if","locations":[{"start":{"line":43,"column":12},"end":{"line":43,"column":null}}]},"1":{"loc":{"start":{"line":73,"column":8},"end":{"line":74,"column":null}},"type":"if","locations":[{"start":{"line":73,"column":8},"end":{"line":74,"column":null}}]},"2":{"loc":{"start":{"line":129,"column":12},"end":{"line":129,"column":52}},"type":"binary-expr","locations":[{"start":{"line":129,"column":12},"end":{"line":129,"column":27}},{"start":{"line":129,"column":31},"end":{"line":129,"column":52}}]},"3":{"loc":{"start":{"line":132,"column":12},"end":{"line":132,"column":52}},"type":"binary-expr","locations":[{"start":{"line":132,"column":12},"end":{"line":132,"column":27}},{"start":{"line":132,"column":31},"end":{"line":132,"column":52}}]},"4":{"loc":{"start":{"line":136,"column":12},"end":{"line":136,"column":65}},"type":"binary-expr","locations":[{"start":{"line":136,"column":12},"end":{"line":136,"column":26}},{"start":{"line":136,"column":30},"end":{"line":136,"column":45}},{"start":{"line":136,"column":49},"end":{"line":136,"column":65}}]},"5":{"loc":{"start":{"line":140,"column":12},"end":{"line":140,"column":65}},"type":"binary-expr","locations":[{"start":{"line":140,"column":12},"end":{"line":140,"column":26}},{"start":{"line":140,"column":30},"end":{"line":140,"column":45}},{"start":{"line":140,"column":49},"end":{"line":140,"column":65}}]},"6":{"loc":{"start":{"line":144,"column":12},"end":{"line":144,"column":46}},"type":"binary-expr","locations":[{"start":{"line":144,"column":12},"end":{"line":144,"column":27}},{"start":{"line":144,"column":31},"end":{"line":144,"column":46}}]}},"s":{"0":1,"1":1,"2":1,"3":1,"4":1,"5":1,"6":1,"7":1,"8":0,"9":0,"10":0,"11":0,"12":0,"13":0,"14":0,"15":0,"16":0,"17":0,"18":0,"19":0,"20":0,"21":0,"22":0,"23":0,"24":0,"25":0,"26":0,"27":0,"28":0,"29":0,"30":0,"31":0,"32":0,"33":0,"34":0,"35":0,"36":0,"37":0,"38":0,"39":0,"40":0,"41":0,"42":0,"43":0,"44":0,"45":0,"46":0,"47":0,"48":0,"49":0,"50":0,"51":0,"52":0,"53":0,"54":0,"55":0,"56":0,"57":0,"58":0,"59":0,"60":0,"61":0,"62":0,"63":0,"64":0,"65":0,"66":0,"67":0,"68":0,"69":0,"70":1},"f":{"0":0,"1":0,"2":0,"3":0,"4":0,"5":0,"6":0,"7":0,"8":0},"b":{"0":[0],"1":[0],"2":[0,0],"3":[0,0],"4":[0,0,0],"5":[0,0,0],"6":[0,0]}}
,"/Users/azlam/projects/flxbl-io/sfpowerscripts/packages/sfpowerscripts-cli/src/core/git/GitIdentity.ts": {"path":"/Users/azlam/projects/flxbl-io/sfpowerscripts/packages/sfpowerscripts-cli/src/core/git/GitIdentity.ts","statementMap":{"0":{"start":{"line":4,"column":24},"end":{"line":4,"column":38}},"1":{"start":{"line":7,"column":8},"end":{"line":7,"column":null}},"2":{"start":{"line":8,"column":8},"end":{"line":8,"column":null}},"3":{"start":{"line":15,"column":12},"end":{"line":15,"column":null}},"4":{"start":{"line":17,"column":12},"end":{"line":17,"column":null}},"5":{"start":{"line":20,"column":8},"end":{"line":20,"column":null}},"6":{"start":{"line":27,"column":12},"end":{"line":27,"column":null}},"7":{"start":{"line":29,"column":12},"end":{"line":29,"column":null}},"8":{"start":{"line":32,"column":8},"end":{"line":32,"column":null}},"9":{"start":{"line":3,"column":0},"end":{"line":3,"column":21}}},"fnMap":{"0":{"name":"(anonymous_0)","decl":{"start":{"line":4,"column":4},"end":{"line":4,"column":24}},"loc":{"start":{"line":4,"column":38},"end":{"line":4,"column":null}}},"1":{"name":"(anonymous_1)","decl":{"start":{"line":6,"column":4},"end":{"line":6,"column":10}},"loc":{"start":{"line":6,"column":29},"end":{"line":9,"column":null}}},"2":{"name":"(anonymous_2)","decl":{"start":{"line":11,"column":12},"end":{"line":11,"column":18}},"loc":{"start":{"line":11,"column":29},"end":{"line":21,"column":null}}},"3":{"name":"(anonymous_3)","decl":{"start":{"line":23,"column":12},"end":{"line":23,"column":18}},"loc":{"start":{"line":23,"column":26},"end":{"line":33,"column":null}}}},"branchMap":{},"s":{"0":0,"1":0,"2":0,"3":0,"4":0,"5":0,"6":0,"7":0,"8":0,"9":1},"f":{"0":0,"1":0,"2":0,"3":0},"b":{}}
,"/Users/azlam/projects/flxbl-io/sfpowerscripts/packages/sfpowerscripts-cli/src/core/git/GitTags.ts": {"path":"/Users/azlam/projects/flxbl-io/sfpowerscripts/packages/sfpowerscripts-cli/src/core/git/GitTags.ts","statementMap":{"0":{"start":{"line":2,"column":0},"end":{"line":2,"column":null}},"1":{"start":{"line":5,"column":24},"end":{"line":5,"column":32}},"2":{"start":{"line":5,"column":42},"end":{"line":5,"column":62}},"3":{"start":{"line":14,"column":29},"end":{"line":19,"column":10}},"4":{"start":{"line":21,"column":8},"end":{"line":22,"column":null}},"5":{"start":{"line":21,"column":29},"end":{"line":21,"column":71}},"6":{"start":{"line":22,"column":13},"end":{"line":22,"column":null}},"7":{"start":{"line":27,"column":32},"end":{"line":27,"column":92}},"8":{"start":{"line":32,"column":35},"end":{"line":36,"column":10}},"9":{"start":{"line":38,"column":29},"end":{"line":38,"column":60}},"10":{"start":{"line":40,"column":32},"end":{"line":40,"column":58}},"11":{"start":{"line":41,"column":8},"end":{"line":41,"column":22}},"12":{"start":{"line":45,"column":48},"end":{"line":45,"column":117}},"13":{"start":{"line":45,"column":75},"end":{"line":45,"column":116}},"14":{"start":{"line":48,"column":8},"end":{"line":50,"column":null}},"15":{"start":{"line":49,"column":40},"end":{"line":49,"column":116}},"16":{"start":{"line":53,"column":45},"end":{"line":53,"column":104}},"17":{"start":{"line":53,"column":66},"end":{"line":53,"column":103}},"18":{"start":{"line":55,"column":8},"end":{"line":55,"column":null}},"19":{"start":{"line":61,"column":19},"end":{"line":61,"column":48}},"20":{"start":{"line":62,"column":24},"end":{"line":62,"column":34}},"21":{"start":{"line":63,"column":8},"end":{"line":69,"column":null}},"22":{"start":{"line":64,"column":42},"end":{"line":65,"column":null}},"23":{"start":{"line":67,"column":12},"end":{"line":68,"column":null}},"24":{"start":{"line":67,"column":23},"end":{"line":67,"column":96}},"25":{"start":{"line":68,"column":17},"end":{"line":68,"column":null}},"26":{"start":{"line":69,"column":15},"end":{"line":69,"column":null}},"27":{"start":{"line":71,"column":8},"end":{"line":71,"column":null}},"28":{"start":{"line":75,"column":23},"end":{"line":75,"column":54}},"29":{"start":{"line":78,"column":12},"end":{"line":78,"column":null}},"30":{"start":{"line":82,"column":12},"end":{"line":85,"column":null}},"31":{"start":{"line":83,"column":16},"end":{"line":84,"column":null}},"32":{"start":{"line":83,"column":39},"end":{"line":83,"column":70}},"33":{"start":{"line":84,"column":21},"end":{"line":84,"column":null}},"34":{"start":{"line":88,"column":8},"end":{"line":88,"column":null}},"35":{"start":{"line":93,"column":22},"end":{"line":93,"column":51}},"36":{"start":{"line":96,"column":12},"end":{"line":96,"column":null}},"37":{"start":{"line":99,"column":31},"end":{"line":99,"column":69}},"38":{"start":{"line":100,"column":8},"end":{"line":100,"column":null}},"39":{"start":{"line":105,"column":33},"end":{"line":105,"column":62}},"40":{"start":{"line":109,"column":12},"end":{"line":109,"column":null}},"41":{"start":{"line":111,"column":12},"end":{"line":111,"column":null}},"42":{"start":{"line":115,"column":12},"end":{"line":115,"column":null}},"43":{"start":{"line":118,"column":29},"end":{"line":118,"column":70}},"44":{"start":{"line":120,"column":29},"end":{"line":129,"column":12}},"45":{"start":{"line":122,"column":41},"end":{"line":122,"column":58}},"46":{"start":{"line":123,"column":30},"end":{"line":123,"column":56}},"47":{"start":{"line":124,"column":12},"end":{"line":124,"column":null}},"48":{"start":{"line":127,"column":33},"end":{"line":127,"column":75}},"49":{"start":{"line":128,"column":12},"end":{"line":128,"column":null}},"50":{"start":{"line":131,"column":8},"end":{"line":131,"column":null}},"51":{"start":{"line":131,"column":39},"end":{"line":131,"column":47}},"52":{"start":{"line":135,"column":53},"end":{"line":135,"column":55}},"53":{"start":{"line":138,"column":8},"end":{"line":143,"column":null}},"54":{"start":{"line":139,"column":8},"end":{"line":142,"column":null}},"55":{"start":{"line":141,"column":40},"end":{"line":141,"column":70}},"56":{"start":{"line":146,"column":37},"end":{"line":146,"column":73}},"57":{"start":{"line":147,"column":34},"end":{"line":147,"column":105}},"58":{"start":{"line":147,"column":75},"end":{"line":147,"column":104}},"59":{"start":{"line":148,"column":8},"end":{"line":148,"column":null}},"60":{"start":{"line":4,"column":0},"end":{"line":4,"column":21}}},"fnMap":{"0":{"name":"(anonymous_0)","decl":{"start":{"line":5,"column":4},"end":{"line":5,"column":24}},"loc":{"start":{"line":5,"column":62},"end":{"line":5,"column":null}}},"1":{"name":"(anonymous_1)","decl":{"start":{"line":13,"column":4},"end":{"line":13,"column":10}},"loc":{"start":{"line":13,"column":26},"end":{"line":23,"column":null}}},"2":{"name":"(anonymous_2)","decl":{"start":{"line":25,"column":12},"end":{"line":25,"column":18}},"loc":{"start":{"line":25,"column":56},"end":{"line":56,"column":null}}},"3":{"name":"(anonymous_3)","decl":{"start":{"line":45,"column":64},"end":{"line":45,"column":70}},"loc":{"start":{"line":45,"column":75},"end":{"line":45,"column":116}}},"4":{"name":"(anonymous_4)","decl":{"start":{"line":49,"column":13},"end":{"line":49,"column":35}},"loc":{"start":{"line":49,"column":40},"end":{"line":49,"column":116}}},"5":{"name":"(anonymous_5)","decl":{"start":{"line":53,"column":58},"end":{"line":53,"column":61}},"loc":{"start":{"line":53,"column":66},"end":{"line":53,"column":103}}},"6":{"name":"(anonymous_6)","decl":{"start":{"line":58,"column":11},"end":{"line":58,"column":17}},"loc":{"start":{"line":58,"column":40},"end":{"line":72,"column":null}}},"7":{"name":"(anonymous_7)","decl":{"start":{"line":74,"column":12},"end":{"line":74,"column":47}},"loc":{"start":{"line":74,"column":76},"end":{"line":89,"column":null}}},"8":{"name":"(anonymous_8)","decl":{"start":{"line":82,"column":51},"end":{"line":82,"column":52}},"loc":{"start":{"line":82,"column":85},"end":{"line":85,"column":13}}},"9":{"name":"(anonymous_9)","decl":{"start":{"line":92,"column":11},"end":{"line":92,"column":17}},"loc":{"start":{"line":92,"column":40},"end":{"line":101,"column":null}}},"10":{"name":"(anonymous_10)","decl":{"start":{"line":104,"column":11},"end":{"line":104,"column":17}},"loc":{"start":{"line":104,"column":67},"end":{"line":132,"column":null}}},"11":{"name":"(anonymous_11)","decl":{"start":{"line":121,"column":15},"end":{"line":121,"column":21}},"loc":{"start":{"line":121,"column":24},"end":{"line":125,"column":11}}},"12":{"name":"(anonymous_12)","decl":{"start":{"line":126,"column":18},"end":{"line":126,"column":21}},"loc":{"start":{"line":126,"column":24},"end":{"line":129,"column":11}}},"13":{"name":"(anonymous_13)","decl":{"start":{"line":131,"column":32},"end":{"line":131,"column":35}},"loc":{"start":{"line":131,"column":39},"end":{"line":131,"column":47}}},"14":{"name":"(anonymous_14)","decl":{"start":{"line":134,"column":12},"end":{"line":134,"column":18}},"loc":{"start":{"line":134,"column":54},"end":{"line":149,"column":null}}},"15":{"name":"(anonymous_15)","decl":{"start":{"line":138,"column":22},"end":{"line":138,"column":33}},"loc":{"start":{"line":138,"column":37},"end":{"line":143,"column":9}}},"16":{"name":"(anonymous_16)","decl":{"start":{"line":141,"column":19},"end":{"line":141,"column":35}},"loc":{"start":{"line":141,"column":40},"end":{"line":141,"column":70}}},"17":{"name":"(anonymous_17)","decl":{"start":{"line":147,"column":43},"end":{"line":147,"column":44}},"loc":{"start":{"line":147,"column":75},"end":{"line":147,"column":104}}}},"branchMap":{"0":{"loc":{"start":{"line":21,"column":8},"end":{"line":22,"column":null}},"type":"if","locations":[{"start":{"line":21,"column":8},"end":{"line":22,"column":null}},{"start":{"line":22,"column":13},"end":{"line":22,"column":null}}]},"1":{"loc":{"start":{"line":63,"column":8},"end":{"line":69,"column":null}},"type":"if","locations":[{"start":{"line":63,"column":8},"end":{"line":69,"column":null}},{"start":{"line":69,"column":15},"end":{"line":69,"column":null}}]},"2":{"loc":{"start":{"line":67,"column":12},"end":{"line":68,"column":null}},"type":"if","locations":[{"start":{"line":67,"column":12},"end":{"line":68,"column":null}},{"start":{"line":68,"column":17},"end":{"line":68,"column":null}}]},"3":{"loc":{"start":{"line":77,"column":12},"end":{"line":77,"column":65}},"type":"binary-expr","locations":[{"start":{"line":77,"column":12},"end":{"line":77,"column":32}},{"start":{"line":77,"column":36},"end":{"line":77,"column":65}}]},"4":{"loc":{"start":{"line":83,"column":16},"end":{"line":84,"column":null}},"type":"if","locations":[{"start":{"line":83,"column":16},"end":{"line":84,"column":null}},{"start":{"line":84,"column":21},"end":{"line":84,"column":null}}]},"5":{"loc":{"start":{"line":128,"column":19},"end":{"line":128,"column":56}},"type":"binary-expr","locations":[{"start":{"line":128,"column":19},"end":{"line":128,"column":27}},{"start":{"line":128,"column":31},"end":{"line":128,"column":56}}]}},"s":{"0":1,"1":3,"2":3,"3":3,"4":3,"5":2,"6":1,"7":2,"8":2,"9":2,"10":2,"11":2,"12":2,"13":24,"14":2,"15":8,"16":2,"17":8,"18":2,"19":0,"20":0,"21":0,"22":0,"23":0,"24":0,"25":0,"26":0,"27":0,"28":0,"29":0,"30":0,"31":0,"32":0,"33":0,"34":0,"35":0,"36":0,"37":0,"38":0,"39":0,"40":0,"41":0,"42":0,"43":0,"44":0,"45":0,"46":0,"47":0,"48":0,"49":0,"50":0,"51":0,"52":0,"53":0,"54":0,"55":0,"56":0,"57":0,"58":0,"59":0,"60":1},"f":{"0":3,"1":3,"2":2,"3":24,"4":8,"5":8,"6":0,"7":0,"8":0,"9":0,"10":0,"11":0,"12":0,"13":0,"14":0,"15":0,"16":0,"17":0},"b":{"0":[2,1],"1":[0,0],"2":[0,0],"3":[0,0],"4":[0,0],"5":[0,0]}}
,"/Users/azlam/projects/flxbl-io/sfpowerscripts/packages/sfpowerscripts-cli/src/core/metadata/MetadataFiles.ts": {"path":"/Users/azlam/projects/flxbl-io/sfpowerscripts/packages/sfpowerscripts-cli/src/core/metadata/MetadataFiles.ts","statementMap":{"0":{"start":{"line":2,"column":0},"end":{"line":2,"column":null}},"1":{"start":{"line":3,"column":0},"end":{"line":3,"column":null}},"2":{"start":{"line":4,"column":0},"end":{"line":4,"column":null}},"3":{"start":{"line":5,"column":0},"end":{"line":5,"column":null}},"4":{"start":{"line":6,"column":0},"end":{"line":6,"column":null}},"5":{"start":{"line":7,"column":0},"end":{"line":7,"column":null}},"6":{"start":{"line":8,"column":0},"end":{"line":8,"column":null}},"7":{"start":{"line":9,"column":0},"end":{"line":9,"column":null}},"8":{"start":{"line":11,"column":12},"end":{"line":11,"column":19}},"9":{"start":{"line":18,"column":12},"end":{"line":18,"column":null}},"10":{"start":{"line":20,"column":12},"end":{"line":20,"column":null}},"11":{"start":{"line":24,"column":23},"end":{"line":24,"column":25}},"12":{"start":{"line":25,"column":27},"end":{"line":25,"column":65}},"13":{"start":{"line":26,"column":28},"end":{"line":26,"column":47}},"14":{"start":{"line":27,"column":28},"end":{"line":27,"column":91}},"15":{"start":{"line":29,"column":29},"end":{"line":29,"column":68}},"16":{"start":{"line":30,"column":28},"end":{"line":30,"column":81}},"17":{"start":{"line":31,"column":12},"end":{"line":31,"column":null}},"18":{"start":{"line":33,"column":12},"end":{"line":33,"column":null}},"19":{"start":{"line":35,"column":8},"end":{"line":35,"column":null}},"20":{"start":{"line":38,"column":23},"end":{"line":38,"column":25}},"21":{"start":{"line":39,"column":27},"end":{"line":39,"column":65}},"22":{"start":{"line":40,"column":28},"end":{"line":40,"column":47}},"23":{"start":{"line":41,"column":28},"end":{"line":41,"column":91}},"24":{"start":{"line":43,"column":29},"end":{"line":43,"column":68}},"25":{"start":{"line":44,"column":28},"end":{"line":44,"column":67}},"26":{"start":{"line":45,"column":12},"end":{"line":45,"column":null}},"27":{"start":{"line":47,"column":12},"end":{"line":47,"column":null}},"28":{"start":{"line":49,"column":8},"end":{"line":49,"column":null}},"29":{"start":{"line":53,"column":21},"end":{"line":53,"column":25}},"30":{"start":{"line":54,"column":28},"end":{"line":54,"column":47}},"31":{"start":{"line":55,"column":28},"end":{"line":55,"column":67}},"32":{"start":{"line":56,"column":8},"end":{"line":56,"column":null}},"33":{"start":{"line":59,"column":12},"end":{"line":59,"column":null}},"34":{"start":{"line":61,"column":8},"end":{"line":61,"column":null}},"35":{"start":{"line":65,"column":28},"end":{"line":65,"column":47}},"36":{"start":{"line":66,"column":24},"end":{"line":66,"column":48}},"37":{"start":{"line":67,"column":28},"end":{"line":67,"column":83}},"38":{"start":{"line":68,"column":49},"end":{"line":68,"column":68}},"39":{"start":{"line":70,"column":29},"end":{"line":70,"column":57}},"40":{"start":{"line":71,"column":28},"end":{"line":71,"column":66}},"41":{"start":{"line":72,"column":12},"end":{"line":72,"column":null}},"42":{"start":{"line":74,"column":27},"end":{"line":74,"column":57}},"43":{"start":{"line":75,"column":28},"end":{"line":75,"column":72}},"44":{"start":{"line":76,"column":26},"end":{"line":76,"column":59}},"45":{"start":{"line":77,"column":12},"end":{"line":77,"column":null}},"46":{"start":{"line":78,"column":12},"end":{"line":78,"column":null}},"47":{"start":{"line":81,"column":16},"end":{"line":81,"column":null}},"48":{"start":{"line":83,"column":35},"end":{"line":83,"column":53}},"49":{"start":{"line":84,"column":34},"end":{"line":84,"column":51}},"50":{"start":{"line":85,"column":45},"end":{"line":85,"column":74}},"51":{"start":{"line":86,"column":47},"end":{"line":86,"column":72}},"52":{"start":{"line":88,"column":20},"end":{"line":88,"column":null}},"53":{"start":{"line":91,"column":35},"end":{"line":91,"column":52}},"54":{"start":{"line":92,"column":36},"end":{"line":92,"column":80}},"55":{"start":{"line":93,"column":34},"end":{"line":93,"column":67}},"56":{"start":{"line":94,"column":20},"end":{"line":94,"column":null}},"57":{"start":{"line":95,"column":36},"end":{"line":95,"column":58}},"58":{"start":{"line":97,"column":20},"end":{"line":97,"column":null}},"59":{"start":{"line":100,"column":35},"end":{"line":100,"column":48}},"60":{"start":{"line":101,"column":36},"end":{"line":101,"column":80}},"61":{"start":{"line":102,"column":34},"end":{"line":102,"column":67}},"62":{"start":{"line":103,"column":20},"end":{"line":103,"column":null}},"63":{"start":{"line":104,"column":36},"end":{"line":104,"column":58}},"64":{"start":{"line":106,"column":20},"end":{"line":106,"column":null}},"65":{"start":{"line":108,"column":36},"end":{"line":108,"column":76}},"66":{"start":{"line":109,"column":20},"end":{"line":109,"column":null}},"67":{"start":{"line":113,"column":8},"end":{"line":113,"column":null}},"68":{"start":{"line":117,"column":38},"end":{"line":117,"column":74}},"69":{"start":{"line":118,"column":19},"end":{"line":118,"column":45}},"70":{"start":{"line":120,"column":12},"end":{"line":174,"column":null}},"71":{"start":{"line":121,"column":28},"end":{"line":121,"column":33}},"72":{"start":{"line":123,"column":29},"end":{"line":123,"column":30}},"73":{"start":{"line":124,"column":32},"end":{"line":124,"column":37}},"74":{"start":{"line":126,"column":24},"end":{"line":126,"column":null}},"75":{"start":{"line":131,"column":24},"end":{"line":131,"column":null}},"76":{"start":{"line":135,"column":28},"end":{"line":135,"column":null}},"77":{"start":{"line":136,"column":28},"end":{"line":136,"column":null}},"78":{"start":{"line":139,"column":28},"end":{"line":139,"column":null}},"79":{"start":{"line":141,"column":39},"end":{"line":143,"column":null}},"80":{"start":{"line":147,"column":48},"end":{"line":147,"column":71}},"81":{"start":{"line":148,"column":49},"end":{"line":148,"column":80}},"82":{"start":{"line":149,"column":32},"end":{"line":149,"column":null}},"83":{"start":{"line":152,"column":28},"end":{"line":152,"column":null}},"84":{"start":{"line":154,"column":24},"end":{"line":154,"column":null}},"85":{"start":{"line":155,"column":24},"end":{"line":155,"column":null}},"86":{"start":{"line":160,"column":39},"end":{"line":160,"column":57}},"87":{"start":{"line":163,"column":28},"end":{"line":163,"column":null}},"88":{"start":{"line":164,"column":28},"end":{"line":164,"column":null}},"89":{"start":{"line":167,"column":28},"end":{"line":167,"column":null}},"90":{"start":{"line":169,"column":39},"end":{"line":169,"column":90}},"91":{"start":{"line":170,"column":28},"end":{"line":170,"column":null}},"92":{"start":{"line":176,"column":12},"end":{"line":181,"column":null}},"93":{"start":{"line":178,"column":20},"end":{"line":178,"column":null}},"94":{"start":{"line":179,"column":20},"end":{"line":179,"column":null}},"95":{"start":{"line":186,"column":8},"end":{"line":186,"column":null}},"96":{"start":{"line":190,"column":35},"end":{"line":190,"column":119}},"97":{"start":{"line":190,"column":109},"end":{"line":190,"column":118}},"98":{"start":{"line":192,"column":12},"end":{"line":192,"column":null}},"99":{"start":{"line":194,"column":29},"end":{"line":197,"column":10}},"100":{"start":{"line":195,"column":42},"end":{"line":195,"column":74}},"101":{"start":{"line":196,"column":12},"end":{"line":196,"column":null}},"102":{"start":{"line":198,"column":8},"end":{"line":198,"column":null}},"103":{"start":{"line":209,"column":8},"end":{"line":209,"column":null}},"104":{"start":{"line":210,"column":33},"end":{"line":210,"column":68}},"105":{"start":{"line":211,"column":34},"end":{"line":211,"column":76}},"106":{"start":{"line":212,"column":40},"end":{"line":212,"column":69}},"107":{"start":{"line":213,"column":32},"end":{"line":213,"column":92}},"108":{"start":{"line":215,"column":31},"end":{"line":215,"column":43}},"109":{"start":{"line":218,"column":12},"end":{"line":218,"column":null}},"110":{"start":{"line":221,"column":21},"end":{"line":221,"column":69}},"111":{"start":{"line":223,"column":12},"end":{"line":223,"column":null}},"112":{"start":{"line":227,"column":24},"end":{"line":227,"column":44}},"113":{"start":{"line":229,"column":16},"end":{"line":229,"column":null}},"114":{"start":{"line":230,"column":16},"end":{"line":230,"column":null}},"115":{"start":{"line":234,"column":23},"end":{"line":234,"column":48}},"116":{"start":{"line":237,"column":12},"end":{"line":237,"column":null}},"117":{"start":{"line":240,"column":28},"end":{"line":240,"column":47}},"118":{"start":{"line":243,"column":12},"end":{"line":243,"column":null}},"119":{"start":{"line":246,"column":21},"end":{"line":246,"column":22}},"120":{"start":{"line":247,"column":25},"end":{"line":247,"column":58}},"121":{"start":{"line":248,"column":12},"end":{"line":248,"column":null}},"122":{"start":{"line":250,"column":16},"end":{"line":250,"column":null}},"123":{"start":{"line":255,"column":36},"end":{"line":255,"column":38}},"124":{"start":{"line":257,"column":12},"end":{"line":257,"column":null}},"125":{"start":{"line":259,"column":28},"end":{"line":259,"column":52}},"126":{"start":{"line":260,"column":12},"end":{"line":260,"column":null}},"127":{"start":{"line":262,"column":20},"end":{"line":262,"column":51}},"128":{"start":{"line":263,"column":21},"end":{"line":263,"column":22}},"129":{"start":{"line":265,"column":34},"end":{"line":265,"column":58}},"130":{"start":{"line":266,"column":39},"end":{"line":266,"column":61}},"131":{"start":{"line":267,"column":16},"end":{"line":267,"column":null}},"132":{"start":{"line":268,"column":33},"end":{"line":268,"column":66}},"133":{"start":{"line":269,"column":16},"end":{"line":269,"column":null}},"134":{"start":{"line":276,"column":31},"end":{"line":276,"column":70}},"135":{"start":{"line":277,"column":36},"end":{"line":277,"column":104}},"136":{"start":{"line":278,"column":29},"end":{"line":278,"column":71}},"137":{"start":{"line":279,"column":29},"end":{"line":279,"column":74}},"138":{"start":{"line":281,"column":16},"end":{"line":281,"column":null}},"139":{"start":{"line":287,"column":12},"end":{"line":287,"column":null}},"140":{"start":{"line":288,"column":28},"end":{"line":288,"column":31}},"141":{"start":{"line":289,"column":37},"end":{"line":289,"column":39}},"142":{"start":{"line":290,"column":31},"end":{"line":290,"column":33}},"143":{"start":{"line":291,"column":25},"end":{"line":291,"column":26}},"144":{"start":{"line":292,"column":16},"end":{"line":292,"column":null}},"145":{"start":{"line":293,"column":16},"end":{"line":293,"column":null}},"146":{"start":{"line":295,"column":40},"end":{"line":295,"column":60}},"147":{"start":{"line":296,"column":45},"end":{"line":296,"column":69}},"148":{"start":{"line":297,"column":20},"end":{"line":297,"column":null}},"149":{"start":{"line":298,"column":20},"end":{"line":298,"column":null}},"150":{"start":{"line":299,"column":20},"end":{"line":299,"column":null}},"151":{"start":{"line":300,"column":20},"end":{"line":300,"column":null}},"152":{"start":{"line":301,"column":20},"end":{"line":301,"column":null}},"153":{"start":{"line":304,"column":28},"end":{"line":304,"column":null}},"154":{"start":{"line":307,"column":20},"end":{"line":307,"column":null}},"155":{"start":{"line":311,"column":16},"end":{"line":311,"column":null}},"156":{"start":{"line":314,"column":16},"end":{"line":314,"column":null}},"157":{"start":{"line":319,"column":12},"end":{"line":319,"column":null}},"158":{"start":{"line":320,"column":28},"end":{"line":320,"column":31}},"159":{"start":{"line":321,"column":25},"end":{"line":321,"column":26}},"160":{"start":{"line":322,"column":16},"end":{"line":322,"column":null}},"161":{"start":{"line":323,"column":16},"end":{"line":323,"column":null}},"162":{"start":{"line":325,"column":40},"end":{"line":325,"column":60}},"163":{"start":{"line":326,"column":45},"end":{"line":326,"column":69}},"164":{"start":{"line":327,"column":20},"end":{"line":327,"column":null}},"165":{"start":{"line":328,"column":20},"end":{"line":328,"column":null}},"166":{"start":{"line":332,"column":28},"end":{"line":332,"column":null}},"167":{"start":{"line":335,"column":20},"end":{"line":335,"column":null}},"168":{"start":{"line":339,"column":16},"end":{"line":339,"column":null}},"169":{"start":{"line":14,"column":18},"end":{"line":14,"column":null}},"170":{"start":{"line":13,"column":21},"end":{"line":13,"column":null}}},"fnMap":{"0":{"name":"(anonymous_7)","decl":{"start":{"line":16,"column":4},"end":{"line":16,"column":null}},"loc":{"start":{"line":16,"column":4},"end":{"line":22,"column":null}}},"1":{"name":"(anonymous_8)","decl":{"start":{"line":23,"column":4},"end":{"line":23,"column":11}},"loc":{"start":{"line":23,"column":42},"end":{"line":36,"column":null}}},"2":{"name":"(anonymous_9)","decl":{"start":{"line":37,"column":4},"end":{"line":37,"column":11}},"loc":{"start":{"line":37,"column":55},"end":{"line":50,"column":null}}},"3":{"name":"(anonymous_10)","decl":{"start":{"line":52,"column":11},"end":{"line":52,"column":18}},"loc":{"start":{"line":52,"column":65},"end":{"line":62,"column":null}}},"4":{"name":"(anonymous_11)","decl":{"start":{"line":63,"column":11},"end":{"line":63,"column":18}},"loc":{"start":{"line":63,"column":74},"end":{"line":114,"column":null}}},"5":{"name":"(anonymous_12)","decl":{"start":{"line":116,"column":11},"end":{"line":116,"column":25}},"loc":{"start":{"line":116,"column":63},"end":{"line":183,"column":null}}},"6":{"name":"(anonymous_13)","decl":{"start":{"line":120,"column":35},"end":{"line":120,"column":47}},"loc":{"start":{"line":120,"column":51},"end":{"line":174,"column":13}}},"7":{"name":"(anonymous_14)","decl":{"start":{"line":176,"column":26},"end":{"line":176,"column":29}},"loc":{"start":{"line":176,"column":33},"end":{"line":181,"column":13}}},"8":{"name":"(anonymous_15)","decl":{"start":{"line":185,"column":11},"end":{"line":185,"column":18}},"loc":{"start":{"line":185,"column":35},"end":{"line":187,"column":null}}},"9":{"name":"(anonymous_16)","decl":{"start":{"line":189,"column":11},"end":{"line":189,"column":17}},"loc":{"start":{"line":189,"column":50},"end":{"line":199,"column":null}}},"10":{"name":"(anonymous_17)","decl":{"start":{"line":190,"column":100},"end":{"line":190,"column":104}},"loc":{"start":{"line":190,"column":109},"end":{"line":190,"column":118}}},"11":{"name":"(anonymous_18)","decl":{"start":{"line":194,"column":54},"end":{"line":194,"column":67}},"loc":{"start":{"line":194,"column":71},"end":{"line":197,"column":9}}},"12":{"name":"(anonymous_19)","decl":{"start":{"line":208,"column":11},"end":{"line":208,"column":18}},"loc":{"start":{"line":208,"column":65},"end":{"line":342,"column":null}}}},"branchMap":{"0":{"loc":{"start":{"line":57,"column":12},"end":{"line":57,"column":101}},"type":"binary-expr","locations":[{"start":{"line":57,"column":12},"end":{"line":57,"column":54}},{"start":{"line":57,"column":58},"end":{"line":57,"column":101}}]},"1":{"loc":{
[...]
,"/Users/azlam/projects/flxbl-io/sfpowerscripts/packages/sfpowerscripts-cli/src/impl/dependency/ShrinkImpl.ts": {"path":"/Users/azlam/projects/flxbl-io/sfpowerscripts/packages/sfpowerscripts-cli/src/impl/dependency/ShrinkImpl.ts","statementMap":{"0":{"start":{"line":1,"column":0},"end":{"line":1,"column":null}},"1":{"start":{"line":2,"column":0},"end":{"line":2,"column":null}},"2":{"start":{"line":3,"column":0},"end":{"line":3,"column":null}},"3":{"start":{"line":4,"column":0},"end":{"line":4,"column":null}},"4":{"start":{"line":6,"column":14},"end":{"line":6,"column":34}},"5":{"start":{"line":7,"column":0},"end":{"line":7,"column":null}},"6":{"start":{"line":14,"column":24},"end":{"line":14,"column":47}},"7":{"start":{"line":14,"column":57},"end":{"line":14,"column":72}},"8":{"start":{"line":16,"column":8},"end":{"line":16,"column":null}},"9":{"start":{"line":18,"column":8},"end":{"line":18,"column":null}},"10":{"start":{"line":20,"column":45},"end":{"line":21,"column":null}},"11":{"start":{"line":24,"column":8},"end":{"line":24,"column":null}},"12":{"start":{"line":25,"column":8},"end":{"line":25,"column":null}},"13":{"start":{"line":27,"column":8},"end":{"line":27,"column":null}},"14":{"start":{"line":29,"column":8},"end":{"line":29,"column":null}},"15":{"start":{"line":33,"column":19},"end":{"line":33,"column":44}},"16":{"start":{"line":36,"column":12},"end":{"line":40,"column":null}},"17":{"start":{"line":41,"column":33},"end":{"line":41,"column":55}},"18":{"start":{"line":42,"column":38},"end":{"line":42,"column":65}},"19":{"start":{"line":45,"column":20},"end":{"line":51,"column":null}},"20":{"start":{"line":53,"column":37},"end":{"line":53,"column":38}},"21":{"start":{"line":55,"column":32},"end":{"line":55,"column":null}},"22":{"start":{"line":60,"column":20},"end":{"line":64,"column":null}},"23":{"start":{"line":68,"column":12},"end":{"line":68,"column":null}},"24":{"start":{"line":74,"column":8},"end":{"line":78,"column":null}},"25":{"start":{"line":76,"column":16},"end":{"line":76,"column":null}},"26":{"start":{"line":9,"column":0},"end":{"line":9,"column":21}}},"fnMap":{"0":{"name":"(anonymous_7)","decl":{"start":{"line":14,"column":4},"end":{"line":14,"column":24}},"loc":{"start":{"line":14,"column":72},"end":{"line":14,"column":null}}},"1":{"name":"(anonymous_8)","decl":{"start":{"line":15,"column":11},"end":{"line":15,"column":17}},"loc":{"start":{"line":15,"column":58},"end":{"line":30,"column":null}}},"2":{"name":"(anonymous_9)","decl":{"start":{"line":32,"column":12},"end":{"line":32,"column":18}},"loc":{"start":{"line":32,"column":65},"end":{"line":71,"column":null}}},"3":{"name":"(anonymous_10)","decl":{"start":{"line":73,"column":12},"end":{"line":73,"column":18}},"loc":{"start":{"line":73,"column":81},"end":{"line":79,"column":null}}},"4":{"name":"(anonymous_11)","decl":{"start":{"line":74,"column":58},"end":{"line":74,"column":61}},"loc":{"start":{"line":74,"column":65},"end":{"line":78,"column":9}}}},"branchMap":{},"s":{"0":1,"1":1,"2":1,"3":1,"4":1,"5":1,"6":2,"7":2,"8":2,"9":2,"10":2,"11":2,"12":2,"13":2,"14":2,"15":2,"16":12,"17":12,"18":12,"19":22,"20":36,"21":24,"22":18,"23":12,"24":12,"25":10,"26":1},"f":{"0":2,"1":2,"2":2,"3":12,"4":72},"b":{}}
,"/Users/azlam/projects/flxbl-io/sfpowerscripts/packages/sfpowerscripts-cli/src/impl/parallelBuilder/BuildCollections.ts": {"path":"/Users/azlam/projects/flxbl-io/sfpowerscripts/packages/sfpowerscripts-cli/src/impl/parallelBuilder/BuildCollections.ts","statementMap":{"0":{"start":{"line":1,"column":0},"end":{"line":1,"column":null}},"1":{"start":{"line":2,"column":0},"end":{"line":2,"column":null}},"2":{"start":{"line":12,"column":8},"end":{"line":12,"column":null}},"3":{"start":{"line":16,"column":8},"end":{"line":16,"column":null}},"4":{"start":{"line":24,"column":8},"end":{"line":24,"column":null}},"5":{"start":{"line":26,"column":28},"end":{"line":26,"column":80}},"6":{"start":{"line":29,"column":16},"end":{"line":49,"column":null}},"7":{"start":{"line":30,"column":20},"end":{"line":30,"column":null}},"8":{"start":{"line":30,"column":65},"end":{"line":30,"column":null}},"9":{"start":{"line":32,"column":20},"end":{"line":45,"column":null}},"10":{"start":{"line":36,"column":28},"end":{"line":41,"column":null}},"11":{"start":{"line":36,"column":80},"end":{"line":36,"column":116}},"12":{"start":{"line":37,"column":32},"end":{"line":37,"column":null}},"13":{"start":{"line":39,"column":32},"end":{"line":41,"column":null}},"14":{"start":{"line":44,"column":24},"end":{"line":44,"column":null}},"15":{"start":{"line":47,"column":20},"end":{"line":49,"column":null}},"16":{"start":{"line":59,"column":8},"end":{"line":59,"column":null}},"17":{"start":{"line":63,"column":8},"end":{"line":63,"column":null}},"18":{"start":{"line":7,"column":0},"end":{"line":7,"column":21}}},"fnMap":{"0":{"name":"(anonymous_1)","decl":{"start":{"line":11,"column":4},"end":{"line":11,"column":16}},"loc":{"start":{"line":11,"column":40},"end":{"line":13,"column":null}}},"1":{"name":"(anonymous_2)","decl":{"start":{"line":15,"column":4},"end":{"line":15,"column":8}},"loc":{"start":{"line":15,"column":13},"end":{"line":17,"column":null}}},"2":{"name":"(anonymous_3)","decl":{"start":{"line":23,"column":12},"end":{"line":23,"column":41}},"loc":{"start":{"line":23,"column":66},"end":{"line":52,"column":null}}},"3":{"name":"(anonymous_4)","decl":{"start":{"line":32,"column":49},"end":{"line":32,"column":68}},"loc":{"start":{"line":32,"column":72},"end":{"line":45,"column":21}}},"4":{"name":"(anonymous_5)","decl":{"start":{"line":36,"column":71},"end":{"line":36,"column":75}},"loc":{"start":{"line":36,"column":80},"end":{"line":36,"column":116}}},"5":{"name":"(anonymous_6)","decl":{"start":{"line":58,"column":4},"end":{"line":58,"column":28}},"loc":{"start":{"line":58,"column":40},"end":{"line":60,"column":null}}},"6":{"name":"(anonymous_7)","decl":{"start":{"line":62,"column":4},"end":{"line":62,"column":26}},"loc":{"start":{"line":62,"column":38},"end":{"line":64,"column":null}}}},"branchMap":{"0":{"loc":{"start":{"line":29,"column":16},"end":{"line":49,"column":null}},"type":"if","locations":[{"start":{"line":29,"column":16},"end":{"line":49,"column":null}},{"start":{"line":47,"column":20},"end":{"line":49,"column":null}}]},"1":{"loc":{"start":{"line":30,"column":20},"end":{"line":30,"column":null}},"type":"if","locations":[{"start":{"line":30,"column":20},"end":{"line":30,"column":null}}]},"2":{"loc":{"start":{"line":36,"column":28},"end":{"line":41,"column":null}},"type":"if","locations":[{"start":{"line":36,"column":28},"end":{"line":41,"column":null}},{"start":{"line":39,"column":32},"end":{"line":41,"column":null}}]},"3":{"loc":{"start":{"line":63,"column":15},"end":{"line":63,"column":60}},"type":"cond-expr","locations":[{"start":{"line":63,"column":48},"end":{"line":63,"column":52}},{"start":{"line":63,"column":55},"end":{"line":63,"column":60}}]}},"s":{"0":1,"1":1,"2":4,"3":2,"4":4,"5":4,"6":7,"7":6,"8":6,"9":6,"10":3,"11":9,"12":2,"13":1,"14":5,"15":1,"16":0,"17":0,"18":1},"f":{"0":4,"1":2,"2":4,"3":6,"4":9,"5":0,"6":0},"b":{"0":[6,1],"1":[6],"2":[2,1],"3":[0,0]}}
,"/Users/azlam/projects/flxbl-io/sfpowerscripts/packages/sfpowerscripts-cli/src/impl/parallelBuilder/UndirectedGraph.ts": {"path":"/Users/azlam/projects/flxbl-io/sfpowerscripts/packages/sfpowerscripts-cli/src/impl/parallelBuilder/UndirectedGraph.ts","statementMap":{"0":{"start":{"line":5,"column":8},"end":{"line":5,"column":null}},"1":{"start":{"line":9,"column":8},"end":{"line":9,"column":null}},"2":{"start":{"line":13,"column":8},"end":{"line":14,"column":null}},"3":{"start":{"line":13,"column":40},"end":{"line":13,"column":71}},"4":{"start":{"line":14,"column":13},"end":{"line":14,"column":null}},"5":{"start":{"line":18,"column":8},"end":{"line":18,"column":null}},"6":{"start":{"line":18,"column":33},"end":{"line":18,"column":null}},"7":{"start":{"line":19,"column":8},"end":{"line":19,"column":null}},"8":{"start":{"line":19,"column":43},"end":{"line":19,"column":null}},"9":{"start":{"line":20,"column":8},"end":{"line":20,"column":null}},"10":{"start":{"line":20,"column":43},"end":{"line":20,"column":null}},"11":{"start":{"line":22,"column":8},"end":{"line":22,"column":null}},"12":{"start":{"line":22,"column":61},"end":{"line":22,"column":null}},"13":{"start":{"line":23,"column":8},"end":{"line":23,"column":null}},"14":{"start":{"line":23,"column":61},"end":{"line":23,"column":null}},"15":{"start":{"line":31,"column":35},"end":{"line":31,"column":37}},"16":{"start":{"line":32,"column":50},"end":{"line":32,"column":52}},"17":{"start":{"line":33,"column":30},"end":{"line":33,"column":49}},"18":{"start":{"line":35,"column":8},"end":{"line":45,"column":null}},"19":{"start":{"line":36,"column":12},"end":{"line":36,"column":null}},"20":{"start":{"line":36,"column":25},"end":{"line":36,"column":null}},"21":{"start":{"line":37,"column":12},"end":{"line":37,"column":null}},"22":{"start":{"line":37,"column":40},"end":{"line":37,"column":null}},"23":{"start":{"line":38,"column":12},"end":{"line":38,"column":null}},"24":{"start":{"line":39,"column":12},"end":{"line":39,"column":null}},"25":{"start":{"line":40,"column":12},"end":{"line":44,"column":null}},"26":{"start":{"line":42,"column":20},"end":{"line":42,"column":null}},"27":{"start":{"line":47,"column":8},"end":{"line":47,"column":null}},"28":{"start":{"line":1,"column":0},"end":{"line":1,"column":21}}},"fnMap":{"0":{"name":"(anonymous_0)","decl":{"start":{"line":4,"column":4},"end":{"line":4,"column":null}},"loc":{"start":{"line":4,"column":4},"end":{"line":6,"column":null}}},"1":{"name":"(anonymous_1)","decl":{"start":{"line":8,"column":4},"end":{"line":8,"column":8}},"loc":{"start":{"line":8,"column":21},"end":{"line":10,"column":null}}},"2":{"name":"(anonymous_2)","decl":{"start":{"line":12,"column":4},"end":{"line":12,"column":13}},"loc":{"start":{"line":12,"column":26},"end":{"line":15,"column":null}}},"3":{"name":"(anonymous_3)","decl":{"start":{"line":17,"column":4},"end":{"line":17,"column":11}},"loc":{"start":{"line":17,"column":44},"end":{"line":24,"column":null}}},"4":{"name":"(anonymous_4)","decl":{"start":{"line":30,"column":4},"end":{"line":30,"column":7}},"loc":{"start":{"line":30,"column":21},"end":{"line":48,"column":null}}},"5":{"name":"dfsHandler","decl":{"start":{"line":35,"column":18},"end":{"line":35,"column":28}},"loc":{"start":{"line":35,"column":35},"end":{"line":45,"column":9}}},"6":{"name":"(anonymous_6)","decl":{"start":{"line":40,"column":43},"end":{"line":40,"column":51}},"loc":{"start":{"line":40,"column":55},"end":{"line":44,"column":13}}}},"branchMap":{"0":{"loc":{"start":{"line":13,"column":8},"end":{"line":14,"column":null}},"type":"if","locations":[{"start":{"line":13,"column":8},"end":{"line":14,"column":null}},{"start":{"line":14,"column":13},"end":{"line":14,"column":null}}]},"1":{"loc":{"start":{"line":18,"column":8},"end":{"line":18,"column":null}},"type":"if","locations":[{"start":{"line":18,"column":8},"end":{"line":18,"column":null}}]},"2":{"loc":{"start":{"line":19,"column":8},"end":{"line":19,"column":null}},"type":"if","locations":[{"start":{"line":19,"column":8},"end":{"line":19,"column":null}}]},"3":{"loc":{"start":{"line":20,"column":8},"end":{"line":20,"column":null}},"type":"if","locations":[{"start":{"line":20,"column":8},"end":{"line":20,"column":null}}]},"4":{"loc":{"start":{"line":22,"column":8},"end":{"line":22,"column":null}},"type":"if","locations":[{"start":{"line":22,"column":8},"end":{"line":22,"column":null}}]},"5":{"loc":{"start":{"line":23,"column":8},"end":{"line":23,"column":null}},"type":"if","locations":[{"start":{"line":23,"column":8},"end":{"line":23,"column":null}}]},"6":{"loc":{"start":{"line":36,"column":12},"end":{"line":36,"column":null}},"type":"if","locations":[{"start":{"line":36,"column":12},"end":{"line":36,"column":null}}]},"7":{"loc":{"start":{"line":37,"column":12},"end":{"line":37,"column":null}},"type":"if","locations":[{"start":{"line":37,"column":12},"end":{"line":37,"column":null}}]}},"s":{"0":12,"1":17,"2":22,"3":21,"4":1,"5":17,"6":1,"7":16,"8":2,"9":14,"10":1,"11":13,"12":13,"13":13,"14":13,"15":4,"16":4,"17":4,"18":4,"19":19,"20":0,"21":19,"22":1,"23":18,"24":18,"25":18,"26":15,"27":3,"28":2},"f":{"0":12,"1":17,"2":22,"3":17,"4":4,"5":19,"6":42},"b":{"0":[21,1],"1":[1],"2":[2],"3":[1],"4":[13],"5":[13],"6":[0],"7":[1]}}
,"/Users/azlam/projects/flxbl-io/sfpowerscripts/packages/sfpowerscripts-cli/src/impl/release/ReleaseDefinition.ts": {"path":"/Users/azlam/projects/flxbl-io/sfpowerscripts/packages/sfpowerscripts-cli/src/impl/release/ReleaseDefinition.ts","statementMap":{"0":{"start":{"line":2,"column":0},"end":{"line":2,"column":null}},"1":{"start":{"line":3,"column":13},"end":{"line":3,"column":31}},"2":{"start":{"line":4,"column":0},"end":{"line":4,"column":null}},"3":{"start":{"line":5,"column":0},"end":{"line":5,"column":null}},"4":{"start":{"line":6,"column":0},"end":{"line":6,"column":null}},"5":{"start":{"line":8,"column":11},"end":{"line":8,"column":30}},"6":{"start":{"line":9,"column":13},"end":{"line":9,"column":28}},"7":{"start":{"line":14,"column":8},"end":{"line":14,"column":null}},"8":{"start":{"line":16,"column":32},"end":{"line":16,"column":81}},"9":{"start":{"line":17,"column":8},"end":{"line":17,"column":null}},"10":{"start":{"line":20,"column":8},"end":{"line":21,"column":null}},"11":{"start":{"line":21,"column":12},"end":{"line":21,"column":null}},"12":{"start":{"line":24,"column":12},"end":{"line":24,"column":null}},"13":{"start":{"line":33,"column":26},"end":{"line":33,"column":50}},"14":{"start":{"line":34,"column":16},"end":{"line":34,"column":null}},"15":{"start":{"line":35,"column":34},"end":{"line":35,"column":75}},"16":{"start":{"line":36,"column":16},"end":{"line":36,"column":null}},"17":{"start":{"line":38,"column":16},"end":{"line":38,"column":null}},"18":{"start":{"line":41,"column":12},"end":{"line":41,"column":null}},"19":{"start":{"line":44,"column":32},"end":{"line":44,"column":78}},"20":{"start":{"line":45,"column":8},"end":{"line":45,"column":null}},"21":{"start":{"line":50,"column":12},"end":{"line":50,"column":null}},"22":{"start":{"line":55,"column":21},"end":{"line":57,"column":null}},"23":{"start":{"line":60,"column":24},"end":{"line":60,"column":68}},"24":{"start":{"line":61,"column":31},"end":{"line":61,"column":59}},"25":{"start":{"line":65,"column":16},"end":{"line":66,"column":71}},"26":{"start":{"line":68,"column":12},"end":{"line":74,"column":null}},"27":{"start":{"line":69,"column":16},"end":{"line":73,"column":null}},"28":{"start":{"line":76,"column":12},"end":{"line":76,"column":null}},"29":{"start":{"line":11,"column":0},"end":{"line":11,"column":21}}},"fnMap":{"0":{"name":"(anonymous_1)","decl":{"start":{"line":12,"column":4},"end":{"line":12,"column":8}},"loc":{"start":{"line":12,"column":25},"end":{"line":15,"column":null}}},"1":{"name":"(anonymous_2)","decl":{"start":{"line":16,"column":4},"end":{"line":16,"column":32}},"loc":{"start":{"line":16,"column":81},"end":{"line":26,"column":null}}},"2":{"name":"(anonymous_3)","decl":{"start":{"line":28,"column":11},"end":{"line":28,"column":24}},"loc":{"start":{"line":28,"column":77},"end":{"line":46,"column":null}}},"3":{"name":"(anonymous_4)","decl":{"start":{"line":48,"column":12},"end":{"line":48,"column":50}},"loc":{"start":{"line":48,"column":95},"end":{"line":52,"column":null}}},"4":{"name":"(anonymous_5)","decl":{"start":{"line":54,"column":12},"end":{"line":54,"column":37}},"loc":{"start":{"line":54,"column":80},"end":{"line":78,"column":null}}},"5":{"name":"(anonymous_6)","decl":{"start":{"line":68,"column":37},"end":{"line":68,"column":38}},"loc":{"start":{"line":68,"column":57},"end":{"line":74,"column":13}}}},"branchMap":{"0":{"loc":{"start":{"line":20,"column":8},"end":{"line":21,"column":null}},"type":"if","locations":[{"start":{"line":20,"column":8},"end":{"line":21,"column":null}}]},"1":{"loc":{"start":{"line":20,"column":12},"end":{"line":20,"column":110}},"type":"binary-expr","locations":[{"start":{"line":20,"column":12},"end":{"line":20,"column":53}},{"start":{"line":20,"column":57},"end":{"line":20,"column":110}}]}},"s":{"0":1,"1":1,"2":1,"3":1,"4":1,"5":1,"6":1,"7":0,"8":5,"9":5,"10":1,"11":1,"12":0,"13":0,"14":0,"15":0,"16":0,"17":5,"18":0,"19":5,"20":0,"21":0,"22":5,"23":5,"24":5,"25":4,"26":4,"27":6,"28":4,"29":1},"f":{"0":0,"1":5,"2":5,"3":0,"4":5,"5":6},"b":{"0":[1],"1":[1,1]}}
,"/Users/azlam/projects/flxbl-io/sfpowerscripts/packages/sfpowerscripts-cli/src/utils/Get18DigitSalesforceId.ts": {"path":"/Users/azlam/projects/flxbl-io/sfpowerscripts/packages/sfpowerscripts-cli/src/utils/Get18DigitSalesforceId.ts","statementMap":{"0":{"start":{"line":3,"column":8},"end":{"line":3,"column":null}},"1":{"start":{"line":5,"column":20},"end":{"line":5,"column":22}},"2":{"start":{"line":6,"column":25},"end":{"line":6,"column":26}},"3":{"start":{"line":7,"column":23},"end":{"line":7,"column":24}},"4":{"start":{"line":8,"column":32},"end":{"line":8,"column":33}},"5":{"start":{"line":9,"column":30},"end":{"line":9,"column":67}},"6":{"start":{"line":10,"column":16},"end":{"line":10,"column":null}},"7":{"start":{"line":10,"column":54},"end":{"line":10,"column":null}},"8":{"start":{"line":12,"column":12},"end":{"line":12,"column":null}},"9":{"start":{"line":14,"column":26},"end":{"line":14,"column":42}},"10":{"start":{"line":15,"column":8},"end":{"line":15,"column":null}},"11":{"start":{"line":17,"column":8},"end":{"line":17,"column":null}},"12":{"start":{"line":1,"column":0},"end":{"line":1,"column":24}}},"fnMap":{"0":{"name":"get18DigitSalesforceId","decl":{"start":{"line":1,"column":24},"end":{"line":1,"column":46}},"loc":{"start":{"line":1,"column":63},"end":{"line":19,"column":null}}}},"branchMap":{"0":{"loc":{"start":{"line":2,"column":8},"end":{"line":2,"column":42}},"type":"binary-expr","locations":[{"start":{"line":2,"column":8},"end":{"line":2,"column":16}},{"start":{"line":2,"column":20},"end":{"line":2,"column":42}}]},"1":{"loc":{"start":{"line":4,"column":15},"end":{"line":4,"column":49}},"type":"binary-expr","locations":[{"start":{"line":4,"column":15},"end":{"line":4,"column":23}},{"start":{"line":4,"column":27},"end":{"line":4,"column":49}}]},"2":{"loc":{"start":{"line":10,"column":16},"end":{"line":10,"column":null}},"type":"if","locations":[{"start":{"line":10,"column":16},"end":{"line":10,"column":null}}]},"3":{"loc":{"start":{"line":10,"column":20},"end":{"line":10,"column":52}},"type":"binary-expr","locations":[{"start":{"line":10,"column":20},"end":{"line":10,"column":34}},{"start":{"line":10,"column":38},"end":{"line":10,"column":52}}]}},"s":{"0":0,"1":0,"2":0,"3":0,"4":0,"5":0,"6":0,"7":0,"8":0,"9":0,"10":0,"11":0,"12":1},"f":{"0":0},"b":{"0":[0,0],"1":[0,0],"2":[0],"3":[0,0]}}
}
