TN:
SF:src/ProjectValidation.ts
FN:13,(anonymous_7)
FN:19,(anonymous_8)
FN:26,(anonymous_9)
FN:40,(anonymous_10)
FN:41,(anonymous_11)
FN:62,(anonymous_12)
FN:63,(anonymous_13)
FNF:7
FNH:7
FNDA:8,(anonymous_7)
FNDA:4,(anonymous_8)
FNDA:7,(anonymous_9)
FNDA:2,(anonymous_10)
FNDA:4,(anonymous_11)
FNDA:2,(anonymous_12)
FNDA:4,(anonymous_13)
DA:1,1
DA:2,1
DA:3,1
DA:4,1
DA:5,1
DA:6,1
DA:8,1
DA:14,8
DA:15,8
DA:16,8
DA:20,4
DA:21,4
DA:22,4
DA:24,1
DA:26,1
DA:27,7
DA:35,1
DA:36,1
DA:41,2
DA:42,4
DA:44,1
DA:51,1
DA:63,2
DA:64,4
DA:66,4
DA:71,1
LF:26
LH:26
BRDA:68,0,0,4
BRDA:68,0,1,2
BRDA:68,0,2,1
BRF:3
BRH:3
end_of_record
TN:
SF:src/core/apex/ApexClassFetcher.ts
FN:6,(anonymous_1)
FN:14,(anonymous_2)
FN:19,(anonymous_3)
FNF:3
FNH:1
FNDA:1,(anonymous_1)
FNDA:0,(anonymous_2)
FNDA:0,(anonymous_3)
DA:2,1
DA:3,1
DA:5,1
DA:6,1
DA:15,0
DA:17,0
DA:19,0
DA:20,0
DA:22,0
DA:23,0
DA:26,0
LF:11
LH:4
BRF:0
BRH:0
end_of_record
TN:
SF:src/core/apex/ApexTriggerFetcher.ts
FN:6,(anonymous_1)
FN:14,(anonymous_2)
FN:19,(anonymous_3)
FNF:3
FNH:1
FNDA:1,(anonymous_1)
FNDA:0,(anonymous_2)
FNDA:0,(anonymous_3)
DA:2,1
DA:3,1
DA:5,1
DA:6,1
DA:15,0
DA:17,0
DA:19,0
DA:20,0
DA:22,0
DA:23,0
DA:26,0
LF:11
LH:4
BRF:0
BRH:0
end_of_record
TN:
SF:src/core/apex/coverage/ApexCodeCoverageAggregateFetcher.ts
FN:6,(anonymous_1)
FN:13,(anonymous_2)
FN:28,(anonymous_3)
FNF:3
FNH:1
FNDA:1,(anonymous_1)
FNDA:0,(anonymous_2)
FNDA:0,(anonymous_3)
DA:2,1
DA:3,1
DA:5,1
DA:6,1
DA:24,0
DA:26,0
DA:28,0
DA:29,0
DA:31,0
DA:37,0
DA:40,0
LF:11
LH:4
BRF:0
BRH:0
end_of_record
TN:
SF:src/core/apex/coverage/IndividualClassCoverage.ts
FN:4,(anonymous_6)
FN:6,(anonymous_7)
FN:13,(anonymous_8)
FN:19,(anonymous_9)
FN:27,(anonymous_10)
FN:46,(anonymous_11)
FNF:6
FNH:5
FNDA:9,(anonymous_6)
FNDA:2,(anonymous_7)
FNDA:8,(anonymous_8)
FNDA:0,(anonymous_9)
FNDA:4,(anonymous_10)
FNDA:13,(anonymous_11)
DA:1,2
DA:3,2
DA:4,9
DA:10,2
DA:13,2
DA:14,8
DA:18,2
DA:19,0
DA:20,0
DA:24,2
DA:37,0
DA:38,0
DA:41,4
DA:46,4
DA:47,13
DA:50,4
DA:51,2
DA:58,2
LF:18
LH:14
BRDA:18,0,0,0
BRDA:18,1,0,2
BRDA:18,1,1,0
BRDA:50,2,0,2
BRDA:50,2,1,2
BRF:5
BRH:3
end_of_record
TN:
SF:src/core/apextest/ApexTestSuite.ts
FN:8,(anonymous_1)
FN:10,(anonymous_2)
FNF:2
FNH:2
FNDA:3,(anonymous_1)
FNDA:3,(anonymous_2)
DA:2,1
DA:3,1
DA:4,1
DA:5,1
DA:7,1
DA:8,3
DA:11,3
DA:16,3
DA:18,3
DA:20,2
DA:23,1
DA:25,1
DA:26,1
DA:27,1
LF:14
LH:14
BRDA:18,0,0,1
BRF:1
BRH:1
end_of_record
TN:
SF:src/core/apextest/ImpactedApexTestClassFetcher.ts
FN:9,(anonymous_7)
FN:16,(anonymous_8)
FN:24,(anonymous_9)
FNF:3
FNH:0
FNDA:0,(anonymous_7)
FNDA:0,(anonymous_8)
FNDA:0,(anonymous_9)
DA:1,1
DA:2,1
DA:4,1
DA:5,1
DA:6,1
DA:8,1
DA:10,0
DA:11,0
DA:12,0
DA:13,0
DA:18,0
DA:19,0
DA:23,0
DA:24,0
DA:27,0
DA:28,0
DA:32,0
DA:33,0
DA:38,0
DA:39,0
DA:40,0
DA:43,0
DA:51,0
DA:56,0
DA:57,0
DA:62,0
DA:66,0
DA:71,0
DA:73,0
DA:74,0
DA:81,0
DA:86,0
DA:88,0
LF:33
LH:6
BRDA:50,0,0,0
BRDA:50,0,1,0
BRDA:62,1,0,0
BRDA:66,2,0,0
BRF:4
BRH:0
end_of_record
TN:
SF:src/core/artifacts/ArtifactFetcher.ts
FN:16,(anonymous_6)
FN:46,(anonymous_7)
FN:66,(anonymous_8)
FN:101,(anonymous_9)
FN:135,(anonymous_10)
FN:160,(anonymous_11)
FN:162,(anonymous_12)
FN:168,(anonymous_13)
FN:180,(anonymous_14)
FN:187,(anonymous_15)
FN:188,(anonymous_16)
FN:198,(anonymous_17)
FN:209,(anonymous_18)
FNF:13
FNH:5
FNDA:0,(anonymous_6)
FNDA:0,(anonymous_7)
FNDA:0,(anonymous_8)
FNDA:0,(anonymous_9)
FNDA:3,(anonymous_10)
FNDA:1,(anonymous_11)
FNDA:4,(anonymous_12)
FNDA:4,(anonymous_13)
FNDA:4,(anonymous_14)
FNDA:0,(anonymous_15)
FNDA:0,(anonymous_16)
FNDA:0,(anonymous_17)
FNDA:0,(anonymous_18)
DA:1,1
DA:2,1
DA:3,1
DA:4,1
DA:5,1
DA:6,1
DA:7,1
DA:9,1
DA:17,0
DA:20,0
DA:23,0
DA:25,0
DA:30,0
DA:32,0
DA:34,0
DA:36,0
DA:39,0
DA:47,0
DA:49,0
DA:51,0
DA:57,0
DA:59,0
DA:67,0
DA:69,0
DA:70,0
DA:73,0
DA:75,0
DA:77,0
DA:80,0
DA:82,0
DA:84,0
DA:86,0
DA:92,0
DA:94,0
DA:102,0
DA:103,0
DA:105,0
DA:111,0
DA:113,0
DA:115,0
DA:117,0
DA:123,0
DA:125,0
DA:138,2
DA:140,1
DA:143,3
DA:148,3
DA:149,1
DA:150,1
DA:151,1
DA:152,1
DA:153,2
DA:162,1
DA:163,4
DA:164,4
DA:167,1
DA:168,1
DA:169,4
DA:170,4
DA:172,4
DA:173,0
DA:177,1
DA:178,1
DA:180,4
DA:188,0
DA:189,0
DA:200,0
DA:202,0
DA:205,0
DA:210,0
DA:211,0
DA:212,0
DA:213,0
DA:214,0
DA:216,0
LF:75
LH:28
BRDA:148,0,0,1
BRDA:148,0,1,2
BRDA:148,1,0,3
BRDA:148,1,1,2
BRDA:164,2,0,4
BRDA:164,2,1,1
BRDA:172,3,0,4
BRDA:172,3,1,0
BRDA:189,4,0,0
BRDA:199,5,0,0
BRDA:199,5,1,0
BRDA:201,6,0,0
BRDA:201,6,1,0
BRF:13
BRH:7
end_of_record
TN:
SF:src/core/display/TableConstants.ts
FNF:0
FNH:0
DA:2,1
DA:22,1
LF:2
LH:2
BRF:0
BRH:0
end_of_record
TN:
SF:src/core/git/Git.ts
FN:14,(anonymous_7)
FN:24,(anonymous_8)
FN:28,(anonymous_9)
FN:32,(anonymous_10)
FN:36,(anonymous_11)
FN:45,(anonymous_12)
FN:54,(anonymous_13)
FN:60,(anonymous_14)
FN:75,(anonymous_15)
FN:90,(anonymous_16)
FN:99,(anonymous_17)
FN:103,(anonymous_18)
FN:121,(anonymous_19)
FN:124,(anonymous_20)
FN:127,(anonymous_21)
FN:159,(anonymous_22)
FN:169,(anonymous_23)
FN:173,(anonymous_24)
FN:177,(anonymous_25)
FN:189,(anonymous_26)
FN:204,(anonymous_27)
FN:208,(anonymous_28)
FN:212,(anonymous_29)
FN:218,(anonymous_30)
FN:224,(anonymous_31)
FN:233,(anonymous_32)
FNF:26
FNH:0
FNDA:0,(anonymous_7)
FNDA:0,(anonymous_8)
FNDA:0,(anonymous_9)
FNDA:0,(anonymous_10)
FNDA:0,(anonymous_11)
FNDA:0,(anonymous_12)
FNDA:0,(anonymous_13)
FNDA:0,(anonymous_14)
FNDA:0,(anonymous_15)
FNDA:0,(anonymous_16)
FNDA:0,(anonymous_17)
FNDA:0,(anonymous_18)
FNDA:0,(anonymous_19)
FNDA:0,(anonymous_20)
FNDA:0,(anonymous_21)
FNDA:0,(anonymous_22)
FNDA:0,(anonymous_23)
FNDA:0,(anonymous_24)
FNDA:0,(anonymous_25)
FNDA:0,(anonymous_26)
FNDA:0,(anonymous_27)
FNDA:0,(anonymous_28)
FNDA:0,(anonymous_29)
FNDA:0,(anonymous_30)
FNDA:0,(anonymous_31)
FNDA:0,(anonymous_32)
DA:1,1
DA:2,1
DA:3,1
DA:4,1
DA:5,1
DA:8,1
DA:12,0
DA:14,0
DA:16,0
DA:17,0
DA:19,0
DA:20,0
DA:25,0
DA:29,0
DA:33,0
DA:37,0
DA:39,0
DA:40,0
DA:42,0
DA:46,0
DA:48,0
DA:49,0
DA:51,0
DA:55,0
DA:57,0
DA:62,0
DA:63,0
DA:65,0
DA:67,0
DA:68,0
DA:70,0
DA:72,0
DA:77,0
DA:78,0
DA:79,0
DA:80,0
DA:82,0
DA:86,0
DA:91,0
DA:94,0
DA:100,0
DA:105,0
DA:107,0
DA:109,0
DA:110,0
DA:113,0
DA:117,0
DA:122,0
DA:124,0
DA:128,0
DA:130,0
DA:131,0
DA:134,0
DA:137,0
DA:138,0
DA:139,0
DA:141,0
DA:142,0
DA:143,0
DA:145,0
DA:148,0
DA:151,0
DA:156,0
DA:160,0
DA:161,0
DA:163,0
DA:165,0
DA:166,0
DA:170,0
DA:174,0
DA:181,0
DA:185,0
DA:190,0
DA:191,0
DA:193,0
DA:194,0
DA:198,0
DA:200,0
DA:205,0
DA:209,0
DA:213,0
DA:214,0
DA:215,0
DA:219,0
DA:220,0
DA:221,0
DA:226,0
DA:227,0
DA:229,0
DA:230,0
DA:235,0
DA:238,0
DA:240,0
DA:243,0
LF:94
LH:6
BRDA:62,0,0,0
BRDA:62,0,1,0
BRDA:70,1,0,0
BRDA:75,2,0,0
BRDA:100,3,0,0
BRDA:124,4,0,0
BRDA:124,4,1,0
BRDA:152,5,0,0
BRDA:152,5,1,0
BRDA:174,6,0,0
BRDA:190,7,0,0
BRDA:213,8,0,0
BRDA:213,8,1,0
BRDA:219,9,0,0
BRDA:219,9,1,0
BRF:15
BRH:0
end_of_record
TN:
SF:src/core/git/GitDiffUtil.ts
FN:30,(anonymous_7)
FN:36,(anonymous_8)
FN:56,(anonymous_9)
FN:67,(anonymous_10)
FN:107,(anonymous_11)
FN:114,(anonymous_12)
FN:122,(anonymous_13)
FN:145,(anonymous_14)
FN:165,(anonymous_15)
FNF:9
FNH:0
FNDA:0,(anonymous_7)
FNDA:0,(anonymous_8)
FNDA:0,(anonymous_9)
FNDA:0,(anonymous_10)
FNDA:0,(anonymous_11)
FNDA:0,(anonymous_12)
FNDA:0,(anonymous_13)
FNDA:0,(anonymous_14)
FNDA:0,(anonymous_15)
DA:1,1
DA:2,1
DA:3,1
DA:5,1
DA:6,1
DA:7,1
DA:8,1
DA:22,1
DA:24,1
DA:31,0
DA:32,0
DA:33,0
DA:37,0
DA:38,0
DA:39,0
DA:40,0
DA:41,0
DA:42,0
DA:43,0
DA:44,0
DA:45,0
DA:46,0
DA:47,0
DA:51,0
DA:53,0
DA:57,0
DA:59,0
DA:60,0
DA:66,0
DA:67,0
DA:69,0
DA:73,0
DA:74,0
DA:76,0
DA:77,0
DA:78,0
DA:79,0
DA:81,0
DA:87,0
DA:89,0
DA:92,0
DA:95,0
DA:96,0
DA:97,0
DA:99,0
DA:102,0
DA:103,0
DA:108,0
DA:110,0
DA:111,0
DA:114,0
DA:115,0
DA:117,0
DA:123,0
DA:130,0
DA:133,0
DA:137,0
DA:141,0
DA:145,0
DA:146,0
DA:147,0
DA:148,0
DA:152,0
DA:154,0
DA:155,0
DA:159,0
DA:165,0
DA:166,0
DA:170,0
DA:173,0
LF:70
LH:9
BRDA:43,0,0,0
BRDA:73,1,0,0
BRDA:129,2,0,0
BRDA:129,2,1,0
BRDA:132,3,0,0
BRDA:132,3,1,0
BRDA:136,4,0,0
BRDA:136,4,1,0
BRDA:136,4,2,0
BRDA:140,5,0,0
BRDA:140,5,1,0
BRDA:140,5,2,0
BRDA:144,6,0,0
BRDA:144,6,1,0
BRF:14
BRH:0
end_of_record
TN:
SF:src/core/git/GitIdentity.ts
FN:4,(anonymous_0)
FN:6,(anonymous_1)
FN:11,(anonymous_2)
FN:23,(anonymous_3)
FNF:4
FNH:0
FNDA:0,(anonymous_0)
FNDA:0,(anonymous_1)
FNDA:0,(anonymous_2)
FNDA:0,(anonymous_3)
DA:3,1
DA:4,0
DA:7,0
DA:8,0
DA:15,0
DA:17,0
DA:20,0
DA:27,0
DA:29,0
DA:32,0
LF:10
LH:1
BRF:0
BRH:0
end_of_record
TN:
SF:src/core/git/GitTags.ts
FN:5,(anonymous_0)
FN:13,(anonymous_1)
FN:25,(anonymous_2)
FN:45,(anonymous_3)
FN:49,(anonymous_4)
FN:53,(anonymous_5)
FN:58,(anonymous_6)
FN:74,(anonymous_7)
FN:82,(anonymous_8)
FN:92,(anonymous_9)
FN:104,(anonymous_10)
FN:121,(anonymous_11)
FN:126,(anonymous_12)
FN:131,(anonymous_13)
FN:134,(anonymous_14)
FN:138,(anonymous_15)
FN:141,(anonymous_16)
FN:147,(anonymous_17)
FNF:18
FNH:6
FNDA:3,(anonymous_0)
FNDA:3,(anonymous_1)
FNDA:2,(anonymous_2)
FNDA:24,(anonymous_3)
FNDA:8,(anonymous_4)
FNDA:8,(anonymous_5)
FNDA:0,(anonymous_6)
FNDA:0,(anonymous_7)
FNDA:0,(anonymous_8)
FNDA:0,(anonymous_9)
FNDA:0,(anonymous_10)
FNDA:0,(anonymous_11)
FNDA:0,(anonymous_12)
FNDA:0,(anonymous_13)
FNDA:0,(anonymous_14)
FNDA:0,(anonymous_15)
FNDA:0,(anonymous_16)
FNDA:0,(anonymous_17)
DA:2,1
DA:4,1
DA:5,3
DA:14,3
DA:21,3
DA:22,1
DA:27,2
DA:32,2
DA:38,2
DA:40,2
DA:41,2
DA:45,24
DA:48,2
DA:49,8
DA:53,8
DA:55,2
DA:61,0
DA:62,0
DA:63,0
DA:64,0
DA:67,0
DA:68,0
DA:69,0
DA:71,0
DA:75,0
DA:78,0
DA:82,0
DA:83,0
DA:84,0
DA:88,0
DA:93,0
DA:96,0
DA:99,0
DA:100,0
DA:105,0
DA:109,0
DA:111,0
DA:115,0
DA:118,0
DA:120,0
DA:122,0
DA:123,0
DA:124,0
DA:127,0
DA:128,0
DA:131,0
DA:135,0
DA:138,0
DA:139,0
DA:141,0
DA:146,0
DA:147,0
DA:148,0
LF:53
LH:16
BRDA:21,0,0,2
BRDA:21,0,1,1
BRDA:63,1,0,0
BRDA:63,1,1,0
BRDA:67,2,0,0
BRDA:67,2,1,0
BRDA:77,3,0,0
BRDA:77,3,1,0
BRDA:83,4,0,0
BRDA:83,4,1,0
BRDA:128,5,0,0
BRDA:128,5,1,0
BRF:12
BRH:2
end_of_record
TN:
SF:src/core/metadata/MetadataFiles.ts
FN:16,(anonymous_7)
FN:23,(anonymous_8)
FN:37,(anonymous_9)
FN:52,(anonymous_10)
FN:63,(anonymous_11)
FN:116,(anonymous_12)
FN:120,(anonymous_13)
FN:176,(anonymous_14)
FN:185,(anonymous_15)
FN:189,(anonymous_16)
FN:190,(anonymous_17)
FN:194,(anonymous_18)
FN:208,(anonymous_19)
FNF:13
FNH:0
FNDA:0,(anonymous_7)
FNDA:0,(anonymous_8)
FNDA:0,(anonymous_9)
FNDA:0,(anonymous_10)
FNDA:0,(anonymous_11)
FNDA:0,(anonymous_12)
FNDA:0,(anonymous_13)
FNDA:0,(anonymous_14)
FNDA:0,(anonymous_15)
FNDA:0,(anonymous_16)
FNDA:0,(anonymous_17)
FNDA:0,(anonymous_18)
FNDA:0,(anonymous_19)
DA:2,1
DA:3,1
DA:4,1
DA:5,1
DA:6,1
DA:7,1
DA:8,1
DA:9,1
DA:11,1
DA:13,1
DA:14,1
DA:18,0
DA:20,0
DA:24,0
DA:25,0
DA:26,0
DA:27,0
DA:29,0
DA:30,0
DA:31,0
DA:33,0
DA:35,0
DA:38,0
DA:39,0
DA:40,0
DA:41,0
DA:43,0
DA:44,0
DA:45,0
DA:47,0
DA:49,0
DA:53,0
DA:54,0
DA:55,0
DA:56,0
DA:59,0
DA:61,0
DA:65,0
DA:66,0
DA:67,0
DA:68,0
DA:70,0
DA:71,0
DA:72,0
DA:74,0
DA:75,0
DA:76,0
DA:77,0
DA:78,0
DA:81,0
DA:83,0
DA:84,0
DA:85,0
DA:86,0
DA:88,0
DA:91,0
DA:92,0
DA:93,0
DA:94,0
DA:95,0
DA:97,0
DA:100,0
DA:101,0
DA:102,0
DA:103,0
DA:104,0
DA:106,0
DA:108,0
DA:109,0
DA:113,0
DA:117,0
DA:118,0
DA:120,0
DA:121,0
DA:123,0
DA:124,0
DA:126,0
DA:131,0
DA:135,0
DA:136,0
DA:139,0
DA:141,0
DA:147,0
DA:148,0
DA:149,0
DA:152,0
DA:154,0
DA:155,0
DA:160,0
DA:163,0
DA:164,0
DA:167,0
DA:169,0
DA:170,0
DA:176,0
DA:178,0
DA:179,0
DA:186,0
DA:190,0
DA:192,0
DA:194,0
DA:195,0
DA:196,0
DA:198,0
DA:209,0
DA:210,0
DA:211,0
DA:212,0
DA:213,0
DA:215,0
DA:218,0
DA:221,0
DA:223,0
DA:227,0
DA:229,0
DA:230,0
DA:234,0
DA:237,0
DA:240,0
DA:243,0
DA:246,0
DA:247,0
DA:248,0
DA:250,0
DA:255,0
DA:257,0
DA:259,0
DA:260,0
DA:262,0
DA:263,0
DA:265,0
DA:266,0
DA:267,0
DA:268,0
DA:269,0
DA:276,0
DA:277,0
DA:278,0
DA:279,0
DA:281,0
DA:287,0
DA:288,0
DA:289,0
DA:290,0
DA:291,0
DA:292,0
DA:293,0
DA:295,0
DA:296,0
DA:297,0
DA:298,0
DA:299,0
DA:300,0
DA:301,0
DA:304,0
DA:307,0
DA:311,0
DA:314,0
DA:319,0
DA:320,0
DA:321,0
DA:322,0
DA:323,0
DA:325,0
DA:326,0
DA:327,0
DA:328,0
DA:332,0
DA:335,0
DA:339,0
LF:170
LH:11
BRDA:57,0,0,0
BRDA:57,0,1,0
BRDA:59,1,0,0
BRDA:59,1,1,0
BRDA:87,2,0,0
BRDA:87,2,1,0
BRDA:116,3,0,0
BRDA:119,4,0,0
BRDA:119,4,1,0
BRDA:128,5,0,0
BRDA:128,5,1,0
BRDA:138,6,0,0
BRDA:138,6,1,0
BRDA:138,6,2,0
BRDA:161,7,0,0
BRDA:161,7,1,0
BRDA:166,8,0,0
BRDA:166,8,1,0
BRDA:166,8,2,0
BRDA:191,9,0,0
BRDA:191,9,1,0
BRDA:275,10,0,0
BRDA:275,10,1,0
BRDA:324,11,0,0
BRDA:324,11,1,0
BRF:25
BRH:0
end_of_record
TN:
SF:src/core/metadata/MetadataInfo.ts
FN:102,(anonymous_6)
FN:107,(anonymous_7)
FN:129,(anonymous_8)
FN:149,(anonymous_9)
FNF:4
FNH:3
FNDA:1,(anonymous_6)
FNDA:149,(anonymous_7)
FNDA:25,(anonymous_8)
FNDA:0,(anonymous_9)
DA:2,1
DA:3,1
DA:4,1
DA:6,1
DA:7,1
DA:101,1
DA:103,1
DA:104,1
DA:105,1
DA:106,1
DA:107,1
DA:108,149
DA:111,1
DA:112,1
DA:114,1
DA:115,1
DA:118,149
DA:120,4
DA:122,0
DA:124,4
DA:129,9
DA:130,25
DA:132,9
DA:133,9
DA:134,9
DA:135,9
DA:136,9
DA:137,9
DA:138,9
DA:139,9
DA:140,9
DA:144,149
DA:146,1
DA:150,0
DA:151,0
DA:153,0
DA:155,0
DA:158,0
DA:160,0
DA:161,0
DA:162,0
DA:163,0
DA:164,0
DA:166,0
DA:171,0
DA:176,0
DA:181,0
DA:186,0
DA:188,0
DA:189,0
DA:190,0
DA:196,0
DA:197,0
DA:201,0
DA:205,1
DA:206,1
DA:214,1
LF:57
LH:35
BRDA:149,0,0,0
BRDA:165,1,0,0
BRDA:165,1,1,0
BRDA:165,1,2,0
BRDA:168,2,0,0
BRDA:168,2,1,0
BRDA:168,2,2,0
BRDA:173,3,0,0
BRDA:173,3,1,0
BRDA:173,3,2,0
BRDA:178,4,0,0
BRDA:178,4,1,0
BRDA:178,4,2,0
BRDA:183,5,0,0
BRDA:183,5,1,0
BRDA:183,5,2,0
BRDA:192,6,0,0
BRDA:192,6,1,0
BRDA:192,6,2,0
BRDA:192,6,3,0
BRF:20
BRH:0
end_of_record
TN:
SF:src/core/metadata/SettingsFetcher.ts
FN:8,(anonymous_7)
FN:12,(anonymous_8)
FNF:2
FNH:1
FNDA:5,(anonymous_7)
FNDA:0,(anonymous_8)
DA:1,1
DA:3,1
DA:4,1
DA:5,1
DA:7,1
DA:9,5
DA:13,0
DA:14,0
DA:17,0
DA:18,0
DA:19,0
DA:20,0
LF:12
LH:6
BRF:0
BRH:0
end_of_record
TN:
SF:src/core/org/SFPOrg.ts
FN:14,(anonymous_7)
FN:39,(anonymous_8)
FN:76,(anonymous_9)
FN:128,(anonymous_10)
FN:142,(anonymous_11)
FN:147,(anonymous_12)
FN:169,(anonymous_13)
FN:171,(anonymous_14)
FN:176,(anonymous_15)
FN:179,(anonymous_16)
FN:188,(anonymous_17)
FN:195,(anonymous_18)
FN:200,(anonymous_19)
FN:207,(anonymous_20)
FN:219,(anonymous_21)
FN:220,(anonymous_22)
FNF:16
FNH:5
FNDA:6,(anonymous_7)
FNDA:0,(anonymous_8)
FNDA:3,(anonymous_9)
FNDA:3,(anonymous_10)
FNDA:0,(anonymous_11)
FNDA:0,(anonymous_12)
FNDA:0,(anonymous_13)
FNDA:0,(anonymous_14)
FNDA:1,(anonymous_15)
FNDA:2,(anonymous_16)
FNDA:0,(anonymous_17)
FNDA:0,(anonymous_18)
FNDA:0,(anonymous_19)
FNDA:0,(anonymous_20)
FNDA:0,(anonymous_21)
FNDA:0,(anonymous_22)
DA:1,4
DA:2,4
DA:5,4
DA:6,4
DA:7,4
DA:8,4
DA:10,4
DA:15,6
DA:17,6
DA:22,5
DA:24,1
DA:32,1
DA:43,0
DA:47,0
DA:48,0
DA:49,0
DA:50,0
DA:53,0
DA:55,0
DA:56,0
DA:61,0
DA:69,0
DA:77,3
DA:79,3
DA:89,3
DA:92,3
DA:103,0
DA:116,2
DA:125,2
DA:129,3
DA:131,3
DA:134,0
DA:137,3
DA:143,0
DA:145,0
DA:147,0
DA:148,0
DA:150,0
DA:160,0
DA:163,0
DA:170,0
DA:171,0
DA:177,1
DA:178,1
DA:179,1
DA:180,2
DA:184,1
DA:185,0
DA:189,0
DA:196,0
DA:197,0
DA:198,0
DA:200,0
DA:201,0
DA:207,0
DA:209,0
DA:210,0
DA:211,0
DA:213,0
DA:214,0
DA:216,0
DA:219,0
DA:220,0
DA:222,0
DA:227,0
DA:228,0
DA:229,0
DA:231,0
DA:232,0
DA:233,0
DA:236,0
DA:241,4
LF:72
LH:27
BRDA:14,0,0,6
BRDA:83,1,0,0
BRDA:83,1,1,3
BRDA:119,2,0,2
BRDA:119,2,1,0
BRDA:177,3,0,1
BRDA:177,3,1,0
BRDA:181,4,0,0
BRDA:181,4,1,2
BRDA:181,5,0,1
BRDA:181,5,1,1
BRDA:210,6,0,0
BRDA:210,6,1,0
BRDA:227,7,0,0
BRDA:227,7,1,0
BRDA:228,8,0,0
BRDA:228,8,1,0
BRF:17
BRH:7
end_of_record
TN:
SF:src/core/org/packageQuery/InstalledPackagesQueryExecutor.ts
FN:5,(anonymous_1)
FNF:1
FNH:0
FNDA:0,(anonymous_1)
DA:2,4
DA:4,4
DA:7,0
DA:12,0
LF:4
LH:2
BRF:0
BRH:0
end_of_record
TN:
SF:src/core/package/SfpPackage.ts
FN:64,(anonymous_1)
FN:68,(anonymous_2)
FN:72,(anonymous_3)
FN:77,(anonymous_4)
FN:81,(anonymous_5)
FN:89,(anonymous_6)
FN:93,(anonymous_7)
FN:107,(anonymous_8)
FNF:8
FNH:4
FNDA:0,(anonymous_1)
FNDA:0,(anonymous_2)
FNDA:0,(anonymous_3)
FNDA:8,(anonymous_4)
FNDA:7,(anonymous_5)
FNDA:12,(anonymous_6)
FNDA:0,(anonymous_7)
FNDA:13,(anonymous_8)
DA:1,13
DA:54,13
DA:61,12
DA:65,0
DA:69,0
DA:74,0
DA:78,8
DA:82,7
DA:90,12
DA:94,0
DA:95,0
DA:96,0
DA:97,0
DA:98,0
DA:99,0
DA:100,0
DA:101,0
DA:102,0
DA:107,13
DA:108,13
DA:109,13
DA:110,13
DA:111,13
LF:23
LH:11
BRDA:107,0,0,13
BRDA:107,0,1,13
BRF:2
BRH:2
end_of_record
TN:
SF:src/core/package/SfpPackageBuilder.ts
FN:28,(anonymous_7)
FN:193,(anonymous_8)
FN:214,(anonymous_9)
FN:235,(anonymous_10)
FN:257,(anonymous_11)
FN:264,(anonymous_12)
FNF:6
FNH:0
FNDA:0,(anonymous_7)
FNDA:0,(anonymous_8)
FNDA:0,(anonymous_9)
FNDA:0,(anonymous_10)
FNDA:0,(anonymous_11)
FNDA:0,(anonymous_12)
DA:1,1
DA:2,1
DA:3,1
DA:4,1
DA:5,1
DA:6,1
DA:7,1
DA:8,1
DA:9,1
DA:11,1
DA:13,1
DA:14,1
DA:15,1
DA:16,1
DA:17,1
DA:18,1
DA:19,1
DA:21,1
DA:22,1
DA:23,1
DA:24,1
DA:25,1
DA:27,1
DA:37,0
DA:40,0
DA:43,0
DA:49,0
DA:50,0
DA:51,0
DA:52,0
DA:53,0
DA:54,0
DA:58,0
DA:59,0
DA:61,0
DA:64,0
DA:65,0
DA:66,0
DA:67,0
DA:68,0
DA:71,0
DA:75,0
DA:77,0
DA:80,0
DA:92,0
DA:96,0
DA:102,0
DA:103,0
DA:105,0
DA:106,0
DA:107,0
DA:108,0
DA:109,0
DA:110,0
DA:112,0
DA:113,0
DA:114,0
DA:115,0
DA:119,0
DA:121,0
DA:124,0
DA:129,0
DA:131,0
DA:138,0
DA:140,0
DA:141,0
DA:146,0
DA:153,0
DA:155,0
DA:162,0
DA:164,0
DA:171,0
DA:173,0
DA:174,0
DA:175,0
DA:182,0
DA:185,0
DA:199,0
DA:202,0
DA:203,0
DA:209,0
DA:211,0
DA:216,0
DA:217,0
DA:218,0
DA:219,0
DA:221,0
DA:222,0
DA:226,0
DA:227,0
DA:228,0
DA:230,0
DA:236,0
DA:242,0
DA:243,0
DA:251,0
DA:252,0
DA:253,0
DA:258,0
DA:259,0
DA:264,1
DA:265,0
LF:102
LH:24
BRDA:58,0,0,0
BRDA:58,0,1,0
BRDA:67,1,0,0
BRDA:67,1,1,0
BRDA:131,2,0,0
BRDA:138,3,0,0
BRDA:141,4,0,0
BRDA:145,5,0,0
BRDA:145,5,1,0
BRDA:145,5,2,0
BRDA:145,5,3,0
BRDA:236,6,0,0
BRDA:236,6,1,0
BRDA:237,7,0,0
BRDA:237,7,1,0
BRDA:237,7,2,0
BRDA:237,7,3,0
BRDA:258,8,0,0
BRDA:258,8,1,0
BRF:19
BRH:0
end_of_record
TN:
SF:src/core/package/analyser/AnalyzerRegistry.ts
FN:7,(anonymous_1)
FNF:1
FNH:0
FNDA:0,(anonymous_1)
DA:1,1
DA:2,1
DA:4,1
DA:6,1
DA:8,0
DA:11,0
DA:12,0
DA:13,0
DA:14,0
DA:15,0
DA:16,0
DA:18,0
LF:12
LH:4
BRF:0
BRH:0
end_of_record
TN:
SF:src/core/package/analyser/FHTAnalyzer.ts
FN:11,(anonymous_7)
FN:17,(anonymous_8)
FN:51,(anonymous_9)
FN:72,(anonymous_10)
FNF:4
FNH:3
FNDA:0,(anonymous_7)
FNDA:4,(anonymous_8)
FNDA:4,(anonymous_9)
FNDA:3,(anonymous_10)
DA:1,2
DA:2,2
DA:3,2
DA:4,2
DA:5,2
DA:7,2
DA:9,2
DA:12,0
DA:20,4
DA:23,4
DA:33,3
DA:38,4
DA:41,4
DA:42,4
DA:46,0
DA:48,4
DA:55,4
DA:59,0
DA:62,3
DA:64,2
DA:65,2
DA:66,2
DA:69,4
DA:73,3
DA:74,1
LF:25
LH:22
BRDA:65,0,0,2
BRDA:73,1,0,2
BRDA:73,1,1,1
BRF:3
BRH:3
end_of_record
TN:
SF:src/core/package/analyser/FTAnalyzer.ts
FN:11,(anonymous_7)
FN:15,(anonymous_8)
FN:49,(anonymous_9)
FN:70,(anonymous_10)
FNF:4
FNH:3
FNDA:0,(anonymous_7)
FNDA:4,(anonymous_8)
FNDA:4,(anonymous_9)
FNDA:3,(anonymous_10)
DA:1,2
DA:2,2
DA:3,2
DA:4,2
DA:5,2
DA:7,2
DA:9,2
DA:12,0
DA:18,4
DA:21,4
DA:31,3
DA:36,4
DA:39,4
DA:40,4
DA:44,0
DA:46,4
DA:53,4
DA:57,0
DA:60,3
DA:62,2
DA:63,2
DA:64,2
DA:67,4
DA:71,3
DA:72,1
LF:25
LH:22
BRDA:63,0,0,2
BRDA:71,1,0,2
BRDA:71,1,1,1
BRF:3
BRH:3
end_of_record
TN:
SF:src/core/package/analyser/PicklistAnalyzer.ts
FN:8,(anonymous_6)
FN:14,(anonymous_7)
FN:48,(anonymous_8)
FNF:3
FNH:0
FNDA:0,(anonymous_6)
FNDA:0,(anonymous_7)
FNDA:0,(anonymous_8)
DA:1,1
DA:2,1
DA:4,1
DA:6,1
DA:9,0
DA:16,0
DA:17,0
DA:23,0
DA:27,0
DA:33,0
DA:37,0
DA:38,0
DA:43,0
DA:45,0
DA:49,0
DA:50,0
LF:16
LH:4
BRDA:36,0,0,0
BRDA:36,0,1,0
BRDA:49,1,0,0
BRDA:49,1,1,0
BRF:4
BRH:0
end_of_record
TN:
SF:src/core/package/components/PackageManifest.ts
FN:14,(anonymous_7)
FN:21,(anonymous_8)
FN:25,(anonymous_9)
FN:32,(anonymous_10)
FN:49,(anonymous_11)
FN:58,(anonymous_12)
FN:59,(anonymous_13)
FN:92,(anonymous_14)
FN:109,(anonymous_15)
FN:132,(anonymous_16)
FN:151,(anonymous_17)
FN:170,(anonymous_18)
FN:196,(anonymous_19)
FN:226,(anonymous_20)
FN:243,(anonymous_21)
FNF:15
FNH:14
FNDA:3,(anonymous_7)
FNDA:3,(anonymous_8)
FNDA:13,(anonymous_9)
FNDA:6,(anonymous_10)
FNDA:6,(anonymous_11)
FNDA:48,(anonymous_12)
FNDA:150,(anonymous_13)
FNDA:1,(anonymous_14)
FNDA:2,(anonymous_15)
FNDA:0,(anonymous_16)
FNDA:2,(anonymous_17)
FNDA:1,(anonymous_18)
FNDA:2,(anonymous_19)
FNDA:1,(anonymous_20)
FNDA:1,(anonymous_21)
DA:1,2
DA:2,2
DA:4,2
DA:5,2
DA:7,2
DA:15,3
DA:22,3
DA:33,6
DA:35,6
DA:37,6
DA:38,6
DA:40,6
DA:50,6
DA:52,6
DA:58,6
DA:59,150
DA:62,6
DA:65,42
DA:69,42
DA:73,6
DA:77,6
DA:81,6
DA:82,6
DA:84,6
DA:93,1
DA:94,1
DA:96,1
DA:100,1
DA:102,1
DA:110,2
DA:116,1
DA:117,1
DA:121,0
DA:125,2
DA:133,0
DA:139,0
DA:140,0
DA:144,0
DA:148,0
DA:152,2
DA:156,1
DA:157,1
DA:161,0
DA:163,2
DA:171,1
DA:177,1
DA:178,1
DA:185,0
DA:189,1
DA:202,2
DA:205,0
DA:213,1
DA:216,0
DA:218,1
DA:223,2
DA:227,1
DA:232,1
DA:233,1
DA:237,0
DA:240,1
DA:244,1
DA:256,1
DA:261,1
DA:262,1
DA:266,0
DA:269,1
LF:66
LH:54
BRDA:176,0,0,2
BRDA:176,0,1,1
BRDA:182,1,0,0
BRDA:182,1,1,0
BRF:4
BRH:2
end_of_record
TN:
SF:src/core/package/components/PackageToComponent.ts
FN:6,(anonymous_0)
FN:8,(anonymous_1)
FNF:2
FNH:0
FNDA:0,(anonymous_0)
FNDA:0,(anonymous_1)
DA:1,1
DA:5,1
DA:6,0
DA:9,0
DA:11,0
DA:13,0
DA:16,0
DA:23,0
DA:26,0
LF:9
LH:2
BRF:0
BRH:0
end_of_record
TN:
SF:src/core/package/coverage/PackageTestCoverage.ts
FN:13,(anonymous_7)
FN:22,(anonymous_8)
FN:47,(anonymous_9)
FN:55,(anonymous_10)
FN:66,(anonymous_11)
FN:78,(anonymous_12)
FN:149,(anonymous_13)
FN:182,(anonymous_14)
FN:195,(anonymous_15)
FN:211,(anonymous_16)
FN:213,(anonymous_17)
FN:232,(anonymous_18)
FN:234,(anonymous_19)
FN:252,(anonymous_20)
FN:253,(anonymous_21)
FNF:15
FNH:15
FNDA:7,(anonymous_7)
FNDA:7,(anonymous_8)
FNDA:1,(anonymous_9)
FNDA:1,(anonymous_10)
FNDA:2,(anonymous_11)
FNDA:5,(anonymous_12)
FNDA:8,(anonymous_13)
FNDA:2,(anonymous_14)
FNDA:2,(anonymous_15)
FNDA:15,(anonymous_16)
FNDA:15,(anonymous_17)
FNDA:15,(anonymous_18)
FNDA:30,(anonymous_19)
FNDA:15,(anonymous_20)
FNDA:39,(anonymous_21)
DA:1,1
DA:2,1
DA:3,1
DA:5,1
DA:6,1
DA:7,1
DA:9,1
DA:11,7
DA:14,7
DA:15,7
DA:16,7
DA:17,7
DA:19,7
DA:23,7
DA:24,7
DA:26,7
DA:32,7
DA:33,7
DA:36,19
DA:37,19
DA:41,7
DA:43,7
DA:45,1
DA:47,1
DA:48,1
DA:51,7
DA:53,1
DA:55,1
DA:56,1
DA:60,1
DA:65,1
DA:66,1
DA:67,2
DA:69,1
DA:73,7
DA:74,7
DA:75,7
DA:87,5
DA:89,5
DA:91,5
DA:94,3
DA:95,3
DA:103,0
DA:112,2
DA:120,3
DA:122,3
DA:128,2
DA:136,1
DA:145,0
DA:153,8
DA:155,8
DA:156,8
DA:158,8
DA:166,20
DA:173,8
DA:182,2
DA:183,2
DA:185,2
DA:189,8
DA:195,2
DA:196,2
DA:198,2
DA:201,8
DA:212,15
DA:213,15
DA:217,12
DA:220,3
DA:222,0
DA:233,15
DA:234,15
DA:238,27
DA:241,3
DA:243,0
DA:253,15
DA:256,63
DA:263,12
DA:268,0
DA:271,15
LF:78
LH:73
BRDA:87,0,0,5
BRDA:93,1,0,5
BRDA:93,1,1,2
BRDA:119,2,0,3
BRDA:119,2,1,0
BRDA:212,3,0,15
BRDA:212,3,1,0
BRDA:233,4,0,15
BRDA:233,4,1,0
BRDA:256,5,0,27
BRF:10
BRH:7
end_of_record
TN:
SF:src/core/package/dependencies/ExternalPackage2DependencyResolver.ts
FN:12,(anonymous_1)
FN:14,(anonymous_2)
FN:55,(anonymous_3)
FN:86,(anonymous_4)
FNF:4
FNH:3
FNDA:2,(anonymous_1)
FNDA:2,(anonymous_2)
FNDA:2,(anonymous_3)
FNDA:0,(anonymous_4)
DA:2,2
DA:4,2
DA:10,2
DA:12,2
DA:19,2
DA:22,2
DA:30,2
DA:31,2
DA:35,0
DA:41,12
DA:42,0
DA:45,10
DA:46,4
DA:50,0
DA:51,0
DA:52,0
DA:55,2
DA:56,2
DA:58,0
DA:59,0
DA:64,0
DA:67,2
DA:71,0
DA:73,2
DA:78,2
DA:87,0
DA:89,0
DA:90,0
DA:93,0
DA:95,0
DA:98,0
DA:101,0
LF:32
LH:16
BRDA:19,0,0,2
BRDA:41,1,0,0
BRDA:41,2,0,12
BRDA:41,2,1,0
BRDA:44,3,0,12
BRDA:44,3,1,10
BRDA:48,4,0,4
BRDA:48,4,1,0
BRF:8
BRH:5
end_of_record
TN:
SF:src/core/package/dependencies/PackageDependencyResolver.ts
FN:15,(anonymous_7)
FN:31,(anonymous_8)
FN:116,(anonymous_9)
FN:124,(anonymous_10)
FN:176,(anonymous_11)
FN:191,(anonymous_12)
FN:221,(anonymous_13)
FN:227,(anonymous_14)
FN:236,(anonymous_15)
FN:249,(anonymous_16)
FN:265,(anonymous_17)
FNF:11
FNH:11
FNDA:10,(anonymous_7)
FNDA:10,(anonymous_8)
FNDA:16,(anonymous_9)
FNDA:38,(anonymous_10)
FNDA:13,(anonymous_11)
FNDA:4,(anonymous_12)
FNDA:55,(anonymous_13)
FNDA:10,(anonymous_14)
FNDA:6,(anonymous_15)
FNDA:5,(anonymous_16)
FNDA:6,(anonymous_17)
DA:2,3
DA:3,3
DA:4,3
DA:5,3
DA:6,3
DA:12,3
DA:13,10
DA:16,10
DA:17,10
DA:18,10
DA:19,10
DA:20,10
DA:23,10
DA:34,0
DA:38,24
DA:42,0
DA:45,19
DA:46,28
DA:49,1
DA:52,27
DA:56,9
DA:61,2
DA:63,16
DA:65,1
DA:66,1
DA:72,1
DA:78,1
DA:84,1
DA:85,1
DA:86,1
DA:87,1
DA:88,1
DA:91,15
DA:99,13
DA:100,10
DA:101,10
DA:103,3
DA:107,7
DA:124,38
DA:125,16
DA:130,6
DA:131,6
DA:133,6
DA:138,1
DA:143,5
DA:146,1
DA:152,4
DA:159,5
DA:164,5
DA:171,1
DA:176,13
DA:177,4
DA:180,1
DA:182,4
DA:197,4
DA:198,4
DA:199,4
DA:202,9
DA:205,3
DA:206,3
DA:209,9
DA:213,1
DA:218,3
DA:222,55
DA:223,55
DA:228,10
DA:237,6
DA:238,6
DA:239,5
DA:254,5
DA:255,5
DA:256,5
DA:266,6
DA:267,6
LF:74
LH:72
BRDA:33,0,0,47
BRDA:33,0,1,0
BRDA:37,1,0,47
BRDA:37,1,1,35
BRDA:41,2,0,23
BRDA:41,2,1,0
BRDA:44,3,0,23
BRDA:44,3,1,19
BRDA:47,4,0,28
BRDA:47,4,1,1
BRDA:52,5,0,0
BRDA:52,5,1,27
BRDA:59,6,0,18
BRDA:59,6,1,8
BRDA:59,6,2,2
BRDA:64,7,0,16
BRDA:64,7,1,1
BRDA:99,8,0,10
BRDA:99,8,1,3
BRDA:125,9,0,10
BRDA:132,10,0,6
BRDA:132,10,1,6
BRDA:176,11,0,13
BRDA:176,11,1,5
BRDA:209,12,0,3
BRDA:238,13,0,1
BRDA:238,13,1,5
BRF:27
BRH:24
end_of_record
TN:
SF:src/core/package/dependencies/TransitiveDependencyResolver.ts
FN:11,(anonymous_7)
FN:13,(anonymous_8)
FN:28,(anonymous_9)
FN:40,(anonymous_10)
FN:68,(anonymous_11)
FN:69,(anonymous_12)
FN:90,(anonymous_13)
FN:91,(anonymous_14)
FN:98,(anonymous_15)
FNF:9
FNH:8
FNDA:7,(anonymous_7)
FNDA:7,(anonymous_8)
FNDA:7,(anonymous_9)
FNDA:7,(anonymous_10)
FNDA:221,(anonymous_11)
FNDA:152,(anonymous_12)
FNDA:727,(anonymous_13)
FNDA:727,(anonymous_14)
FNDA:0,(anonymous_15)
DA:1,2
DA:2,2
DA:3,2
DA:4,2
DA:5,2
DA:6,2
DA:8,2
DA:10,2
DA:11,7
DA:14,7
DA:16,7
DA:17,7
DA:18,7
DA:19,7
DA:23,7
DA:25,7
DA:34,7
DA:37,7
DA:43,7
DA:45,42
DA:50,42
DA:54,65
DA:55,65
DA:64,87
DA:67,42
DA:68,221
DA:69,152
DA:70,42
DA:72,96
DA:74,96
DA:76,7
DA:79,0
DA:82,7
DA:83,7
DA:89,145
DA:90,727
DA:91,727
DA:93,42
DA:95,7
DA:100,0
DA:103,0
DA:104,0
DA:105,0
LF:43
LH:38
BRDA:99,0,0,0
BRDA:99,0,1,0
BRDA:99,0,2,0
BRDA:99,0,3,0
BRF:4
BRH:0
end_of_record
TN:
SF:src/core/package/deploymentFilters/EntitlementVersionFilter.ts
FN:16,(anonymous_7)
FN:51,(anonymous_8)
FN:93,(anonymous_9)
FNF:3
FNH:2
FNDA:5,(anonymous_7)
FNDA:7,(anonymous_8)
FNDA:0,(anonymous_9)
DA:1,1
DA:3,1
DA:4,1
DA:6,1
DA:7,1
DA:8,1
DA:9,1
DA:11,1
DA:12,1
DA:14,1
DA:18,5
DA:19,5
DA:22,5
DA:23,5
DA:26,5
DA:29,5
DA:33,3
DA:34,3
DA:36,1
DA:37,1
DA:40,4
DA:42,4
DA:43,4
DA:48,8
DA:50,8
DA:51,7
DA:61,1
DA:62,1
DA:67,1
DA:68,1
DA:69,1
DA:71,3
DA:78,4
DA:81,0
DA:85,4
DA:86,4
DA:88,1
DA:89,1
DA:94,0
DA:96,0
DA:97,0
LF:41
LH:37
BRDA:26,0,0,0
BRDA:55,1,0,8
BRDA:55,1,1,4
BRDA:55,1,2,4
BRDA:94,2,0,0
BRDA:96,3,0,0
BRDA:96,3,1,0
BRF:7
BRH:3
end_of_record
TN:
SF:src/core/package/diff/PackageComponentDiff.ts
FN:30,(anonymous_7)
FN:51,(anonymous_8)
FN:79,(anonymous_9)
FN:156,(anonymous_10)
FN:163,(anonymous_11)
FN:174,(anonymous_12)
FN:178,(anonymous_13)
FN:289,(anonymous_14)
FN:294,(anonymous_15)
FN:316,(anonymous_16)
FN:336,(anonymous_17)
FN:418,(anonymous_18)
FNF:12
FNH:1
FNDA:0,(anonymous_7)
FNDA:0,(anonymous_8)
FNDA:0,(anonymous_9)
FNDA:0,(anonymous_10)
FNDA:0,(anonymous_11)
FNDA:0,(anonymous_12)
FNDA:0,(anonymous_13)
FNDA:0,(anonymous_14)
FNDA:0,(anonymous_15)
FNDA:0,(anonymous_16)
FNDA:0,(anonymous_17)
FNDA:1,(anonymous_18)
DA:1,1
DA:2,1
DA:3,1
DA:4,1
DA:5,1
DA:6,1
DA:7,1
DA:8,1
DA:9,1
DA:10,1
DA:11,1
DA:12,1
DA:14,1
DA:15,1
DA:18,1
DA:31,0
DA:32,0
DA:33,0
DA:34,0
DA:35,0
DA:38,0
DA:41,0
DA:43,0
DA:44,0
DA:45,0
DA:47,0
DA:48,0
DA:52,0
DA:54,0
DA:55,0
DA:58,0
DA:59,0
DA:61,0
DA:64,0
DA:72,0
DA:73,0
DA:74,0
DA:76,0
DA:77,0
DA:79,0
DA:80,0
DA:81,0
DA:82,0
DA:83,0
DA:85,0
DA:86,0
DA:89,0
DA:93,0
DA:96,0
DA:99,0
DA:102,0
DA:104,0
DA:107,0
DA:108,0
DA:110,0
DA:111,0
DA:112,0
DA:114,0
DA:116,0
DA:118,0
DA:120,0
DA:125,0
DA:126,0
DA:130,0
DA:140,0
DA:141,0
DA:146,0
DA:147,0
DA:150,0
DA:152,0
DA:157,0
DA:159,0
DA:162,0
DA:163,0
DA:168,0
DA:171,0
DA:176,0
DA:178,0
DA:179,0
DA:182,0
DA:184,0
DA:185,0
DA:187,0
DA:188,0
DA:190,0
DA:192,0
DA:195,0
DA:202,0
DA:210,0
DA:212,0
DA:214,0
DA:216,0
DA:222,0
DA:228,0
DA:236,0
DA:242,0
DA:248,0
DA:256,0
DA:257,0
DA:262,0
DA:276,0
DA:286,0
DA:291,0
DA:292,0
DA:294,0
DA:295,0
DA:299,0
DA:308,0
DA:309,0
DA:310,0
DA:311,0
DA:312,0
DA:317,0
DA:318,0
DA:320,0
DA:321,0
DA:322,0
DA:327,0
DA:331,0
DA:333,0
DA:337,0
DA:338,0
DA:339,0
DA:340,0
DA:341,0
DA:343,0
DA:345,0
DA:350,0
DA:352,0
DA:354,0
DA:355,0
DA:356,0
DA:359,0
DA:363,0
DA:366,0
DA:370,0
DA:377,0
DA:384,0
DA:386,0
DA:388,0
DA:389,0
DA:390,0
DA:393,0
DA:397,0
DA:400,0
DA:408,0
DA:415,0
DA:418,1
DA:419,1
DA:420,1
DA:421,1
DA:422,1
DA:423,1
LF:153
LH:21
BRDA:37,0,0,0
BRDA:37,0,1,0
BRDA:98,1,0,0
BRDA:98,1,1,0
BRDA:111,2,0,0
BRDA:111,2,1,0
BRDA:125,3,0,0
BRDA:157,4,0,0
BRDA:157,4,1,0
BRDA:165,5,0,0
BRDA:165,5,1,0
BRDA:179,6,0,0
BRDA:179,6,1,0
BRDA:256,7,0,0
BRDA:256,7,1,0
BRDA:295,8,0,0
BRDA:295,8,1,0
BRDA:418,9,0,1
BRDA:418,9,1,1
BRF:19
BRH:2
end_of_record
TN:
SF:src/core/package/diff/PackageDiffImpl.ts
FN:12,(anonymous_7)
FN:21,(anonymous_8)
FN:28,(anonymous_9)
FN:109,(anonymous_10)
FN:123,(anonymous_11)
FN:137,(anonymous_12)
FN:159,(anonymous_13)
FNF:7
FNH:6
FNDA:1,(anonymous_7)
FNDA:9,(anonymous_8)
FNDA:9,(anonymous_9)
FNDA:6,(anonymous_10)
FNDA:8,(anonymous_11)
FNDA:5,(anonymous_12)
FNDA:0,(anonymous_13)
DA:1,1
DA:2,1
DA:3,1
DA:4,1
DA:5,1
DA:6,1
DA:7,1
DA:8,1
DA:9,1
DA:10,1
DA:12,1
DA:13,1
DA:15,1
DA:20,1
DA:22,9
DA:23,9
DA:24,9
DA:25,9
DA:29,9
DA:31,9
DA:32,9
DA:34,8
DA:44,0
DA:46,8
DA:50,6
DA:55,6
DA:57,0
DA:58,0
DA:59,0
DA:60,0
DA:61,0
DA:64,6
DA:66,6
DA:68,6
DA:77,7
DA:78,7
DA:80,7
DA:83,1
DA:84,1
DA:88,5
DA:93,5
DA:95,1
DA:98,4
DA:100,2
DA:105,2
DA:111,6
DA:112,6
DA:113,6
DA:115,6
DA:118,6
DA:120,6
DA:124,8
DA:125,8
DA:127,8
DA:129,0
DA:131,8
DA:134,8
DA:138,5
DA:139,5
DA:144,5
DA:148,5
DA:149,2
DA:152,2
DA:153,1
DA:154,1
DA:155,1
DA:156,3
DA:161,0
DA:163,0
LF:69
LH:60
BRDA:43,0,0,8
BRDA:43,0,1,7
BRDA:66,1,0,6
BRDA:111,2,0,0
BRDA:111,2,1,6
BRDA:112,3,0,0
BRDA:112,3,1,6
BRDA:148,4,0,2
BRDA:148,4,1,3
BRDA:152,5,0,1
BRDA:152,5,1,1
BRF:11
BRH:9
end_of_record
TN:
SF:src/core/package/packageCreators/CreateDataPackageImpl.ts
FN:12,(anonymous_7)
FN:22,(anonymous_8)
FN:26,(anonymous_9)
FN:29,(anonymous_10)
FN:31,(anonymous_11)
FN:33,(anonymous_12)
FN:41,(anonymous_13)
FN:45,(anonymous_14)
FN:49,(anonymous_15)
FN:51,(anonymous_16)
FN:54,(anonymous_17)
FNF:11
FNH:0
FNDA:0,(anonymous_7)
FNDA:0,(anonymous_8)
FNDA:0,(anonymous_9)
FNDA:0,(anonymous_10)
FNDA:0,(anonymous_11)
FNDA:0,(anonymous_12)
FNDA:0,(anonymous_13)
FNDA:0,(anonymous_14)
FNDA:0,(anonymous_15)
FNDA:0,(anonymous_16)
FNDA:0,(anonymous_17)
DA:1,1
DA:2,1
DA:3,1
DA:4,1
DA:5,1
DA:8,1
DA:9,1
DA:11,1
DA:13,0
DA:14,0
DA:15,0
DA:16,0
DA:17,0
DA:19,0
DA:23,0
DA:27,0
DA:29,0
DA:31,0
DA:33,0
DA:35,0
DA:37,0
DA:38,0
DA:42,0
DA:55,0
DA:60,0
DA:61,0
DA:65,0
DA:69,0
DA:75,0
DA:81,0
LF:30
LH:8
BRDA:35,0,0,0
BRDA:37,1,0,0
BRDA:37,1,1,0
BRDA:37,2,0,0
BRDA:37,2,1,0
BRDA:60,3,0,0
BRDA:61,4,0,0
BRDA:64,5,0,0
BRDA:64,5,1,0
BRF:9
BRH:0
end_of_record
TN:
SF:src/core/package/packageCreators/CreateDiffPackageImpl.ts
FN:21,(anonymous_7)
FN:31,(anonymous_8)
FN:35,(anonymous_9)
FN:37,(anonymous_10)
FN:41,(anonymous_11)
FN:62,(anonymous_12)
FN:68,(anonymous_13)
FN:109,(anonymous_14)
FN:111,(anonymous_15)
FN:141,(anonymous_16)
FN:147,getPackagesToCommits
FN:162,(anonymous_18)
FN:168,(anonymous_19)
FN:180,(anonymous_20)
FN:239,getOnlyChangedClassesFromPackage
FN:254,(anonymous_22)
FN:255,(anonymous_23)
FN:256,(anonymous_24)
FN:257,(anonymous_25)
FN:258,(anonymous_26)
FN:262,(anonymous_27)
FN:266,(anonymous_28)
FNF:22
FNH:0
FNDA:0,(anonymous_7)
FNDA:0,(anonymous_8)
FNDA:0,(anonymous_9)
FNDA:0,(anonymous_10)
FNDA:0,(anonymous_11)
FNDA:0,(anonymous_12)
FNDA:0,(anonymous_13)
FNDA:0,(anonymous_14)
FNDA:0,(anonymous_15)
FNDA:0,(anonymous_16)
FNDA:0,getPackagesToCommits
FNDA:0,(anonymous_18)
FNDA:0,(anonymous_19)
FNDA:0,(anonymous_20)
FNDA:0,getOnlyChangedClassesFromPackage
FNDA:0,(anonymous_22)
FNDA:0,(anonymous_23)
FNDA:0,(anonymous_24)
FNDA:0,(anonymous_25)
FNDA:0,(anonymous_26)
FNDA:0,(anonymous_27)
FNDA:0,(anonymous_28)
DA:1,1
DA:3,1
DA:4,1
DA:5,1
DA:7,1
DA:8,1
DA:9,1
DA:10,1
DA:11,1
DA:12,1
DA:13,1
DA:14,1
DA:15,1
DA:16,1
DA:18,1
DA:20,1
DA:22,0
DA:23,0
DA:24,0
DA:25,0
DA:26,0
DA:28,0
DA:32,0
DA:38,0
DA:42,0
DA:45,0
DA:48,0
DA:50,0
DA:52,0
DA:56,0
DA:58,0
DA:63,0
DA:64,0
DA:65,0
DA:72,0
DA:79,0
DA:82,0
DA:83,0
DA:89,0
DA:90,0
DA:91,0
DA:94,0
DA:96,0
DA:102,0
DA:116,0
DA:117,0
DA:120,0
DA:123,0
DA:126,0
DA:127,0
DA:131,0
DA:134,0
DA:137,0
DA:138,0
DA:142,0
DA:143,0
DA:145,0
DA:148,0
DA:149,0
DA:154,0
DA:155,0
DA:157,0
DA:162,0
DA:163,0
DA:168,0
DA:170,0
DA:174,0
DA:176,0
DA:185,0
DA:187,0
DA:192,0
DA:197,0
DA:200,0
DA:207,0
DA:209,0
DA:211,0
DA:212,0
DA:213,0
DA:217,0
DA:218,0
DA:219,0
DA:220,0
DA:222,0
DA:226,0
DA:229,0
DA:230,0
DA:231,0
DA:232,0
DA:233,0
DA:234,0
DA:235,0
DA:236,0
DA:245,0
DA:250,0
DA:254,0
DA:255,0
DA:256,0
DA:257,0
DA:258,0
DA:261,0
DA:262,0
DA:266,0
DA:268,0
LF:103
LH:16
BRDA:82,0,0,0
BRDA:82,0,1,0
BRDA:120,1,0,0
BRDA:137,2,0,0
BRDA:174,3,0,0
BRDA:244,4,0,0
BRDA:244,4,1,0
BRDA:262,5,0,0
BRDA:262,5,1,0
BRF:9
BRH:0
end_of_record
TN:
SF:src/core/package/packageCreators/CreatePackage.ts
FN:9,(anonymous_7)
FN:20,(anonymous_8)
FN:49,(anonymous_9)
FN:81,(anonymous_10)
FN:95,(anonymous_11)
FN:105,(anonymous_12)
FN:121,(anonymous_13)
FNF:7
FNH:0
FNDA:0,(anonymous_7)
FNDA:0,(anonymous_8)
FNDA:0,(anonymous_9)
FNDA:0,(anonymous_10)
FNDA:0,(anonymous_11)
FNDA:0,(anonymous_12)
FNDA:0,(anonymous_13)
DA:1,1
DA:2,1
DA:3,1
DA:6,1
DA:10,0
DA:11,0
DA:12,0
DA:13,0
DA:14,0
DA:17,0
DA:22,0
DA:25,0
DA:28,0
DA:30,0
DA:31,0
DA:32,0
DA:35,0
DA:38,0
DA:40,0
DA:50,0
DA:52,0
DA:57,0
DA:58,0
DA:63,0
DA:69,0
DA:74,0
DA:83,0
DA:84,0
DA:85,0
DA:89,0
DA:90,0
DA:91,0
DA:97,0
DA:98,0
DA:99,0
DA:106,0
DA:112,0
DA:117,0
DA:118,0
DA:122,0
DA:123,0
DA:128,0
DA:134,0
DA:140,0
DA:142,0
LF:45
LH:4
BRDA:17,0,0,0
BRDA:57,1,0,0
BRDA:57,2,0,0
BRDA:57,2,1,0
BRDA:83,3,0,0
BRDA:83,3,1,0
BRDA:89,4,0,0
BRDA:89,4,1,0
BRDA:97,5,0,0
BRDA:97,5,1,0
BRF:10
BRH:0
end_of_record
TN:
SF:src/core/package/propertyFetchers/AssignPermissionSetFetcher.ts
FN:6,(anonymous_0)
FNF:1
FNH:1
FNDA:4,(anonymous_0)
DA:5,2
DA:8,4
DA:9,4
DA:11,0
DA:15,4
DA:16,4
DA:18,0
DA:21,4
LF:8
LH:6
BRDA:8,0,0,4
BRDA:8,0,1,0
BRDA:15,1,0,4
BRDA:15,1,1,0
BRF:4
BRH:2
end_of_record
TN:
SF:src/core/package/propertyFetchers/DestructiveManifestPathFetcher.ts
FN:8,(anonymous_7)
FNF:1
FNH:1
FNDA:4,(anonymous_7)
DA:1,2
DA:4,2
DA:7,2
DA:12,0
DA:16,4
DA:17,4
DA:22,4
DA:25,0
DA:27,4
LF:9
LH:7
BRDA:11,0,0,4
BRDA:11,0,1,4
BRF:2
BRH:2
end_of_record
TN:
SF:src/core/package/propertyFetchers/ReconcileProfilePropertyFetcher.ts
FN:5,(anonymous_0)
FNF:1
FNH:1
FNDA:2,(anonymous_0)
DA:4,2
DA:7,2
LF:2
LH:2
BRF:0
BRH:0
end_of_record
TN:
SF:src/core/package/validators/PackageEmptyChecker.ts
FN:7,(anonymous_1)
FN:60,(anonymous_2)
FN:71,(anonymous_3)
FNF:3
FNH:0
FNDA:0,(anonymous_1)
FNDA:0,(anonymous_2)
FNDA:0,(anonymous_3)
DA:1,1
DA:2,1
DA:3,1
DA:4,1
DA:6,1
DA:16,0
DA:21,0
DA:22,0
DA:23,0
DA:29,0
DA:30,0
DA:32,0
DA:33,0
DA:35,0
DA:38,0
DA:39,0
DA:41,0
DA:42,0
DA:44,0
DA:46,0
DA:47,0
DA:50,0
DA:51,0
DA:52,0
DA:53,0
DA:54,0
DA:55,0
DA:56,0
DA:64,0
DA:66,0
DA:69,0
DA:71,0
DA:74,0
DA:75,0
DA:78,0
DA:82,0
DA:83,0
LF:37
LH:5
BRDA:21,0,0,0
BRDA:21,0,1,0
BRDA:50,1,0,0
BRDA:50,1,1,0
BRDA:52,2,0,0
BRDA:52,2,1,0
BRDA:74,3,0,0
BRDA:74,3,1,0
BRDA:82,4,0,0
BRDA:82,4,1,0
BRDA:82,5,0,0
BRDA:82,5,1,0
BRF:12
BRH:0
end_of_record
TN:
SF:src/core/package/version/Package2VersionFetcher.ts
FN:12,(anonymous_1)
FN:22,(anonymous_2)
FN:51,(anonymous_3)
FN:59,(anonymous_4)
FN:69,(anonymous_5)
FNF:5
FNH:4
FNDA:8,(anonymous_1)
FNDA:4,(anonymous_2)
FNDA:6,(anonymous_3)
FNDA:0,(anonymous_4)
FNDA:2,(anonymous_5)
DA:2,4
DA:3,4
DA:8,4
DA:9,8
DA:12,8
DA:27,4
DA:29,4
DA:33,4
DA:35,4
DA:36,4
DA:37,4
DA:38,4
DA:41,4
DA:43,4
DA:44,4
DA:47,4
DA:50,4
DA:51,3
DA:52,6
DA:53,6
DA:54,6
DA:56,1
DA:60,0
DA:62,0
DA:63,0
DA:65,0
DA:66,0
DA:75,2
DA:77,2
DA:80,1
DA:81,1
DA:82,1
DA:83,1
DA:85,2
DA:87,2
DA:88,2
DA:90,2
DA:91,2
LF:38
LH:33
BRDA:35,0,0,4
BRDA:36,1,0,4
BRDA:37,2,0,4
BRDA:38,3,0,0
BRDA:41,4,0,4
BRDA:50,5,0,3
BRDA:50,5,1,1
BRDA:81,6,0,1
BRDA:82,7,0,1
BRDA:83,8,0,1
BRF:10
BRH:9
end_of_record
TN:
SF:src/core/package/version/PackageVersionUpdater.ts
FN:4,(anonymous_0)
FN:6,(anonymous_1)
FNF:2
FNH:0
FNDA:0,(anonymous_0)
FNDA:0,(anonymous_1)
DA:3,1
DA:8,0
DA:10,0
DA:11,0
DA:13,0
DA:14,0
DA:15,0
LF:7
LH:1
BRDA:13,0,0,0
BRDA:13,0,1,0
BRF:2
BRH:0
end_of_record
TN:
SF:src/core/permsets/AssignPermissionSetsImpl.ts
FN:9,(anonymous_7)
FN:16,(anonymous_8)
FN:39,(anonymous_9)
FN:81,(anonymous_10)
FN:87,(anonymous_11)
FNF:5
FNH:5
FNDA:3,(anonymous_7)
FNDA:3,(anonymous_8)
FNDA:12,(anonymous_9)
FNDA:4,(anonymous_10)
FNDA:6,(anonymous_11)
DA:2,1
DA:3,1
DA:4,1
DA:5,1
DA:6,1
DA:8,1
DA:10,3
DA:11,3
DA:12,3
DA:13,3
DA:26,3
DA:27,3
DA:32,3
DA:36,3
DA:39,6
DA:40,12
DA:45,0
DA:46,0
DA:50,6
DA:59,6
DA:60,6
DA:61,3
DA:62,3
DA:64,0
DA:69,2
DA:70,2
DA:74,2
DA:75,2
DA:78,3
DA:82,4
DA:87,4
DA:88,6
DA:91,4
LF:33
LH:30
BRDA:60,0,0,3
BRDA:60,0,1,3
BRF:2
BRH:2
end_of_record
TN:
SF:src/core/permsets/PermissionSetFetcher.ts
FN:8,(anonymous_1)
FN:10,(anonymous_2)
FNF:2
FNH:2
FNDA:3,(anonymous_1)
FNDA:3,(anonymous_2)
DA:2,1
DA:7,1
DA:8,3
DA:11,3
DA:13,3
LF:5
LH:5
BRF:0
BRH:0
end_of_record
TN:
SF:src/core/permsets/PermissionSetGroupUpdateAwaiter.ts
FN:9,(anonymous_7)
FN:11,(anonymous_8)
FNF:2
FNH:2
FNDA:1,(anonymous_7)
FNDA:1,(anonymous_8)
DA:2,1
DA:3,1
DA:4,1
DA:6,1
DA:8,1
DA:9,1
DA:12,1
DA:19,1
DA:21,0
DA:26,0
DA:31,0
DA:33,1
DA:38,1
DA:41,0
DA:42,0
LF:15
LH:10
BRDA:9,0,0,1
BRF:1
BRH:1
end_of_record
TN:
SF:src/core/project/ProjectConfig.ts
FN:16,(anonymous_1)
FN:28,(anonymous_2)
FN:31,(anonymous_3)
FN:38,(anonymous_4)
FN:44,(anonymous_5)
FN:48,(anonymous_6)
FN:63,(anonymous_7)
FN:65,(anonymous_8)
FN:72,(anonymous_9)
FN:85,(anonymous_10)
FN:88,(anonymous_11)
FN:95,(anonymous_12)
FN:97,(anonymous_13)
FN:108,(anonymous_14)
FN:129,(anonymous_15)
FN:150,(anonymous_16)
FN:163,(anonymous_17)
FN:167,(anonymous_18)
FN:183,(anonymous_19)
FN:190,(anonymous_20)
FN:206,(anonymous_21)
FN:217,(anonymous_22)
FN:242,(anonymous_23)
FN:263,(anonymous_24)
FN:270,(anonymous_25)
FN:275,(anonymous_26)
FNF:26
FNH:20
FNDA:2,(anonymous_1)
FNDA:1,(anonymous_2)
FNDA:5,(anonymous_3)
FNDA:2,(anonymous_4)
FNDA:3,(anonymous_5)
FNDA:15,(anonymous_6)
FNDA:1,(anonymous_7)
FNDA:5,(anonymous_8)
FNDA:7,(anonymous_9)
FNDA:0,(anonymous_10)
FNDA:0,(anonymous_11)
FNDA:13,(anonymous_12)
FNDA:60,(anonymous_13)
FNDA:4,(anonymous_14)
FNDA:13,(anonymous_15)
FNDA:1,(anonymous_16)
FNDA:24,(anonymous_17)
FNDA:123,(anonymous_18)
FNDA:1,(anonymous_19)
FNDA:5,(anonymous_20)
FNDA:1,(anonymous_21)
FNDA:1,(anonymous_22)
FNDA:0,(anonymous_23)
FNDA:0,(anonymous_24)
FNDA:0,(anonymous_25)
FNDA:0,(anonymous_26)
DA:1,5
DA:3,5
DA:4,5
DA:5,5
DA:10,5
DA:18,1
DA:20,1
DA:29,1
DA:30,1
DA:31,1
DA:33,5
DA:35,1
DA:41,2
DA:42,2
DA:43,2
DA:44,2
DA:45,3
DA:49,15
DA:54,1
DA:56,2
DA:64,1
DA:65,1
DA:67,5
DA:69,1
DA:75,7
DA:76,7
DA:79,35
DA:82,7
DA:86,0
DA:87,0
DA:88,0
DA:90,0
DA:92,0
DA:96,13
DA:97,13
DA:99,60
DA:101,13
DA:112,0
DA:114,4
DA:118,4
DA:120,0
DA:133,13
DA:136,7
DA:138,6
DA:139,5
DA:141,5
DA:151,1
DA:153,1
DA:155,1
DA:167,24
DA:169,23
DA:174,24
DA:176,23
DA:187,1
DA:190,1
DA:192,1
DA:193,1
DA:197,1
DA:198,1
DA:207,1
DA:209,1
DA:219,1
DA:222,4
DA:226,0
DA:229,0
DA:233,1
DA:234,1
DA:243,0
DA:244,0
DA:248,0
DA:249,0
DA:253,0
DA:254,0
DA:255,0
DA:264,0
DA:265,0
DA:274,0
DA:275,0
DA:276,0
DA:279,0
LF:80
LH:58
BRDA:33,0,0,5
BRDA:33,1,0,5
BRDA:33,1,1,5
BRDA:43,2,0,2
BRDA:43,2,1,0
BRDA:45,3,0,1
BRDA:67,4,0,5
BRDA:67,5,0,5
BRDA:67,5,1,5
BRDA:90,6,0,0
BRDA:90,7,0,0
BRDA:90,7,1,0
BRDA:99,8,0,60
BRDA:99,9,0,60
BRDA:99,9,1,60
BRDA:138,10,0,1
BRDA:138,10,1,5
BRDA:139,11,0,0
BRDA:139,11,1,5
BRDA:174,12,0,1
BRDA:197,13,0,0
BRDA:197,13,1,1
BRF:22
BRH:16
end_of_record
TN:
SF:src/core/project/UserDefinedExternalDependency.ts
FN:13,(anonymous_1)
FN:23,(anonymous_2)
FN:44,(anonymous_3)
FNF:3
FNH:3
FNDA:9,(anonymous_1)
FNDA:2,(anonymous_2)
FNDA:7,(anonymous_3)
DA:1,2
DA:2,2
DA:3,2
DA:4,2
DA:10,2
DA:14,9
DA:15,9
DA:16,9
DA:17,9
DA:20,0
DA:24,2
DA:25,2
DA:26,2
DA:28,2
DA:30,2
DA:33,2
DA:37,0
DA:40,2
DA:41,2
DA:45,7
DA:47,7
DA:50,0
DA:55,0
DA:59,7
LF:24
LH:20
BRDA:14,0,0,9
BRDA:14,0,1,0
BRDA:52,1,0,7
BRDA:52,1,1,7
BRF:4
BRH:3
end_of_record
TN:
SF:src/core/queryHelper/ChunkCollection.ts
FN:9,chunkCollection
FNF:1
FNH:1
FNDA:3,chunkCollection
DA:9,2
DA:10,3
DA:11,3
DA:13,3
DA:14,3
DA:17,1
DA:20,7
DA:22,6
DA:23,6
DA:25,1
DA:28,1
DA:29,1
DA:30,1
DA:31,1
DA:35,2
DA:37,2
LF:16
LH:16
BRDA:9,0,0,1
BRDA:9,1,0,1
BRF:2
BRH:2
end_of_record
TN:
SF:src/core/queryHelper/QueryHelper.ts
FN:6,(anonymous_0)
FN:8,(anonymous_1)
FNF:2
FNH:2
FNDA:21,(anonymous_0)
FNDA:27,(anonymous_1)
DA:3,11
DA:5,11
DA:7,21
DA:10,27
DA:11,20
DA:13,19
LF:6
LH:6
BRDA:10,0,0,7
BRDA:10,0,1,20
BRF:2
BRH:2
end_of_record
TN:
SF:src/core/stats/NativeMetricSender.ts
FN:4,(anonymous_0)
FN:12,(anonymous_1)
FNF:2
FNH:0
FNDA:0,(anonymous_0)
FNDA:0,(anonymous_1)
DA:3,1
DA:4,0
DA:14,0
DA:16,0
DA:18,0
DA:20,0
LF:6
LH:1
BRDA:13,0,0,0
BRDA:13,0,1,0
BRF:2
BRH:0
end_of_record
TN:
SF:src/core/stats/SFPStatsSender.ts
FN:15,(anonymous_7)
FN:25,(anonymous_8)
FN:47,(anonymous_9)
FN:56,(anonymous_10)
FN:74,(anonymous_11)
FN:92,(anonymous_12)
FN:109,(anonymous_13)
FNF:7
FNH:0
FNDA:0,(anonymous_7)
FNDA:0,(anonymous_8)
FNDA:0,(anonymous_9)
FNDA:0,(anonymous_10)
FNDA:0,(anonymous_11)
FNDA:0,(anonymous_12)
FNDA:0,(anonymous_13)
DA:1,1
DA:2,1
DA:3,1
DA:5,1
DA:7,1
DA:8,1
DA:10,1
DA:16,0
DA:22,0
DA:28,0
DA:29,0
DA:30,0
DA:33,0
DA:34,0
DA:35,0
DA:38,0
DA:39,0
DA:40,0
DA:43,0
DA:49,0
DA:50,0
DA:52,0
DA:57,0
DA:61,0
DA:64,0
DA:71,0
DA:75,0
DA:79,0
DA:82,0
DA:89,0
DA:93,0
DA:97,0
DA:100,0
DA:106,0
DA:111,0
LF:35
LH:7
BRDA:18,0,0,0
BRDA:18,0,1,0
BRDA:19,1,0,0
BRDA:19,1,1,0
BRDA:27,2,0,0
BRDA:27,2,1,0
BRDA:27,2,2,0
BRDA:27,2,3,0
BRDA:57,3,0,0
BRDA:75,4,0,0
BRDA:93,5,0,0
BRF:11
BRH:0
end_of_record
TN:
SF:src/core/stats/nativeMetricSenderImpl/DataDogMetricSender.ts
FN:6,(anonymous_6)
FN:12,(anonymous_7)
FN:25,(anonymous_8)
FN:39,(anonymous_9)
FNF:4
FNH:0
FNDA:0,(anonymous_6)
FNDA:0,(anonymous_7)
FNDA:0,(anonymous_8)
FNDA:0,(anonymous_9)
DA:1,1
DA:2,1
DA:3,1
DA:5,1
DA:7,0
DA:14,0
DA:21,0
DA:27,0
DA:28,0
DA:29,0
DA:31,0
DA:41,0
DA:42,0
DA:43,0
DA:45,0
LF:15
LH:4
BRF:0
BRH:0
end_of_record
TN:
SF:src/core/stats/nativeMetricSenderImpl/NewRelicMetricSender.ts
FN:12,(anonymous_6)
FN:19,(anonymous_7)
FN:27,(anonymous_8)
FN:33,(anonymous_9)
FN:46,(anonymous_10)
FN:54,(anonymous_11)
FNF:6
FNH:0
FNDA:0,(anonymous_6)
FNDA:0,(anonymous_7)
FNDA:0,(anonymous_8)
FNDA:0,(anonymous_9)
FNDA:0,(anonymous_10)
FNDA:0,(anonymous_11)
DA:1,1
DA:3,1
DA:9,1
DA:11,1
DA:13,0
DA:21,0
DA:23,0
DA:28,0
DA:29,0
DA:30,0
DA:31,0
DA:32,0
DA:33,0
DA:35,0
DA:37,0
DA:38,0
DA:47,0
DA:48,0
DA:49,0
DA:50,0
DA:51,0
DA:52,0
DA:54,0
DA:56,0
DA:58,0
DA:59,0
LF:26
LH:4
BRDA:37,0,0,0
BRDA:58,1,0,0
BRF:2
BRH:0
end_of_record
TN:
SF:src/core/stats/nativeMetricSenderImpl/SplunkMetricSender.ts
FN:8,(anonymous_7)
FN:14,(anonymous_8)
FN:21,(anonymous_9)
FN:25,(anonymous_10)
FN:26,(anonymous_11)
FN:35,(anonymous_12)
FN:39,(anonymous_13)
FN:40,(anonymous_14)
FNF:8
FNH:0
FNDA:0,(anonymous_7)
FNDA:0,(anonymous_8)
FNDA:0,(anonymous_9)
FNDA:0,(anonymous_10)
FNDA:0,(anonymous_11)
FNDA:0,(anonymous_12)
FNDA:0,(anonymous_13)
FNDA:0,(anonymous_14)
DA:1,1
DA:2,1
DA:3,1
DA:7,1
DA:9,0
DA:15,0
DA:22,0
DA:23,0
DA:24,0
DA:25,0
DA:27,0
DA:36,0
DA:37,0
DA:38,0
DA:39,0
DA:41,0
LF:16
LH:4
BRF:0
BRH:0
end_of_record
TN:
SF:src/core/utils/AliasList.ts
FN:4,convertAliasToUsername
FN:10,convertUsernameToAlias
FNF:2
FNH:0
FNDA:0,convertAliasToUsername
FNDA:0,convertUsernameToAlias
DA:1,4
DA:4,4
DA:5,0
DA:6,0
DA:7,0
DA:10,4
DA:12,0
DA:13,0
DA:14,0
LF:9
LH:3
BRF:0
BRH:0
end_of_record
TN:
SF:src/core/utils/ChunkArray.ts
FN:1,chunkArray
FNF:1
FNH:1
FNDA:2,chunkArray
DA:1,1
DA:2,2
DA:3,2
DA:4,2
DA:7,9
DA:10,2
LF:6
LH:6
BRF:0
BRH:0
end_of_record
TN:
SF:src/core/utils/Delay.ts
FN:1,delay
FN:2,(anonymous_1)
FNF:2
FNH:0
FNDA:0,delay
FNDA:0,(anonymous_1)
DA:1,1
DA:2,0
LF:2
LH:1
BRDA:1,0,0,0
BRF:1
BRH:0
end_of_record
TN:
SF:src/core/utils/FileSystem.ts
FN:11,(anonymous_0)
FN:20,readdirRecursiveHandler
FN:23,(anonymous_2)
FNF:3
FNH:3
FNDA:4,(anonymous_0)
FNDA:24,readdirRecursiveHandler
FNDA:44,(anonymous_2)
DA:1,2
DA:2,2
DA:4,2
DA:16,4
DA:18,4
DA:20,4
DA:21,24
DA:23,24
DA:26,22
DA:28,22
DA:34,5
DA:36,5
DA:39,20
DA:42,12
DA:44,12
DA:50,4
LF:16
LH:16
BRDA:13,0,0,0
BRDA:14,1,0,0
BRDA:18,2,0,0
BRF:3
BRH:0
end_of_record
TN:
SF:src/core/utils/Fileutils.ts
FN:15,(anonymous_0)
FN:16,(anonymous_1)
FN:31,(anonymous_2)
FN:40,(anonymous_3)
FN:55,(anonymous_4)
FN:70,(anonymous_5)
FN:85,(anonymous_6)
FN:90,(anonymous_7)
FN:107,(anonymous_8)
FN:123,(anonymous_9)
FN:133,(anonymous_10)
FN:146,(anonymous_11)
FN:177,(anonymous_12)
FN:179,(anonymous_13)
FN:195,(anonymous_14)
FNF:15
FNH:0
FNDA:0,(anonymous_0)
FNDA:0,(anonymous_1)
FNDA:0,(anonymous_2)
FNDA:0,(anonymous_3)
FNDA:0,(anonymous_4)
FNDA:0,(anonymous_5)
FNDA:0,(anonymous_6)
FNDA:0,(anonymous_7)
FNDA:0,(anonymous_8)
FNDA:0,(anonymous_9)
FNDA:0,(anonymous_10)
FNDA:0,(anonymous_11)
FNDA:0,(anonymous_12)
FNDA:0,(anonymous_13)
FNDA:0,(anonymous_14)
DA:1,1
DA:2,1
DA:3,1
DA:4,1
DA:6,1
DA:8,1
DA:10,1
DA:16,0
DA:19,0
DA:21,0
DA:32,0
DA:33,0
DA:34,0
DA:36,0
DA:37,0
DA:39,0
DA:40,0
DA:41,0
DA:42,0
DA:45,0
DA:48,0
DA:49,0
DA:52,0
DA:56,0
DA:57,0
DA:59,0
DA:60,0
DA:63,0
DA:71,0
DA:72,0
DA:74,0
DA:75,0
DA:77,0
DA:86,0
DA:87,0
DA:88,0
DA:90,0
DA:91,0
DA:93,0
DA:96,0
DA:99,0
DA:108,0
DA:109,0
DA:111,0
DA:113,0
DA:115,0
DA:124,0
DA:126,0
DA:127,0
DA:129,0
DA:131,0
DA:133,0
DA:134,0
DA:137,0
DA:147,0
DA:148,0
DA:150,0
DA:151,0
DA:153,0
DA:154,0
DA:155,0
DA:157,0
DA:159,0
DA:161,0
DA:165,0
DA:170,0
DA:179,0
DA:180,0
DA:184,0
DA:188,0
DA:192,0
DA:196,0
DA:197,0
DA:198,0
DA:199,0
DA:200,0
DA:202,0
LF:77
LH:7
BRDA:31,0,0,0
BRDA:44,1,0,0
BRDA:44,1,1,0
BRDA:85,2,0,0
BRDA:85,3,0,0
BRDA:87,4,0,0
BRDA:87,4,1,0
BRDA:88,5,0,0
BRDA:88,5,1,0
BRDA:95,6,0,0
BRDA:95,6,1,0
BRDA:95,6,2,0
BRF:12
BRH:0
end_of_record
TN:
SF:src/core/utils/ObjectCRUDHelper.ts
FN:8,(anonymous_0)
FN:10,(anonymous_1)
FN:28,(anonymous_2)
FN:30,(anonymous_3)
FNF:4
FNH:2
FNDA:0,(anonymous_0)
FNDA:0,(anonymous_1)
FNDA:3,(anonymous_2)
FNDA:3,(anonymous_3)
DA:3,4
DA:5,4
DA:7,4
DA:9,0
DA:11,0
DA:12,0
DA:13,0
DA:16,0
DA:19,0
DA:20,0
DA:21,0
DA:22,0
DA:29,3
DA:31,3
DA:32,3
DA:33,1
LF:16
LH:7
BRDA:12,0,0,0
BRDA:12,0,1,0
BRDA:19,1,0,0
BRDA:19,1,1,0
BRDA:21,2,0,0
BRDA:21,2,1,0
BRDA:32,3,0,2
BRDA:32,3,1,1
BRF:8
BRH:2
end_of_record
TN:
SF:src/core/utils/VersionNumberConverter.ts
FN:6,convertBuildNumDotDelimToHyphen
FN:22,getIndexOfBuildNumDelimeter
FNF:2
FNH:2
FNDA:103,convertBuildNumDotDelimToHyphen
FNDA:103,getIndexOfBuildNumDelimeter
DA:6,2
DA:7,103
DA:9,103
DA:11,103
DA:14,103
DA:23,103
DA:24,103
DA:26,309
DA:29,103
DA:32,0
LF:10
LH:9
BRF:0
BRH:0
end_of_record
TN:
SF:src/core/utils/extractDomainFromUrl.ts
FN:6,extractDomainFromUrl
FNF:1
FNH:1
FNDA:7,extractDomainFromUrl
DA:6,1
DA:7,7
DA:8,4
DA:9,4
LF:4
LH:4
BRDA:7,0,0,3
BRDA:9,1,0,4
BRDA:9,1,1,3
BRF:3
BRH:3
end_of_record
TN:
SF:src/core/utils/xml2json.ts
FN:3,xml2json
FN:4,(anonymous_1)
FN:5,(anonymous_2)
FNF:3
FNH:3
FNDA:12,xml2json
FNDA:12,(anonymous_1)
FNDA:12,(anonymous_2)
DA:1,4
DA:3,4
DA:4,12
DA:5,12
DA:6,12
DA:7,12
LF:6
LH:6
BRDA:6,0,0,0
BRDA:6,0,1,12
BRF:2
BRH:1
end_of_record
TN:
SF:src/impl/changelog/CommitUpdater.ts
FN:6,(anonymous_0)
FN:18,(anonymous_1)
FN:30,(anonymous_2)
FNF:3
FNH:3
FNDA:4,(anonymous_0)
FNDA:4,(anonymous_1)
FNDA:76,(anonymous_2)
DA:5,1
DA:7,4
DA:8,4
DA:9,4
DA:10,4
DA:20,10
DA:25,10
DA:29,6
DA:30,76
DA:33,2
DA:38,2
DA:39,2
DA:40,2
DA:45,4
DA:48,0
DA:50,0
DA:53,4
LF:17
LH:15
BRF:0
BRH:0
end_of_record
TN:
SF:src/impl/changelog/OrgsUpdater.ts
FN:8,(anonymous_0)
FN:21,(anonymous_1)
FN:24,(anonymous_2)
FN:58,(anonymous_3)
FN:62,(anonymous_4)
FN:119,(anonymous_5)
FNF:6
FNH:6
FNDA:4,(anonymous_0)
FNDA:4,(anonymous_1)
FNDA:1,(anonymous_2)
FNDA:3,(anonymous_3)
FNDA:2,(anonymous_4)
FNDA:6,(anonymous_5)
DA:2,1
DA:4,1
DA:9,4
DA:10,4
DA:11,4
DA:12,4
DA:14,4
DA:17,2
DA:24,2
DA:27,1
DA:28,1
DA:29,1
DA:31,1
DA:40,0
DA:49,2
DA:58,3
DA:61,2
DA:62,2
DA:67,0
DA:68,0
DA:71,1
DA:75,1
DA:76,1
DA:79,1
DA:81,0
DA:85,1
DA:86,1
DA:89,2
DA:98,0
DA:104,0
DA:120,6
DA:121,6
LF:32
LH:26
BRF:0
BRH:0
end_of_record
TN:
SF:src/impl/changelog/WorkItemUpdater.ts
FN:6,(anonymous_6)
FN:11,(anonymous_7)
FNF:2
FNH:2
FNDA:1,(anonymous_6)
FNDA:1,(anonymous_7)
DA:1,1
DA:5,1
DA:6,1
DA:14,2
DA:15,2
DA:19,24
DA:20,24
DA:24,3
DA:25,3
DA:27,1
DA:38,3
LF:11
LH:11
BRF:0
BRH:0
end_of_record
TN:
SF:src/impl/dependency/ShrinkImpl.ts
FN:14,(anonymous_7)
FN:15,(anonymous_8)
FN:32,(anonymous_9)
FN:73,(anonymous_10)
FN:74,(anonymous_11)
FNF:5
FNH:5
FNDA:2,(anonymous_7)
FNDA:2,(anonymous_8)
FNDA:2,(anonymous_9)
FNDA:12,(anonymous_10)
FNDA:72,(anonymous_11)
DA:1,1
DA:2,1
DA:3,1
DA:4,1
DA:6,1
DA:7,1
DA:9,1
DA:14,2
DA:16,2
DA:18,2
DA:20,2
DA:24,2
DA:25,2
DA:27,2
DA:29,2
DA:33,2
DA:36,12
DA:41,12
DA:42,12
DA:45,22
DA:53,36
DA:55,24
DA:60,18
DA:68,12
DA:74,12
DA:76,10
LF:26
LH:26
BRF:0
BRH:0
end_of_record
TN:
SF:src/impl/parallelBuilder/BuildCollections.ts
FN:11,(anonymous_1)
FN:15,(anonymous_2)
FN:23,(anonymous_3)
FN:32,(anonymous_4)
FN:36,(anonymous_5)
FN:58,(anonymous_6)
FN:62,(anonymous_7)
FNF:7
FNH:5
FNDA:4,(anonymous_1)
FNDA:2,(anonymous_2)
FNDA:4,(anonymous_3)
FNDA:6,(anonymous_4)
FNDA:9,(anonymous_5)
FNDA:0,(anonymous_6)
FNDA:0,(anonymous_7)
DA:1,1
DA:2,1
DA:7,1
DA:12,4
DA:16,2
DA:24,4
DA:26,4
DA:29,7
DA:30,6
DA:32,6
DA:36,9
DA:37,2
DA:39,1
DA:44,5
DA:47,1
DA:59,0
DA:63,0
LF:17
LH:15
BRDA:29,0,0,6
BRDA:29,0,1,1
BRDA:30,1,0,6
BRDA:36,2,0,2
BRDA:36,2,1,1
BRDA:63,3,0,0
BRDA:63,3,1,0
BRF:7
BRH:5
end_of_record
TN:
SF:src/impl/parallelBuilder/UndirectedGraph.ts
FN:4,(anonymous_0)
FN:8,(anonymous_1)
FN:12,(anonymous_2)
FN:17,(anonymous_3)
FN:30,(anonymous_4)
FN:35,dfsHandler
FN:40,(anonymous_6)
FNF:7
FNH:7
FNDA:12,(anonymous_0)
FNDA:17,(anonymous_1)
FNDA:22,(anonymous_2)
FNDA:17,(anonymous_3)
FNDA:4,(anonymous_4)
FNDA:19,dfsHandler
FNDA:42,(anonymous_6)
DA:1,2
DA:5,12
DA:9,17
DA:13,22
DA:14,1
DA:18,17
DA:19,16
DA:20,14
DA:22,13
DA:23,13
DA:31,4
DA:32,4
DA:33,4
DA:35,4
DA:36,19
DA:37,19
DA:38,18
DA:39,18
DA:40,18
DA:42,15
DA:47,3
LF:21
LH:21
BRDA:13,0,0,21
BRDA:13,0,1,1
BRDA:18,1,0,1
BRDA:19,2,0,2
BRDA:20,3,0,1
BRDA:22,4,0,13
BRDA:23,5,0,13
BRDA:36,6,0,0
BRDA:37,7,0,1
BRF:9
BRH:8
end_of_record
TN:
SF:src/impl/release/ReleaseDefinition.ts
FN:12,(anonymous_1)
FN:16,(anonymous_2)
FN:28,(anonymous_3)
FN:48,(anonymous_4)
FN:54,(anonymous_5)
FN:68,(anonymous_6)
FNF:6
FNH:4
FNDA:0,(anonymous_1)
FNDA:5,(anonymous_2)
FNDA:5,(anonymous_3)
FNDA:0,(anonymous_4)
FNDA:5,(anonymous_5)
FNDA:6,(anonymous_6)
DA:2,1
DA:3,1
DA:4,1
DA:5,1
DA:6,1
DA:8,1
DA:9,1
DA:11,1
DA:14,0
DA:16,5
DA:17,5
DA:20,1
DA:21,1
DA:24,0
DA:33,0
DA:34,0
DA:35,0
DA:36,0
DA:38,5
DA:41,0
DA:44,5
DA:45,0
DA:50,0
DA:55,5
DA:60,5
DA:61,5
DA:65,4
DA:68,4
DA:69,6
DA:76,4
LF:30
LH:21
BRDA:20,0,0,1
BRDA:20,1,0,1
BRDA:20,1,1,1
BRF:3
BRH:3
end_of_record
TN:
SF:src/utils/Get18DigitSalesforceId.ts
FN:1,get18DigitSalesforceId
FNF:1
FNH:0
FNDA:0,get18DigitSalesforceId
DA:1,1
DA:3,0
DA:5,0
DA:6,0
DA:7,0
DA:8,0
DA:9,0
DA:10,0
DA:12,0
DA:14,0
DA:15,0
DA:17,0
LF:12
LH:1
BRDA:2,0,0,0
BRDA:2,0,1,0
BRDA:4,1,0,0
BRDA:4,1,1,0
BRDA:10,2,0,0
BRDA:10,3,0,0
BRDA:10,3,1,0
BRF:7
BRH:0
end_of_record
